Started by user Rizwan Rahman Renesa
Running as SYSTEM
Building in workspace /var/jenkins_home/workspace/ecommerce-application
The recommended git tool is: NONE
using credential 94112d91-9681-46bb-9239-b495c1a2cf93
 > git rev-parse --resolve-git-dir /var/jenkins_home/workspace/ecommerce-application/.git # timeout=10
Fetching changes from the remote Git repository
 > git config remote.origin.url https://github.com/rizwanr/nd035-c4-Security-and-DevOps.git # timeout=10
Fetching upstream changes from https://github.com/rizwanr/nd035-c4-Security-and-DevOps.git
 > git --version # timeout=10
 > git --version # 'git version 2.34.1'
using GIT_SSH to set credentials 
 > git fetch --tags --force --progress -- https://github.com/rizwanr/nd035-c4-Security-and-DevOps.git +refs/heads/*:refs/remotes/origin/* # timeout=10
Seen branch in repository origin/1.Auth
Seen branch in repository origin/2.UnitTestStarter
Seen branch in repository origin/3.UnitTestSolution
Seen branch in repository origin/authorization-jwt
Seen branch in repository origin/code-coverage
Seen branch in repository origin/logging
Seen branch in repository origin/master
Seen 7 remote branches
 > git show-ref --tags -d # timeout=10
Checking out Revision e55fd34c9169e2d73fa2f0c040d5af1bbd97f815 (origin/logging, origin/master)
 > git config core.sparsecheckout # timeout=10
 > git checkout -f e55fd34c9169e2d73fa2f0c040d5af1bbd97f815 # timeout=10
Commit message: "generated a bunch of logs in the app.log file"
 > git rev-list --no-walk e55fd34c9169e2d73fa2f0c040d5af1bbd97f815 # timeout=10
 > git rev-list --no-walk e55fd34c9169e2d73fa2f0c040d5af1bbd97f815 # timeout=10
[ecommerce-application] $ mvn -f starter_code/pom.xml package
[INFO] Scanning for projects...
[INFO] 
[INFO] ----------------------< com.example:auth-course >-----------------------
[INFO] Building auth-course 0.0.1-SNAPSHOT
[INFO] --------------------------------[ war ]---------------------------------
[INFO] 
[INFO] --- maven-resources-plugin:3.1.0:resources (default-resources) @ auth-course ---
[INFO] Using 'UTF-8' encoding to copy filtered resources.
[INFO] Copying 1 resource
[INFO] Copying 1 resource
[INFO] 
[INFO] --- maven-compiler-plugin:3.8.1:compile (default-compile) @ auth-course ---
[INFO] Nothing to compile - all classes are up to date
[INFO] 
[INFO] --- maven-resources-plugin:3.1.0:testResources (default-testResources) @ auth-course ---
[INFO] Using 'UTF-8' encoding to copy filtered resources.
[INFO] skip non existing resourceDirectory /var/jenkins_home/workspace/ecommerce-application/starter_code/src/test/resources
[INFO] 
[INFO] --- maven-compiler-plugin:3.8.1:testCompile (default-testCompile) @ auth-course ---
[INFO] Nothing to compile - all classes are up to date
[INFO] 
[INFO] --- maven-surefire-plugin:2.22.2:test (default-test) @ auth-course ---
[INFO] 
[INFO] -------------------------------------------------------
[INFO]  T E S T S
[INFO] -------------------------------------------------------
[INFO] Running com.example.demo.controllers.CartControllerTest
SLF4J: Class path contains multiple SLF4J bindings.
SLF4J: Found binding in [jar:file:/root/.m2/repository/ch/qos/logback/logback-classic/1.2.3/logback-classic-1.2.3.jar!/org/slf4j/impl/StaticLoggerBinder.class]
SLF4J: Found binding in [jar:file:/root/.m2/repository/org/slf4j/slf4j-log4j12/1.7.25/slf4j-log4j12-1.7.25.jar!/org/slf4j/impl/StaticLoggerBinder.class]
SLF4J: See http://www.slf4j.org/codes.html#multiple_bindings for an explanation.
SLF4J: Actual binding is of type [ch.qos.logback.classic.util.ContextSelectorStaticBinder]
11:40:16.832 [main] INFO com.example.demo.controllers.CartController - CREATE_CART_SUCCESS: Cart id: 0 added to  user test
11:40:16.843 [main] INFO com.example.demo.controllers.CartController - CREATE_CART_SUCCESS: Cart id: 0 removed to  user test
[INFO] Tests run: 3, Failures: 0, Errors: 0, Skipped: 0, Time elapsed: 1.664 s - in com.example.demo.controllers.CartControllerTest
[INFO] Running com.example.demo.controllers.ItemControllerTest
[INFO] Tests run: 3, Failures: 0, Errors: 0, Skipped: 0, Time elapsed: 0.007 s - in com.example.demo.controllers.ItemControllerTest
[INFO] Running com.example.demo.controllers.OrderControllerTest
11:40:17.056 [main] ERROR com.example.demo.controllers.OrderController - CREATE_ORDER_FAILURE: Did not find user with username, test.
11:40:17.060 [main] ERROR com.example.demo.controllers.OrderController - GET_ORDER_FAILURE:Did not find user with username, test.
11:40:17.069 [main] ERROR com.example.demo.controllers.OrderController - CREATE_ORDER_FAILURE: Did not find user with username, Rizwan.
11:40:17.069 [main] INFO com.example.demo.controllers.OrderController - GET_ORDER_SUCCESS:Found order history for user with username, Rizwan.
11:40:17.071 [main] INFO com.example.demo.controllers.OrderController - CREATE_ORDER_SUCCESS: Order with null has been created
11:40:17.073 [main] ERROR com.example.demo.controllers.OrderController - CREATE_ORDER_FAILURE: Did not find user with username, test.
[INFO] Tests run: 4, Failures: 0, Errors: 0, Skipped: 0, Time elapsed: 0.114 s - in com.example.demo.controllers.OrderControllerTest
[INFO] Running com.example.demo.controllers.UserControllerTest
11:40:17.148 [main] INFO com.example.demo.controllers.UserController - CREATE_USER_SUCCESS: Username with Rizwan has been created
11:40:17.156 [main] INFO com.example.demo.controllers.UserController - GET_USER_SUCCESS: Found user with username, Rizwan.
11:40:17.157 [main] INFO com.example.demo.controllers.UserController - CREATE_USER_SUCCESS: Username with Rizwan has been created
11:40:17.161 [main] INFO com.example.demo.controllers.UserController - CREATE_USER_SUCCESS: Username with Rizwan has been created
[INFO] Tests run: 3, Failures: 0, Errors: 0, Skipped: 0, Time elapsed: 0.078 s - in com.example.demo.controllers.UserControllerTest
[INFO] Running com.example.demo.SareetaApplicationTests
11:40:17.237 [main] DEBUG org.springframework.test.context.junit4.SpringJUnit4ClassRunner - SpringJUnit4ClassRunner constructor called with [class com.example.demo.SareetaApplicationTests]
11:40:17.241 [main] DEBUG org.springframework.test.context.BootstrapUtils - Instantiating CacheAwareContextLoaderDelegate from class [org.springframework.test.context.cache.DefaultCacheAwareContextLoaderDelegate]
11:40:17.259 [main] DEBUG org.springframework.test.context.BootstrapUtils - Instantiating BootstrapContext using constructor [public org.springframework.test.context.support.DefaultBootstrapContext(java.lang.Class,org.springframework.test.context.CacheAwareContextLoaderDelegate)]
11:40:17.297 [main] DEBUG org.springframework.test.context.BootstrapUtils - Instantiating TestContextBootstrapper for test class [com.example.demo.SareetaApplicationTests] from class [org.springframework.boot.test.context.SpringBootTestContextBootstrapper]
11:40:17.323 [main] INFO org.springframework.boot.test.context.SpringBootTestContextBootstrapper - Neither @ContextConfiguration nor @ContextHierarchy found for test class [com.example.demo.SareetaApplicationTests], using SpringBootContextLoader
11:40:17.334 [main] DEBUG org.springframework.test.context.support.AbstractContextLoader - Did not detect default resource location for test class [com.example.demo.SareetaApplicationTests]: class path resource [com/example/demo/SareetaApplicationTests-context.xml] does not exist
11:40:17.334 [main] DEBUG org.springframework.test.context.support.AbstractContextLoader - Did not detect default resource location for test class [com.example.demo.SareetaApplicationTests]: class path resource [com/example/demo/SareetaApplicationTestsContext.groovy] does not exist
11:40:17.335 [main] INFO org.springframework.test.context.support.AbstractContextLoader - Could not detect default resource locations for test class [com.example.demo.SareetaApplicationTests]: no resource found for suffixes {-context.xml, Context.groovy}.
11:40:17.336 [main] INFO org.springframework.test.context.support.AnnotationConfigContextLoaderUtils - Could not detect default configuration classes for test class [com.example.demo.SareetaApplicationTests]: SareetaApplicationTests does not declare any static, non-private, non-final, nested classes annotated with @Configuration.
11:40:17.450 [main] DEBUG org.springframework.test.context.support.ActiveProfilesUtils - Could not find an 'annotation declaring class' for annotation type [org.springframework.test.context.ActiveProfiles] and class [com.example.demo.SareetaApplicationTests]
11:40:17.622 [main] DEBUG org.springframework.context.annotation.ClassPathScanningCandidateComponentProvider - Identified candidate component class: file [/var/jenkins_home/workspace/ecommerce-application/starter_code/target/classes/com/example/demo/SareetaApplication.class]
11:40:17.624 [main] INFO org.springframework.boot.test.context.SpringBootTestContextBootstrapper - Found @SpringBootConfiguration com.example.demo.SareetaApplication for test class com.example.demo.SareetaApplicationTests
11:40:17.823 [main] DEBUG org.springframework.boot.test.context.SpringBootTestContextBootstrapper - @TestExecutionListeners is not present for class [com.example.demo.SareetaApplicationTests]: using defaults.
11:40:17.828 [main] INFO org.springframework.boot.test.context.SpringBootTestContextBootstrapper - Loaded default TestExecutionListener class names from location [META-INF/spring.factories]: [org.springframework.security.test.context.support.WithSecurityContextTestExecutionListener, org.springframework.security.test.context.support.ReactorContextTestExecutionListener, org.springframework.test.context.web.ServletTestExecutionListener, org.springframework.test.context.support.DirtiesContextBeforeModesTestExecutionListener, org.springframework.test.context.support.DependencyInjectionTestExecutionListener, org.springframework.test.context.support.DirtiesContextTestExecutionListener, org.springframework.test.context.transaction.TransactionalTestExecutionListener, org.springframework.test.context.jdbc.SqlScriptsTestExecutionListener, org.springframework.boot.test.mock.mockito.MockitoTestExecutionListener, org.springframework.boot.test.mock.mockito.ResetMocksTestExecutionListener, org.springframework.boot.test.autoconfigure.restdocs.RestDocsTestExecutionListener, org.springframework.boot.test.autoconfigure.web.client.MockRestServiceServerResetTestExecutionListener, org.springframework.boot.test.autoconfigure.web.servlet.MockMvcPrintOnlyOnFailureTestExecutionListener, org.springframework.boot.test.autoconfigure.web.servlet.WebDriverTestExecutionListener]
11:40:17.868 [main] INFO org.springframework.boot.test.context.SpringBootTestContextBootstrapper - Using TestExecutionListeners: [org.springframework.test.context.web.ServletTestExecutionListener@4912d525, org.springframework.test.context.support.DirtiesContextBeforeModesTestExecutionListener@2bfbffb2, org.springframework.boot.test.mock.mockito.MockitoTestExecutionListener@765df79d, org.springframework.boot.test.autoconfigure.SpringBootDependencyInjectionTestExecutionListener@151335cb, org.springframework.test.context.support.DirtiesContextTestExecutionListener@4a7761b1, org.springframework.test.context.transaction.TransactionalTestExecutionListener@3e850122, org.springframework.test.context.jdbc.SqlScriptsTestExecutionListener@27fde870, org.springframework.security.test.context.support.WithSecurityContextTestExecutionListener@2b4c3c29, org.springframework.security.test.context.support.ReactorContextTestExecutionListener@5ac7aa18, org.springframework.boot.test.mock.mockito.ResetMocksTestExecutionListener@4cdd2c73, org.springframework.boot.test.autoconfigure.restdocs.RestDocsTestExecutionListener@4abf3f0, org.springframework.boot.test.autoconfigure.web.client.MockRestServiceServerResetTestExecutionListener@4e4c3a38, org.springframework.boot.test.autoconfigure.web.servlet.MockMvcPrintOnlyOnFailureTestExecutionListener@293cde83, org.springframework.boot.test.autoconfigure.web.servlet.WebDriverTestExecutionListener@c27d163]
11:40:17.876 [main] DEBUG org.springframework.test.annotation.ProfileValueUtils - Retrieved @ProfileValueSourceConfiguration [null] for test class [com.example.demo.SareetaApplicationTests]
11:40:17.877 [main] DEBUG org.springframework.test.annotation.ProfileValueUtils - Retrieved ProfileValueSource type [class org.springframework.test.annotation.SystemProfileValueSource] for class [com.example.demo.SareetaApplicationTests]
11:40:17.877 [main] DEBUG org.springframework.test.annotation.ProfileValueUtils - Retrieved @ProfileValueSourceConfiguration [null] for test class [com.example.demo.SareetaApplicationTests]
11:40:17.878 [main] DEBUG org.springframework.test.annotation.ProfileValueUtils - Retrieved ProfileValueSource type [class org.springframework.test.annotation.SystemProfileValueSource] for class [com.example.demo.SareetaApplicationTests]
11:40:17.878 [main] DEBUG org.springframework.test.annotation.ProfileValueUtils - Retrieved @ProfileValueSourceConfiguration [null] for test class [com.example.demo.SareetaApplicationTests]
11:40:17.878 [main] DEBUG org.springframework.test.annotation.ProfileValueUtils - Retrieved ProfileValueSource type [class org.springframework.test.annotation.SystemProfileValueSource] for class [com.example.demo.SareetaApplicationTests]
11:40:17.889 [main] DEBUG org.springframework.test.context.support.AbstractDirtiesContextTestExecutionListener - Before test class: context [DefaultTestContext@782168b7 testClass = SareetaApplicationTests, testInstance = [null], testMethod = [null], testException = [null], mergedContextConfiguration = [WebMergedContextConfiguration@29f0c4f2 testClass = SareetaApplicationTests, locations = '{}', classes = '{class com.example.demo.SareetaApplication}', contextInitializerClasses = '[]', activeProfiles = '{}', propertySourceLocations = '{}', propertySourceProperties = '{org.springframework.boot.test.context.SpringBootTestContextBootstrapper=true}', contextCustomizers = set[org.springframework.boot.test.context.filter.ExcludeFilterContextCustomizer@5fa47fea, org.springframework.boot.test.json.DuplicateJsonObjectContextCustomizerFactory$DuplicateJsonObjectContextCustomizer@28f8e165, org.springframework.boot.test.mock.mockito.MockitoContextCustomizer@0, org.springframework.boot.test.web.client.TestRestTemplateContextCustomizer@678040b3, org.springframework.boot.test.autoconfigure.properties.PropertyMappingContextCustomizer@0, org.springframework.boot.test.autoconfigure.web.servlet.WebDriverContextCustomizerFactory$Customizer@1bf0f6f6], resourceBasePath = 'src/main/webapp', contextLoader = 'org.springframework.boot.test.context.SpringBootContextLoader', parent = [null]], attributes = map['org.springframework.test.context.web.ServletTestExecutionListener.activateListener' -> true]], class annotated with @DirtiesContext [false] with mode [null].
11:40:17.892 [main] DEBUG org.springframework.test.annotation.ProfileValueUtils - Retrieved @ProfileValueSourceConfiguration [null] for test class [com.example.demo.SareetaApplicationTests]
11:40:17.892 [main] DEBUG org.springframework.test.annotation.ProfileValueUtils - Retrieved ProfileValueSource type [class org.springframework.test.annotation.SystemProfileValueSource] for class [com.example.demo.SareetaApplicationTests]
11:40:17.934 [main] DEBUG org.springframework.test.context.support.TestPropertySourceUtils - Adding inlined properties to environment: {spring.jmx.enabled=false, org.springframework.boot.test.context.SpringBootTestContextBootstrapper=true, server.port=-1}

  .   ____          _            __ _ _
 /\\ / ___'_ __ _ _(_)_ __  __ _ \ \ \ \
( ( )\___ | '_ | '_| | '_ \/ _` | \ \ \ \
 \\/  ___)| |_)| | | | | || (_| |  ) ) ) )
  '  |____| .__|_| |_|_| |_\__, | / / / /
 =========|_|==============|___/=/_/_/_/
 :: Spring Boot ::        (v2.1.5.RELEASE)

2022-01-19 11:40:18.993  INFO 2702 --- [           main] c.example.demo.SareetaApplicationTests   : Starting SareetaApplicationTests on a13812d6424f with PID 2702 (started by root in /var/jenkins_home/workspace/ecommerce-application/starter_code)
2022-01-19 11:40:18.996  INFO 2702 --- [           main] c.example.demo.SareetaApplicationTests   : No active profile set, falling back to default profiles: default
2022-01-19 11:40:20.938  INFO 2702 --- [           main] .s.d.r.c.RepositoryConfigurationDelegate : Bootstrapping Spring Data repositories in DEFAULT mode.
2022-01-19 11:40:21.108  INFO 2702 --- [           main] .s.d.r.c.RepositoryConfigurationDelegate : Finished Spring Data repository scanning in 152ms. Found 4 repository interfaces.
2022-01-19 11:40:22.456  INFO 2702 --- [           main] trationDelegate$BeanPostProcessorChecker : Bean 'org.springframework.transaction.annotation.ProxyTransactionManagementConfiguration' of type [org.springframework.transaction.annotation.ProxyTransactionManagementConfiguration$$EnhancerBySpringCGLIB$$b36934ec] is not eligible for getting processed by all BeanPostProcessors (for example: not eligible for auto-proxying)
2022-01-19 11:40:23.029  INFO 2702 --- [           main] com.zaxxer.hikari.HikariDataSource       : HikariPool-1 - Starting...
2022-01-19 11:40:23.444  INFO 2702 --- [           main] com.zaxxer.hikari.HikariDataSource       : HikariPool-1 - Start completed.
2022-01-19 11:40:23.673  INFO 2702 --- [           main] o.hibernate.jpa.internal.util.LogHelper  : HHH000204: Processing PersistenceUnitInfo [
	name: default
	...]
2022-01-19 11:40:23.858  INFO 2702 --- [           main] org.hibernate.Version                    : HHH000412: Hibernate Core {5.3.10.Final}
2022-01-19 11:40:23.864  INFO 2702 --- [           main] org.hibernate.cfg.Environment            : HHH000206: hibernate.properties not found
2022-01-19 11:40:23.983  INFO 2702 --- [           main] o.hibernate.annotations.common.Version   : HCANN000001: Hibernate Commons Annotations {5.0.4.Final}
2022-01-19 11:40:24.341  INFO 2702 --- [           main] org.hibernate.dialect.Dialect            : HHH000400: Using dialect: org.hibernate.dialect.H2Dialect
2022-01-19 11:40:26.051  INFO 2702 --- [           main] j.LocalContainerEntityManagerFactoryBean : Initialized JPA EntityManagerFactory for persistence unit 'default'
2022-01-19 11:40:28.022  WARN 2702 --- [           main] aWebConfiguration$JpaWebMvcConfiguration : spring.jpa.open-in-view is enabled by default. Therefore, database queries may be performed during view rendering. Explicitly configure spring.jpa.open-in-view to disable this warning
2022-01-19 11:40:28.314  INFO 2702 --- [           main] o.s.s.web.DefaultSecurityFilterChain     : Creating filter chain: any request, [org.springframework.security.web.context.request.async.WebAsyncManagerIntegrationFilter@27107a97, org.springframework.security.web.context.SecurityContextPersistenceFilter@125a8ab6, org.springframework.security.web.header.HeaderWriterFilter@30ca66c5, org.springframework.web.filter.CorsFilter@eb1e868, org.springframework.security.web.authentication.logout.LogoutFilter@7be6dabb, com.example.demo.security.JWTAuthenticationFilter@71a7cf7c, com.example.demo.security.JWTAuthenticationVerficationFilter@7f49df25, org.springframework.security.web.savedrequest.RequestCacheAwareFilter@31f9f9b3, org.springframework.security.web.servletapi.SecurityContextHolderAwareRequestFilter@4ed19540, org.springframework.security.web.authentication.AnonymousAuthenticationFilter@5b29d699, org.springframework.security.web.session.SessionManagementFilter@38c1b1a7, org.springframework.security.web.access.ExceptionTranslationFilter@37ab1b10, org.springframework.security.web.access.intercept.FilterSecurityInterceptor@797ee1a9]
2022-01-19 11:40:29.562  INFO 2702 --- [           main] o.s.s.concurrent.ThreadPoolTaskExecutor  : Initializing ExecutorService 'applicationTaskExecutor'
2022-01-19 11:40:30.447  INFO 2702 --- [           main] c.example.demo.SareetaApplicationTests   : Started SareetaApplicationTests in 12.449 seconds (JVM running for 16.423)
[INFO] Tests run: 1, Failures: 0, Errors: 0, Skipped: 0, Time elapsed: 13.371 s - in com.example.demo.SareetaApplicationTests
2022-01-19 11:40:30.621  INFO 2702 --- [       Thread-2] o.s.s.concurrent.ThreadPoolTaskExecutor  : Shutting down ExecutorService 'applicationTaskExecutor'
2022-01-19 11:40:30.624  INFO 2702 --- [       Thread-2] j.LocalContainerEntityManagerFactoryBean : Closing JPA EntityManagerFactory for persistence unit 'default'
2022-01-19 11:40:30.643  INFO 2702 --- [       Thread-2] com.zaxxer.hikari.HikariDataSource       : HikariPool-1 - Shutdown initiated...
2022-01-19 11:40:30.651  INFO 2702 --- [       Thread-2] com.zaxxer.hikari.HikariDataSource       : HikariPool-1 - Shutdown completed.
[INFO] 
[INFO] Results:
[INFO] 
[INFO] Tests run: 14, Failures: 0, Errors: 0, Skipped: 0
[INFO] 
[INFO] 
[INFO] --- maven-war-plugin:3.2.2:war (default-war) @ auth-course ---
Downloading from central: https://repo.maven.apache.org/maven2/org/apache/maven/maven-archiver/3.2.0/maven-archiver-3.2.0.pom
Progress (1): 2.7/4.3 kBProgress (1): 4.3 kB                        Downloaded from central: https://repo.maven.apache.org/maven2/org/apache/maven/maven-archiver/3.2.0/maven-archiver-3.2.0.pom (4.3 kB at 6.2 kB/s)
Downloading from central: https://repo.maven.apache.org/maven2/org/apache/maven/shared/maven-shared-utils/3.2.0/maven-shared-utils-3.2.0.pom
Progress (1): 2.7/4.9 kBProgress (1): 4.9 kB                        Downloaded from central: https://repo.maven.apache.org/maven2/org/apache/maven/shared/maven-shared-utils/3.2.0/maven-shared-utils-3.2.0.pom (4.9 kB at 273 kB/s)
Downloading from central: https://repo.maven.apache.org/maven2/org/codehaus/plexus/plexus-archiver/3.5/plexus-archiver-3.5.pom
Progress (1): 2.7/4.8 kBProgress (1): 4.8 kB                        Downloaded from central: https://repo.maven.apache.org/maven2/org/codehaus/plexus/plexus-archiver/3.5/plexus-archiver-3.5.pom (4.8 kB at 240 kB/s)
Downloading from central: https://repo.maven.apache.org/maven2/org/codehaus/plexus/plexus/5.0/plexus-5.0.pom
Progress (1): 2.7/21 kBProgress (1): 5.5/21 kBProgress (1): 8.2/21 kBProgress (1): 11/21 kB Progress (1): 14/21 kBProgress (1): 16/21 kBProgress (1): 19/21 kBProgress (1): 21 kB                      Downloaded from central: https://repo.maven.apache.org/maven2/org/codehaus/plexus/plexus/5.0/plexus-5.0.pom (21 kB at 711 kB/s)
Downloading from central: https://repo.maven.apache.org/maven2/org/codehaus/plexus/plexus-io/3.0.0/plexus-io-3.0.0.pom
Progress (1): 2.7/4.5 kBProgress (1): 4.5 kB                        Downloaded from central: https://repo.maven.apache.org/maven2/org/codehaus/plexus/plexus-io/3.0.0/plexus-io-3.0.0.pom (4.5 kB at 284 kB/s)
Downloading from central: https://repo.maven.apache.org/maven2/org/apache/commons/commons-compress/1.14/commons-compress-1.14.pom
Progress (1): 2.7/13 kBProgress (1): 5.5/13 kBProgress (1): 8.2/13 kBProgress (1): 11/13 kB Progress (1): 13 kB                      Downloaded from central: https://repo.maven.apache.org/maven2/org/apache/commons/commons-compress/1.14/commons-compress-1.14.pom (13 kB at 626 kB/s)
Downloading from central: https://repo.maven.apache.org/maven2/org/iq80/snappy/snappy/0.4/snappy-0.4.pom
Progress (1): 2.7/15 kBProgress (1): 5.5/15 kBProgress (1): 9.6/15 kBProgress (1): 14/15 kB Progress (1): 15 kB                      Downloaded from central: https://repo.maven.apache.org/maven2/org/iq80/snappy/snappy/0.4/snappy-0.4.pom (15 kB at 765 kB/s)
Downloading from central: https://repo.maven.apache.org/maven2/org/tukaani/xz/1.6/xz-1.6.pom
Progress (1): 1.9 kB                    Downloaded from central: https://repo.maven.apache.org/maven2/org/tukaani/xz/1.6/xz-1.6.pom (1.9 kB at 146 kB/s)
Downloading from central: https://repo.maven.apache.org/maven2/org/codehaus/plexus/plexus-archiver/3.6.0/plexus-archiver-3.6.0.pom
Progress (1): 4.1/4.8 kBProgress (1): 4.8 kB                        Downloaded from central: https://repo.maven.apache.org/maven2/org/codehaus/plexus/plexus-archiver/3.6.0/plexus-archiver-3.6.0.pom (4.8 kB at 301 kB/s)
Downloading from central: https://repo.maven.apache.org/maven2/org/codehaus/plexus/plexus-io/3.0.1/plexus-io-3.0.1.pom
Progress (1): 4.1/4.5 kBProgress (1): 4.5 kB                        Downloaded from central: https://repo.maven.apache.org/maven2/org/codehaus/plexus/plexus-io/3.0.1/plexus-io-3.0.1.pom (4.5 kB at 325 kB/s)
Downloading from central: https://repo.maven.apache.org/maven2/commons-io/commons-io/2.6/commons-io-2.6.pom
Progress (1): 4.1/14 kBProgress (1): 8.2/14 kBProgress (1): 12/14 kB Progress (1): 14 kB                      Downloaded from central: https://repo.maven.apache.org/maven2/commons-io/commons-io/2.6/commons-io-2.6.pom (14 kB at 648 kB/s)
Downloading from central: https://repo.maven.apache.org/maven2/org/apache/commons/commons-compress/1.16.1/commons-compress-1.16.1.pom
Progress (1): 4.1/16 kBProgress (1): 8.2/16 kBProgress (1): 12/16 kB Progress (1): 16 kB                      Downloaded from central: https://repo.maven.apache.org/maven2/org/apache/commons/commons-compress/1.16.1/commons-compress-1.16.1.pom (16 kB at 745 kB/s)
Downloading from central: https://repo.maven.apache.org/maven2/org/apache/commons/commons-parent/43/commons-parent-43.pom
Progress (1): 4.1/70 kBProgress (1): 8.2/70 kBProgress (1): 12/70 kB Progress (1): 16/70 kBProgress (1): 20/70 kBProgress (1): 25/70 kBProgress (1): 29/70 kBProgress (1): 33/70 kBProgress (1): 37/70 kBProgress (1): 41/70 kBProgress (1): 45/70 kBProgress (1): 49/70 kBProgress (1): 53/70 kBProgress (1): 57/70 kBProgress (1): 61/70 kBProgress (1): 66/70 kBProgress (1): 70/70 kBProgress (1): 70 kB                      Downloaded from central: https://repo.maven.apache.org/maven2/org/apache/commons/commons-parent/43/commons-parent-43.pom (70 kB at 1.8 MB/s)
Downloading from central: https://repo.maven.apache.org/maven2/org/tukaani/xz/1.8/xz-1.8.pom
Progress (1): 1.9 kB                    Downloaded from central: https://repo.maven.apache.org/maven2/org/tukaani/xz/1.8/xz-1.8.pom (1.9 kB at 159 kB/s)
Downloading from central: https://repo.maven.apache.org/maven2/org/codehaus/plexus/plexus-interpolation/1.25/plexus-interpolation-1.25.pom
Progress (1): 2.6 kB                    Downloaded from central: https://repo.maven.apache.org/maven2/org/codehaus/plexus/plexus-interpolation/1.25/plexus-interpolation-1.25.pom (2.6 kB at 204 kB/s)
Downloading from central: https://repo.maven.apache.org/maven2/org/codehaus/plexus/plexus/5.1/plexus-5.1.pom
Progress (1): 4.1/23 kBProgress (1): 8.2/23 kBProgress (1): 12/23 kB Progress (1): 16/23 kBProgress (1): 20/23 kBProgress (1): 23 kB                      Downloaded from central: https://repo.maven.apache.org/maven2/org/codehaus/plexus/plexus/5.1/plexus-5.1.pom (23 kB at 900 kB/s)
Downloading from central: https://repo.maven.apache.org/maven2/com/thoughtworks/xstream/xstream/1.4.10/xstream-1.4.10.pom
Progress (1): 4.1/15 kBProgress (1): 8.2/15 kBProgress (1): 12/15 kB Progress (1): 15 kB                      Downloaded from central: https://repo.maven.apache.org/maven2/com/thoughtworks/xstream/xstream/1.4.10/xstream-1.4.10.pom (15 kB at 946 kB/s)
Downloading from central: https://repo.maven.apache.org/maven2/com/thoughtworks/xstream/xstream-parent/1.4.10/xstream-parent-1.4.10.pom
Progress (1): 4.1/35 kBProgress (1): 8.2/35 kBProgress (1): 12/35 kB Progress (1): 16/35 kBProgress (1): 20/35 kBProgress (1): 25/35 kBProgress (1): 29/35 kBProgress (1): 33/35 kBProgress (1): 35 kB                      Downloaded from central: https://repo.maven.apache.org/maven2/com/thoughtworks/xstream/xstream-parent/1.4.10/xstream-parent-1.4.10.pom (35 kB at 1.2 MB/s)
Downloading from central: https://repo.maven.apache.org/maven2/xmlpull/xmlpull/1.1.3.1/xmlpull-1.1.3.1.pom
Progress (1): 386 B                   Downloaded from central: https://repo.maven.apache.org/maven2/xmlpull/xmlpull/1.1.3.1/xmlpull-1.1.3.1.pom (386 B at 30 kB/s)
Downloading from central: https://repo.maven.apache.org/maven2/xpp3/xpp3_min/1.1.4c/xpp3_min-1.1.4c.pom
Progress (1): 1.6 kB                    Downloaded from central: https://repo.maven.apache.org/maven2/xpp3/xpp3_min/1.1.4c/xpp3_min-1.1.4c.pom (1.6 kB at 85 kB/s)
Downloading from central: https://repo.maven.apache.org/maven2/org/apache/maven/shared/maven-mapping/3.0.0/maven-mapping-3.0.0.pom
Progress (1): 4.1/4.1 kBProgress (1): 4.1 kB                        Downloaded from central: https://repo.maven.apache.org/maven2/org/apache/maven/shared/maven-mapping/3.0.0/maven-mapping-3.0.0.pom (4.1 kB at 376 kB/s)
Downloading from central: https://repo.maven.apache.org/maven2/org/apache/maven/shared/maven-shared-components/22/maven-shared-components-22.pom
Progress (1): 4.1/5.1 kBProgress (1): 5.1 kB                        Downloaded from central: https://repo.maven.apache.org/maven2/org/apache/maven/shared/maven-shared-components/22/maven-shared-components-22.pom (5.1 kB at 284 kB/s)
Downloading from central: https://repo.maven.apache.org/maven2/org/apache/maven/maven-parent/27/maven-parent-27.pom
Progress (1): 4.1/41 kBProgress (1): 8.2/41 kBProgress (1): 12/41 kB Progress (1): 16/41 kBProgress (1): 20/41 kBProgress (1): 25/41 kBProgress (1): 29/41 kBProgress (1): 33/41 kBProgress (1): 37/41 kBProgress (1): 41 kB                      Downloaded from central: https://repo.maven.apache.org/maven2/org/apache/maven/maven-parent/27/maven-parent-27.pom (41 kB at 1.7 MB/s)
Downloading from central: https://repo.maven.apache.org/maven2/org/apache/apache/17/apache-17.pom
Progress (1): 4.1/16 kBProgress (1): 8.2/16 kBProgress (1): 12/16 kB Progress (1): 16 kB                      Downloaded from central: https://repo.maven.apache.org/maven2/org/apache/apache/17/apache-17.pom (16 kB at 573 kB/s)
Downloading from central: https://repo.maven.apache.org/maven2/org/codehaus/plexus/plexus-interpolation/1.21/plexus-interpolation-1.21.pom
Progress (1): 1.5 kB                    Downloaded from central: https://repo.maven.apache.org/maven2/org/codehaus/plexus/plexus-interpolation/1.21/plexus-interpolation-1.21.pom (1.5 kB at 140 kB/s)
Downloading from central: https://repo.maven.apache.org/maven2/org/apache/maven/maven-archiver/3.2.0/maven-archiver-3.2.0.jar
Downloading from central: https://repo.maven.apache.org/maven2/org/apache/commons/commons-compress/1.16.1/commons-compress-1.16.1.jar
Downloading from central: https://repo.maven.apache.org/maven2/org/apache/maven/shared/maven-shared-utils/3.2.0/maven-shared-utils-3.2.0.jar
Downloading from central: https://repo.maven.apache.org/maven2/org/codehaus/plexus/plexus-io/3.0.1/plexus-io-3.0.1.jar
Downloading from central: https://repo.maven.apache.org/maven2/org/codehaus/plexus/plexus-archiver/3.6.0/plexus-archiver-3.6.0.jar
Progress (1): 4.1/165 kBProgress (1): 8.2/165 kBProgress (1): 12/165 kB Progress (1): 16/165 kBProgress (1): 20/165 kBProgress (1): 25/165 kBProgress (1): 29/165 kBProgress (1): 33/165 kBProgress (1): 37/165 kBProgress (1): 41/165 kBProgress (1): 45/165 kBProgress (1): 49/165 kBProgress (1): 53/165 kBProgress (1): 57/165 kBProgress (1): 61/165 kBProgress (1): 66/165 kBProgress (1): 70/165 kBProgress (1): 74/165 kBProgress (1): 78/165 kBProgress (2): 78/165 kB | 2.7/560 kBProgress (2): 78/165 kB | 5.5/560 kBProgress (2): 78/165 kB | 8.2/560 kBProgress (3): 78/165 kB | 8.2/560 kB | 2.7/74 kBProgress (3): 78/165 kB | 8.2/560 kB | 5.5/74 kBProgress (4): 78/165 kB | 8.2/560 kB | 5.5/74 kB | 2.7/191 kBProgress (4): 78/165 kB | 8.2/560 kB | 5.5/74 kB | 5.5/191 kBProgress (4): 78/165 kB | 8.2/560 kB | 5.5/74 kB | 8.2/191 kBProgress (5): 78/165 kB | 8.2/560 kB | 5.5/74 kB | 8.2/191 kB | 2.7/24 kBProgress (5): 78/165 kB | 8.2/560 kB | 5.5/74 kB | 8.2/191 kB | 5.5/24 kBProgress (5): 78/165 kB | 8.2/560 kB | 5.5/74 kB | 8.2/191 kB | 8.2/24 kBProgress (5): 78/165 kB | 8.2/560 kB | 5.5/74 kB | 8.2/191 kB | 11/24 kB Progress (5): 78/165 kB | 8.2/560 kB | 8.2/74 kB | 8.2/191 kB | 11/24 kBProgress (5): 78/165 kB | 8.2/560 kB | 11/74 kB | 8.2/191 kB | 11/24 kB Progress (5): 78/165 kB | 8.2/560 kB | 14/74 kB | 8.2/191 kB | 11/24 kBProgress (5): 82/165 kB | 8.2/560 kB | 14/74 kB | 8.2/191 kB | 11/24 kBProgress (5): 86/165 kB | 8.2/560 kB | 14/74 kB | 8.2/191 kB | 11/24 kBProgress (5): 90/165 kB | 8.2/560 kB | 14/74 kB | 8.2/191 kB | 11/24 kBProgress (5): 90/165 kB | 11/560 kB | 14/74 kB | 8.2/191 kB | 11/24 kB Progress (5): 90/165 kB | 14/560 kB | 14/74 kB | 8.2/191 kB | 11/24 kBProgress (5): 90/165 kB | 16/560 kB | 14/74 kB | 8.2/191 kB | 11/24 kBProgress (5): 90/165 kB | 19/560 kB | 14/74 kB | 8.2/191 kB | 11/24 kBProgress (5): 90/165 kB | 22/560 kB | 14/74 kB | 8.2/191 kB | 11/24 kBProgress (5): 90/165 kB | 25/560 kB | 14/74 kB | 8.2/191 kB | 11/24 kBProgress (5): 90/165 kB | 25/560 kB | 16/74 kB | 8.2/191 kB | 11/24 kBProgress (5): 90/165 kB | 25/560 kB | 19/74 kB | 8.2/191 kB | 11/24 kBProgress (5): 90/165 kB | 25/560 kB | 22/74 kB | 8.2/191 kB | 11/24 kBProgress (5): 90/165 kB | 25/560 kB | 22/74 kB | 8.2/191 kB | 14/24 kBProgress (5): 90/165 kB | 25/560 kB | 22/74 kB | 11/191 kB | 14/24 kB Progress (5): 90/165 kB | 25/560 kB | 22/74 kB | 14/191 kB | 14/24 kBProgress (5): 90/165 kB | 25/560 kB | 22/74 kB | 16/191 kB | 14/24 kBProgress (5): 90/165 kB | 25/560 kB | 22/74 kB | 19/191 kB | 14/24 kBProgress (5): 90/165 kB | 25/560 kB | 22/74 kB | 22/191 kB | 14/24 kBProgress (5): 94/165 kB | 25/560 kB | 22/74 kB | 22/191 kB | 14/24 kBProgress (5): 98/165 kB | 25/560 kB | 22/74 kB | 22/191 kB | 14/24 kBProgress (5): 102/165 kB | 25/560 kB | 22/74 kB | 22/191 kB | 14/24 kBProgress (5): 106/165 kB | 25/560 kB | 22/74 kB | 22/191 kB | 14/24 kBProgress (5): 111/165 kB | 25/560 kB | 22/74 kB | 22/191 kB | 14/24 kBProgress (5): 115/165 kB | 25/560 kB | 22/74 kB | 22/191 kB | 14/24 kBProgress (5): 119/165 kB | 25/560 kB | 22/74 kB | 22/191 kB | 14/24 kBProgress (5): 119/165 kB | 25/560 kB | 25/74 kB | 22/191 kB | 14/24 kBProgress (5): 119/165 kB | 25/560 kB | 25/74 kB | 22/191 kB | 16/24 kBProgress (5): 119/165 kB | 25/560 kB | 25/74 kB | 22/191 kB | 19/24 kBProgress (5): 119/165 kB | 25/560 kB | 25/74 kB | 22/191 kB | 22/24 kBProgress (5): 119/165 kB | 25/560 kB | 25/74 kB | 22/191 kB | 24 kB   Progress (5): 119/165 kB | 27/560 kB | 25/74 kB | 22/191 kB | 24 kBProgress (5): 119/165 kB | 30/560 kB | 25/74 kB | 22/191 kB | 24 kBProgress (5): 119/165 kB | 33/560 kB | 25/74 kB | 22/191 kB | 24 kBProgress (5): 119/165 kB | 33/560 kB | 25/74 kB | 25/191 kB | 24 kBProgress (5): 119/165 kB | 33/560 kB | 25/74 kB | 27/191 kB | 24 kBProgress (5): 119/165 kB | 33/560 kB | 25/74 kB | 30/191 kB | 24 kBProgress (5): 119/165 kB | 33/560 kB | 25/74 kB | 33/191 kB | 24 kBProgress (5): 119/165 kB | 33/560 kB | 27/74 kB | 33/191 kB | 24 kBProgress (5): 119/165 kB | 33/560 kB | 30/74 kB | 33/191 kB | 24 kBProgress (5): 119/165 kB | 33/560 kB | 33/74 kB | 33/191 kB | 24 kBProgress (5): 119/165 kB | 33/560 kB | 36/74 kB | 33/191 kB | 24 kBProgress (5): 119/165 kB | 33/560 kB | 38/74 kB | 33/191 kB | 24 kBProgress (5): 119/165 kB | 33/560 kB | 41/74 kB | 33/191 kB | 24 kBProgress (5): 119/165 kB | 33/560 kB | 41/74 kB | 36/191 kB | 24 kBProgress (5): 119/165 kB | 33/560 kB | 41/74 kB | 38/191 kB | 24 kBProgress (5): 119/165 kB | 33/560 kB | 41/74 kB | 41/191 kB | 24 kBProgress (5): 123/165 kB | 33/560 kB | 41/74 kB | 41/191 kB | 24 kBProgress (5): 127/165 kB | 33/560 kB | 41/74 kB | 41/191 kB | 24 kBProgress (5): 131/165 kB | 33/560 kB | 41/74 kB | 41/191 kB | 24 kBProgress (5): 135/165 kB | 33/560 kB | 41/74 kB | 41/191 kB | 24 kBProgress (5): 139/165 kB | 33/560 kB | 41/74 kB | 41/191 kB | 24 kB                                                                   Downloaded from central: https://repo.maven.apache.org/maven2/org/apache/maven/maven-archiver/3.2.0/maven-archiver-3.2.0.jar (24 kB at 177 kB/s)
Progress (4): 139/165 kB | 36/560 kB | 41/74 kB | 41/191 kBProgress (4): 139/165 kB | 38/560 kB | 41/74 kB | 41/191 kBProgress (4): 139/165 kB | 41/560 kB | 41/74 kB | 41/191 kBProgress (4): 139/165 kB | 44/560 kB | 41/74 kB | 41/191 kBProgress (4): 139/165 kB | 47/560 kB | 41/74 kB | 41/191 kBProgress (4): 139/165 kB | 49/560 kB | 41/74 kB | 41/191 kBProgress (4): 139/165 kB | 52/560 kB | 41/74 kB | 41/191 kBProgress (4): 139/165 kB | 55/560 kB | 41/74 kB | 41/191 kBProgress (4): 139/165 kB | 58/560 kB | 41/74 kB | 41/191 kBProgress (4): 139/165 kB | 58/560 kB | 44/74 kB | 41/191 kBProgress (4): 139/165 kB | 58/560 kB | 47/74 kB | 41/191 kBProgress (4): 139/165 kB | 58/560 kB | 49/74 kB | 41/191 kBProgress (4): 139/165 kB | 58/560 kB | 49/74 kB | 44/191 kBProgress (4): 139/165 kB | 58/560 kB | 49/74 kB | 47/191 kBProgress (4): 143/165 kB | 58/560 kB | 49/74 kB | 47/191 kB                                                           Downloading from central: https://repo.maven.apache.org/maven2/org/iq80/snappy/snappy/0.4/snappy-0.4.jar
Progress (4): 147/165 kB | 58/560 kB | 49/74 kB | 47/191 kBProgress (4): 147/165 kB | 58/560 kB | 49/74 kB | 49/191 kBProgress (4): 147/165 kB | 58/560 kB | 49/74 kB | 52/191 kBProgress (4): 147/165 kB | 58/560 kB | 49/74 kB | 55/191 kBProgress (4): 147/165 kB | 58/560 kB | 49/74 kB | 58/191 kBProgress (4): 147/165 kB | 58/560 kB | 49/74 kB | 60/191 kBProgress (4): 147/165 kB | 58/560 kB | 52/74 kB | 60/191 kBProgress (4): 147/165 kB | 58/560 kB | 55/74 kB | 60/191 kBProgress (4): 147/165 kB | 58/560 kB | 58/74 kB | 60/191 kBProgress (4): 152/165 kB | 58/560 kB | 58/74 kB | 60/191 kBProgress (4): 156/165 kB | 58/560 kB | 58/74 kB | 60/191 kBProgress (4): 160/165 kB | 58/560 kB | 58/74 kB | 60/191 kBProgress (5): 160/165 kB | 58/560 kB | 58/74 kB | 60/191 kB | 2.7/58 kBProgress (5): 160/165 kB | 58/560 kB | 58/74 kB | 60/191 kB | 5.5/58 kBProgress (5): 160/165 kB | 58/560 kB | 58/74 kB | 60/191 kB | 8.2/58 kBProgress (5): 160/165 kB | 58/560 kB | 58/74 kB | 60/191 kB | 11/58 kB Progress (5): 160/165 kB | 58/560 kB | 58/74 kB | 60/191 kB | 14/58 kBProgress (5): 160/165 kB | 58/560 kB | 58/74 kB | 60/191 kB | 16/58 kBProgress (5): 160/165 kB | 60/560 kB | 58/74 kB | 60/191 kB | 16/58 kBProgress (5): 160/165 kB | 63/560 kB | 58/74 kB | 60/191 kB | 16/58 kBProgress (5): 160/165 kB | 66/560 kB | 58/74 kB | 60/191 kB | 16/58 kBProgress (5): 160/165 kB | 70/560 kB | 58/74 kB | 60/191 kB | 16/58 kBProgress (5): 160/165 kB | 70/560 kB | 58/74 kB | 63/191 kB | 16/58 kBProgress (5): 160/165 kB | 70/560 kB | 58/74 kB | 66/191 kB | 16/58 kBProgress (5): 160/165 kB | 70/560 kB | 60/74 kB | 66/191 kB | 16/58 kBProgress (5): 160/165 kB | 70/560 kB | 63/74 kB | 66/191 kB | 16/58 kBProgress (5): 164/165 kB | 70/560 kB | 63/74 kB | 66/191 kB | 16/58 kBProgress (5): 165 kB | 70/560 kB | 63/74 kB | 66/191 kB | 16/58 kB    Progress (5): 165 kB | 70/560 kB | 66/74 kB | 66/191 kB | 16/58 kBProgress (5): 165 kB | 70/560 kB | 70/74 kB | 66/191 kB | 16/58 kBProgress (5): 165 kB | 70/560 kB | 74/74 kB | 66/191 kB | 16/58 kBProgress (5): 165 kB | 70/560 kB | 74/74 kB | 66/191 kB | 19/58 kBProgress (5): 165 kB | 70/560 kB | 74/74 kB | 66/191 kB | 22/58 kBProgress (5): 165 kB | 70/560 kB | 74/74 kB | 66/191 kB | 25/58 kBProgress (5): 165 kB | 70/560 kB | 74/74 kB | 66/191 kB | 27/58 kBProgress (5): 165 kB | 70/560 kB | 74/74 kB | 66/191 kB | 30/58 kBProgress (5): 165 kB | 74/560 kB | 74/74 kB | 66/191 kB | 30/58 kBProgress (5): 165 kB | 78/560 kB | 74/74 kB | 66/191 kB | 30/58 kBProgress (5): 165 kB | 82/560 kB | 74/74 kB | 66/191 kB | 30/58 kBProgress (5): 165 kB | 86/560 kB | 74/74 kB | 66/191 kB | 30/58 kBProgress (5): 165 kB | 86/560 kB | 74/74 kB | 70/191 kB | 30/58 kBProgress (5): 165 kB | 86/560 kB | 74/74 kB | 74/191 kB | 30/58 kBProgress (5): 165 kB | 86/560 kB | 74/74 kB | 78/191 kB | 30/58 kBProgress (5): 165 kB | 86/560 kB | 74/74 kB | 82/191 kB | 30/58 kBProgress (5): 165 kB | 86/560 kB | 74/74 kB | 86/191 kB | 30/58 kBProgress (5): 165 kB | 86/560 kB | 74/74 kB | 90/191 kB | 30/58 kBProgress (5): 165 kB | 86/560 kB | 74/74 kB | 94/191 kB | 30/58 kBProgress (5): 165 kB | 86/560 kB | 74/74 kB | 99/191 kB | 30/58 kBProgress (5): 165 kB | 86/560 kB | 74/74 kB | 99/191 kB | 33/58 kBProgress (5): 165 kB | 86/560 kB | 74 kB | 99/191 kB | 33/58 kB                                                                  Downloaded from central: https://repo.maven.apache.org/maven2/org/apache/maven/shared/maven-shared-utils/3.2.0/maven-shared-utils-3.2.0.jar (165 kB at 967 kB/s)
Downloading from central: https://repo.maven.apache.org/maven2/org/tukaani/xz/1.8/xz-1.8.jar
Progress (4): 90/560 kB | 74 kB | 99/191 kB | 33/58 kBProgress (4): 94/560 kB | 74 kB | 99/191 kB | 33/58 kBProgress (4): 99/560 kB | 74 kB | 99/191 kB | 33/58 kB                                                      Downloaded from central: https://repo.maven.apache.org/maven2/org/codehaus/plexus/plexus-io/3.0.1/plexus-io-3.0.1.jar (74 kB at 421 kB/s)
Progress (3): 99/560 kB | 99/191 kB | 36/58 kBProgress (3): 99/560 kB | 99/191 kB | 38/58 kBProgress (3): 99/560 kB | 99/191 kB | 41/58 kBProgress (3): 99/560 kB | 99/191 kB | 45/58 kB                                              Downloading from central: https://repo.maven.apache.org/maven2/org/codehaus/plexus/plexus-interpolation/1.25/plexus-interpolation-1.25.jar
Progress (4): 99/560 kB | 99/191 kB | 45/58 kB | 4.1/109 kBProgress (4): 99/560 kB | 99/191 kB | 45/58 kB | 8.2/109 kBProgress (4): 99/560 kB | 99/191 kB | 45/58 kB | 12/109 kB Progress (4): 99/560 kB | 99/191 kB | 45/58 kB | 16/109 kBProgress (4): 99/560 kB | 99/191 kB | 45/58 kB | 20/109 kBProgress (4): 99/560 kB | 99/191 kB | 45/58 kB | 25/109 kBProgress (4): 99/560 kB | 99/191 kB | 45/58 kB | 29/109 kBProgress (4): 99/560 kB | 99/191 kB | 45/58 kB | 33/109 kBProgress (4): 99/560 kB | 103/191 kB | 45/58 kB | 33/109 kBProgress (4): 99/560 kB | 107/191 kB | 45/58 kB | 33/109 kBProgress (4): 99/560 kB | 111/191 kB | 45/58 kB | 33/109 kBProgress (4): 103/560 kB | 111/191 kB | 45/58 kB | 33/109 kBProgress (4): 107/560 kB | 111/191 kB | 45/58 kB | 33/109 kBProgress (4): 111/560 kB | 111/191 kB | 45/58 kB | 33/109 kBProgress (4): 115/560 kB | 111/191 kB | 45/58 kB | 33/109 kBProgress (4): 119/560 kB | 111/191 kB | 45/58 kB | 33/109 kBProgress (4): 123/560 kB | 111/191 kB | 45/58 kB | 33/109 kBProgress (4): 127/560 kB | 111/191 kB | 45/58 kB | 33/109 kBProgress (4): 131/560 kB | 111/191 kB | 45/58 kB | 33/109 kBProgress (4): 131/560 kB | 111/191 kB | 49/58 kB | 33/109 kBProgress (4): 131/560 kB | 111/191 kB | 53/58 kB | 33/109 kBProgress (4): 131/560 kB | 111/191 kB | 58/58 kB | 33/109 kBProgress (4): 131/560 kB | 111/191 kB | 58 kB | 33/109 kB   Progress (5): 131/560 kB | 111/191 kB | 58 kB | 33/109 kB | 4.1/85 kBProgress (5): 131/560 kB | 111/191 kB | 58 kB | 33/109 kB | 8.2/85 kBProgress (5): 131/560 kB | 111/191 kB | 58 kB | 33/109 kB | 12/85 kB Progress (5): 131/560 kB | 111/191 kB | 58 kB | 33/109 kB | 16/85 kBProgress (5): 131/560 kB | 111/191 kB | 58 kB | 37/109 kB | 16/85 kBProgress (5): 131/560 kB | 115/191 kB | 58 kB | 37/109 kB | 16/85 kBProgress (5): 131/560 kB | 119/191 kB | 58 kB | 37/109 kB | 16/85 kBProgress (5): 131/560 kB | 123/191 kB | 58 kB | 37/109 kB | 16/85 kBProgress (5): 131/560 kB | 127/191 kB | 58 kB | 37/109 kB | 16/85 kBProgress (5): 131/560 kB | 131/191 kB | 58 kB | 37/109 kB | 16/85 kBProgress (5): 131/560 kB | 135/191 kB | 58 kB | 37/109 kB | 16/85 kBProgress (5): 131/560 kB | 140/191 kB | 58 kB | 37/109 kB | 16/85 kBProgress (5): 131/560 kB | 144/191 kB | 58 kB | 37/109 kB | 16/85 kBProgress (5): 131/560 kB | 148/191 kB | 58 kB | 37/109 kB | 16/85 kB                                                                    Downloaded from central: https://repo.maven.apache.org/maven2/org/iq80/snappy/snappy/0.4/snappy-0.4.jar (58 kB at 281 kB/s)
Progress (4): 135/560 kB | 148/191 kB | 37/109 kB | 16/85 kBProgress (4): 140/560 kB | 148/191 kB | 37/109 kB | 16/85 kBProgress (4): 144/560 kB | 148/191 kB | 37/109 kB | 16/85 kBProgress (4): 148/560 kB | 148/191 kB | 37/109 kB | 16/85 kBProgress (4): 152/560 kB | 148/191 kB | 37/109 kB | 16/85 kBProgress (4): 152/560 kB | 148/191 kB | 37/109 kB | 20/85 kBProgress (4): 152/560 kB | 148/191 kB | 37/109 kB | 25/85 kBProgress (4): 152/560 kB | 148/191 kB | 37/109 kB | 29/85 kBProgress (4): 152/560 kB | 148/191 kB | 41/109 kB | 29/85 kBProgress (4): 152/560 kB | 148/191 kB | 45/109 kB | 29/85 kBProgress (4): 152/560 kB | 148/191 kB | 49/109 kB | 29/85 kBProgress (4): 152/560 kB | 148/191 kB | 53/109 kB | 29/85 kBProgress (4): 152/560 kB | 148/191 kB | 57/109 kB | 29/85 kBProgress (4): 152/560 kB | 148/191 kB | 61/109 kB | 29/85 kBProgress (4): 152/560 kB | 148/191 kB | 66/109 kB | 29/85 kBProgress (4): 152/560 kB | 148/191 kB | 70/109 kB | 29/85 kBProgress (4): 152/560 kB | 148/191 kB | 74/109 kB | 29/85 kBProgress (4): 152/560 kB | 148/191 kB | 78/109 kB | 29/85 kBProgress (4): 152/560 kB | 148/191 kB | 82/109 kB | 29/85 kBProgress (4): 152/560 kB | 148/191 kB | 86/109 kB | 29/85 kBProgress (4): 152/560 kB | 152/191 kB | 86/109 kB | 29/85 kB                                                            Downloading from central: https://repo.maven.apache.org/maven2/com/thoughtworks/xstream/xstream/1.4.10/xstream-1.4.10.jar
Progress (4): 156/560 kB | 152/191 kB | 86/109 kB | 29/85 kBProgress (4): 160/560 kB | 152/191 kB | 86/109 kB | 29/85 kBProgress (4): 164/560 kB | 152/191 kB | 86/109 kB | 29/85 kBProgress (4): 168/560 kB | 152/191 kB | 86/109 kB | 29/85 kBProgress (4): 172/560 kB | 152/191 kB | 86/109 kB | 29/85 kBProgress (4): 176/560 kB | 152/191 kB | 86/109 kB | 29/85 kBProgress (4): 180/560 kB | 152/191 kB | 86/109 kB | 29/85 kBProgress (4): 185/560 kB | 152/191 kB | 86/109 kB | 29/85 kBProgress (4): 189/560 kB | 152/191 kB | 86/109 kB | 29/85 kBProgress (4): 189/560 kB | 152/191 kB | 86/109 kB | 33/85 kBProgress (4): 189/560 kB | 152/191 kB | 86/109 kB | 37/85 kBProgress (4): 189/560 kB | 152/191 kB | 86/109 kB | 41/85 kBProgress (4): 189/560 kB | 152/191 kB | 86/109 kB | 45/85 kBProgress (4): 189/560 kB | 152/191 kB | 86/109 kB | 49/85 kBProgress (4): 189/560 kB | 152/191 kB | 86/109 kB | 53/85 kBProgress (4): 189/560 kB | 152/191 kB | 86/109 kB | 57/85 kBProgress (4): 189/560 kB | 152/191 kB | 86/109 kB | 61/85 kBProgress (4): 189/560 kB | 152/191 kB | 86/109 kB | 66/85 kBProgress (4): 189/560 kB | 152/191 kB | 86/109 kB | 70/85 kBProgress (5): 189/560 kB | 152/191 kB | 86/109 kB | 70/85 kB | 4.1/590 kBProgress (5): 189/560 kB | 152/191 kB | 86/109 kB | 70/85 kB | 8.2/590 kBProgress (5): 189/560 kB | 152/191 kB | 86/109 kB | 70/85 kB | 12/590 kB Progress (5): 189/560 kB | 156/191 kB | 86/109 kB | 70/85 kB | 12/590 kBProgress (5): 189/560 kB | 160/191 kB | 86/109 kB | 70/85 kB | 12/590 kBProgress (5): 189/560 kB | 164/191 kB | 86/109 kB | 70/85 kB | 12/590 kBProgress (5): 189/560 kB | 168/191 kB | 86/109 kB | 70/85 kB | 12/590 kBProgress (5): 189/560 kB | 172/191 kB | 86/109 kB | 70/85 kB | 12/590 kBProgress (5): 189/560 kB | 176/191 kB | 86/109 kB | 70/85 kB | 12/590 kBProgress (5): 189/560 kB | 176/191 kB | 86/109 kB | 70/85 kB | 16/590 kBProgress (5): 189/560 kB | 176/191 kB | 86/109 kB | 70/85 kB | 20/590 kBProgress (5): 189/560 kB | 176/191 kB | 86/109 kB | 70/85 kB | 25/590 kBProgress (5): 189/560 kB | 176/191 kB | 86/109 kB | 70/85 kB | 29/590 kBProgress (5): 189/560 kB | 176/191 kB | 86/109 kB | 70/85 kB | 33/590 kBProgress (5): 189/560 kB | 176/191 kB | 90/109 kB | 70/85 kB | 33/590 kBProgress (5): 189/560 kB | 176/191 kB | 94/109 kB | 70/85 kB | 33/590 kBProgress (5): 189/560 kB | 176/191 kB | 98/109 kB | 70/85 kB | 33/590 kBProgress (5): 189/560 kB | 176/191 kB | 102/109 kB | 70/85 kB | 33/590 kBProgress (5): 189/560 kB | 176/191 kB | 106/109 kB | 70/85 kB | 33/590 kBProgress (5): 189/560 kB | 180/191 kB | 106/109 kB | 70/85 kB | 33/590 kBProgress (5): 193/560 kB | 180/191 kB | 106/109 kB | 70/85 kB | 33/590 kBProgress (5): 197/560 kB | 180/191 kB | 106/109 kB | 70/85 kB | 33/590 kBProgress (5): 201/560 kB | 180/191 kB | 106/109 kB | 70/85 kB | 33/590 kBProgress (5): 205/560 kB | 180/191 kB | 106/109 kB | 70/85 kB | 33/590 kBProgress (5): 205/560 kB | 185/191 kB | 106/109 kB | 70/85 kB | 33/590 kBProgress (5): 205/560 kB | 189/191 kB | 106/109 kB | 70/85 kB | 33/590 kBProgress (5): 205/560 kB | 191 kB | 106/109 kB | 70/85 kB | 33/590 kB    Progress (5): 205/560 kB | 191 kB | 106/109 kB | 74/85 kB | 33/590 kBProgress (5): 205/560 kB | 191 kB | 106/109 kB | 78/85 kB | 33/590 kBProgress (5): 205/560 kB | 191 kB | 106/109 kB | 82/85 kB | 33/590 kBProgress (5): 205/560 kB | 191 kB | 106/109 kB | 85 kB | 33/590 kB   Progress (5): 205/560 kB | 191 kB | 106/109 kB | 85 kB | 37/590 kBProgress (5): 205/560 kB | 191 kB | 106/109 kB | 85 kB | 41/590 kBProgress (5): 205/560 kB | 191 kB | 106/109 kB | 85 kB | 45/590 kBProgress (5): 205/560 kB | 191 kB | 106/109 kB | 85 kB | 49/590 kBProgress (5): 205/560 kB | 191 kB | 106/109 kB | 85 kB | 53/590 kBProgress (5): 209/560 kB | 191 kB | 106/109 kB | 85 kB | 53/590 kBProgress (5): 213/560 kB | 191 kB | 106/109 kB | 85 kB | 53/590 kBProgress (5): 213/560 kB | 191 kB | 109 kB | 85 kB | 53/590 kB                                                                  Downloaded from central: https://repo.maven.apache.org/maven2/org/codehaus/plexus/plexus-interpolation/1.25/plexus-interpolation-1.25.jar (85 kB at 341 kB/s)
Downloaded from central: https://repo.maven.apache.org/maven2/org/codehaus/plexus/plexus-archiver/3.6.0/plexus-archiver-3.6.0.jar (191 kB at 750 kB/s)
Downloading from central: https://repo.maven.apache.org/maven2/xmlpull/xmlpull/1.1.3.1/xmlpull-1.1.3.1.jar
Progress (3): 213/560 kB | 109 kB | 57/590 kBProgress (3): 213/560 kB | 109 kB | 61/590 kBProgress (3): 213/560 kB | 109 kB | 66/590 kBProgress (3): 217/560 kB | 109 kB | 66/590 kBProgress (3): 221/560 kB | 109 kB | 66/590 kBProgress (3): 226/560 kB | 109 kB | 66/590 kBProgress (3): 230/560 kB | 109 kB | 66/590 kB                                             Downloaded from central: https://repo.maven.apache.org/maven2/org/tukaani/xz/1.8/xz-1.8.jar (109 kB at 427 kB/s)
Downloading from central: https://repo.maven.apache.org/maven2/org/apache/maven/shared/maven-mapping/3.0.0/maven-mapping-3.0.0.jar
Downloading from central: https://repo.maven.apache.org/maven2/xpp3/xpp3_min/1.1.4c/xpp3_min-1.1.4c.jar
Progress (3): 230/560 kB | 66/590 kB | 4.1/7.2 kBProgress (3): 230/560 kB | 66/590 kB | 7.2 kB    Progress (4): 230/560 kB | 66/590 kB | 7.2 kB | 4.1/11 kBProgress (4): 230/560 kB | 66/590 kB | 7.2 kB | 8.2/11 kBProgress (4): 230/560 kB | 66/590 kB | 7.2 kB | 11 kB    Progress (4): 234/560 kB | 66/590 kB | 7.2 kB | 11 kBProgress (4): 238/560 kB | 66/590 kB | 7.2 kB | 11 kBProgress (4): 242/560 kB | 66/590 kB | 7.2 kB | 11 kBProgress (4): 246/560 kB | 66/590 kB | 7.2 kB | 11 kBProgress (5): 246/560 kB | 66/590 kB | 7.2 kB | 11 kB | 4.1/25 kBProgress (5): 246/560 kB | 66/590 kB | 7.2 kB | 11 kB | 8.2/25 kBProgress (5): 246/560 kB | 66/590 kB | 7.2 kB | 11 kB | 12/25 kB Progress (5): 246/560 kB | 70/590 kB | 7.2 kB | 11 kB | 12/25 kBProgress (5): 246/560 kB | 74/590 kB | 7.2 kB | 11 kB | 12/25 kBProgress (5): 246/560 kB | 78/590 kB | 7.2 kB | 11 kB | 12/25 kBProgress (5): 246/560 kB | 82/590 kB | 7.2 kB | 11 kB | 12/25 kBProgress (5): 246/560 kB | 86/590 kB | 7.2 kB | 11 kB | 12/25 kBProgress (5): 246/560 kB | 90/590 kB | 7.2 kB | 11 kB | 12/25 kBProgress (5): 246/560 kB | 94/590 kB | 7.2 kB | 11 kB | 12/25 kBProgress (5): 246/560 kB | 98/590 kB | 7.2 kB | 11 kB | 12/25 kB                                                                Downloaded from central: https://repo.maven.apache.org/maven2/xmlpull/xmlpull/1.1.3.1/xmlpull-1.1.3.1.jar (7.2 kB at 26 kB/s)
Progress (4): 250/560 kB | 98/590 kB | 11 kB | 12/25 kBProgress (4): 254/560 kB | 98/590 kB | 11 kB | 12/25 kBProgress (4): 258/560 kB | 98/590 kB | 11 kB | 12/25 kBProgress (4): 262/560 kB | 98/590 kB | 11 kB | 12/25 kBProgress (4): 262/560 kB | 98/590 kB | 11 kB | 16/25 kBProgress (4): 262/560 kB | 98/590 kB | 11 kB | 20/25 kBProgress (4): 262/560 kB | 98/590 kB | 11 kB | 25/25 kBProgress (4): 262/560 kB | 98/590 kB | 11 kB | 25 kB   Progress (4): 262/560 kB | 102/590 kB | 11 kB | 25 kBProgress (4): 262/560 kB | 106/590 kB | 11 kB | 25 kBProgress (4): 262/560 kB | 111/590 kB | 11 kB | 25 kBProgress (4): 267/560 kB | 111/590 kB | 11 kB | 25 kBProgress (4): 271/560 kB | 111/590 kB | 11 kB | 25 kBProgress (4): 275/560 kB | 111/590 kB | 11 kB | 25 kBProgress (4): 279/560 kB | 111/590 kB | 11 kB | 25 kBProgress (4): 283/560 kB | 111/590 kB | 11 kB | 25 kBProgress (4): 287/560 kB | 111/590 kB | 11 kB | 25 kBProgress (4): 291/560 kB | 111/590 kB | 11 kB | 25 kBProgress (4): 295/560 kB | 111/590 kB | 11 kB | 25 kBProgress (4): 299/560 kB | 111/590 kB | 11 kB | 25 kBProgress (4): 303/560 kB | 111/590 kB | 11 kB | 25 kBProgress (4): 307/560 kB | 111/590 kB | 11 kB | 25 kBProgress (4): 312/560 kB | 111/590 kB | 11 kB | 25 kBProgress (4): 316/560 kB | 111/590 kB | 11 kB | 25 kBProgress (4): 320/560 kB | 111/590 kB | 11 kB | 25 kB                                                     Downloaded from central: https://repo.maven.apache.org/maven2/org/apache/maven/shared/maven-mapping/3.0.0/maven-mapping-3.0.0.jar (11 kB at 36 kB/s)
Progress (3): 320/560 kB | 115/590 kB | 25 kBProgress (3): 320/560 kB | 119/590 kB | 25 kBProgress (3): 320/560 kB | 123/590 kB | 25 kBProgress (3): 320/560 kB | 127/590 kB | 25 kBProgress (3): 320/560 kB | 131/590 kB | 25 kBProgress (3): 320/560 kB | 135/590 kB | 25 kBProgress (3): 320/560 kB | 139/590 kB | 25 kBProgress (3): 320/560 kB | 143/590 kB | 25 kBProgress (3): 320/560 kB | 147/590 kB | 25 kBProgress (3): 320/560 kB | 152/590 kB | 25 kBProgress (3): 320/560 kB | 156/590 kB | 25 kBProgress (3): 320/560 kB | 160/590 kB | 25 kBProgress (3): 320/560 kB | 164/590 kB | 25 kB                                             Downloaded from central: https://repo.maven.apache.org/maven2/xpp3/xpp3_min/1.1.4c/xpp3_min-1.1.4c.jar (25 kB at 83 kB/s)
Progress (2): 324/560 kB | 164/590 kBProgress (2): 328/560 kB | 164/590 kBProgress (2): 332/560 kB | 164/590 kBProgress (2): 336/560 kB | 164/590 kBProgress (2): 340/560 kB | 164/590 kBProgress (2): 340/560 kB | 168/590 kBProgress (2): 340/560 kB | 172/590 kBProgress (2): 340/560 kB | 176/590 kBProgress (2): 340/560 kB | 180/590 kBProgress (2): 340/560 kB | 184/590 kBProgress (2): 340/560 kB | 188/590 kBProgress (2): 340/560 kB | 193/590 kBProgress (2): 340/560 kB | 197/590 kBProgress (2): 340/560 kB | 201/590 kBProgress (2): 340/560 kB | 205/590 kBProgress (2): 344/560 kB | 205/590 kBProgress (2): 348/560 kB | 205/590 kBProgress (2): 353/560 kB | 205/590 kBProgress (2): 357/560 kB | 205/590 kBProgress (2): 361/560 kB | 205/590 kBProgress (2): 365/560 kB | 205/590 kBProgress (2): 369/560 kB | 205/590 kBProgress (2): 373/560 kB | 205/590 kBProgress (2): 377/560 kB | 205/590 kBProgress (2): 381/560 kB | 205/590 kBProgress (2): 381/560 kB | 209/590 kBProgress (2): 381/560 kB | 213/590 kBProgress (2): 381/560 kB | 217/590 kBProgress (2): 381/560 kB | 221/590 kBProgress (2): 381/560 kB | 225/590 kBProgress (2): 381/560 kB | 229/590 kBProgress (2): 381/560 kB | 233/590 kBProgress (2): 381/560 kB | 238/590 kBProgress (2): 381/560 kB | 242/590 kBProgress (2): 381/560 kB | 246/590 kBProgress (2): 385/560 kB | 246/590 kBProgress (2): 389/560 kB | 246/590 kBProgress (2): 393/560 kB | 246/590 kBProgress (2): 398/560 kB | 246/590 kBProgress (2): 402/560 kB | 246/590 kBProgress (2): 406/560 kB | 246/590 kBProgress (2): 410/560 kB | 246/590 kBProgress (2): 414/560 kB | 246/590 kBProgress (2): 418/560 kB | 246/590 kBProgress (2): 418/560 kB | 250/590 kBProgress (2): 418/560 kB | 254/590 kBProgress (2): 418/560 kB | 258/590 kBProgress (2): 418/560 kB | 262/590 kBProgress (2): 418/560 kB | 266/590 kBProgress (2): 418/560 kB | 270/590 kBProgress (2): 418/560 kB | 274/590 kBProgress (2): 418/560 kB | 279/590 kBProgress (2): 418/560 kB | 283/590 kBProgress (2): 418/560 kB | 287/590 kBProgress (2): 418/560 kB | 291/590 kBProgress (2): 418/560 kB | 295/590 kBProgress (2): 418/560 kB | 299/590 kBProgress (2): 418/560 kB | 303/590 kBProgress (2): 418/560 kB | 307/590 kBProgress (2): 418/560 kB | 311/590 kBProgress (2): 418/560 kB | 315/590 kBProgress (2): 418/560 kB | 319/590 kBProgress (2): 418/560 kB | 324/590 kBProgress (2): 418/560 kB | 328/590 kBProgress (2): 422/560 kB | 328/590 kBProgress (2): 426/560 kB | 328/590 kBProgress (2): 430/560 kB | 328/590 kBProgress (2): 434/560 kB | 328/590 kBProgress (2): 439/560 kB | 328/590 kBProgress (2): 443/560 kB | 328/590 kBProgress (2): 447/560 kB | 328/590 kBProgress (2): 451/560 kB | 328/590 kBProgress (2): 455/560 kB | 328/590 kBProgress (2): 459/560 kB | 328/590 kBProgress (2): 463/560 kB | 328/590 kBProgress (2): 467/560 kB | 328/590 kBProgress (2): 471/560 kB | 328/590 kBProgress (2): 475/560 kB | 328/590 kBProgress (2): 479/560 kB | 328/590 kBProgress (2): 483/560 kB | 328/590 kBProgress (2): 487/560 kB | 328/590 kBProgress (2): 491/560 kB | 328/590 kBProgress (2): 491/560 kB | 332/590 kBProgress (2): 491/560 kB | 336/590 kBProgress (2): 491/560 kB | 340/590 kBProgress (2): 491/560 kB | 344/590 kBProgress (2): 491/560 kB | 348/590 kBProgress (2): 491/560 kB | 352/590 kBProgress (2): 491/560 kB | 356/590 kBProgress (2): 491/560 kB | 360/590 kBProgress (2): 495/560 kB | 360/590 kBProgress (2): 499/560 kB | 360/590 kBProgress (2): 503/560 kB | 360/590 kBProgress (2): 507/560 kB | 360/590 kBProgress (2): 511/560 kB | 360/590 kBProgress (2): 515/560 kB | 360/590 kBProgress (2): 520/560 kB | 360/590 kBProgress (2): 524/560 kB | 360/590 kBProgress (2): 528/560 kB | 360/590 kBProgress (2): 532/560 kB | 360/590 kBProgress (2): 532/560 kB | 365/590 kBProgress (2): 532/560 kB | 369/590 kBProgress (2): 532/560 kB | 373/590 kBProgress (2): 532/560 kB | 377/590 kBProgress (2): 532/560 kB | 381/590 kBProgress (2): 532/560 kB | 385/590 kBProgress (2): 532/560 kB | 389/590 kBProgress (2): 532/560 kB | 393/590 kBProgress (2): 532/560 kB | 397/590 kBProgress (2): 532/560 kB | 401/590 kBProgress (2): 532/560 kB | 406/590 kBProgress (2): 532/560 kB | 410/590 kBProgress (2): 532/560 kB | 414/590 kBProgress (2): 536/560 kB | 414/590 kBProgress (2): 540/560 kB | 414/590 kBProgress (2): 544/560 kB | 414/590 kBProgress (2): 548/560 kB | 414/590 kBProgress (2): 552/560 kB | 414/590 kBProgress (2): 556/560 kB | 414/590 kBProgress (2): 560 kB | 414/590 kB    Progress (2): 560 kB | 418/590 kBProgress (2): 560 kB | 422/590 kBProgress (2): 560 kB | 426/590 kBProgress (2): 560 kB | 430/590 kBProgress (2): 560 kB | 434/590 kBProgress (2): 560 kB | 438/590 kBProgress (2): 560 kB | 442/590 kBProgress (2): 560 kB | 446/590 kBProgress (2): 560 kB | 451/590 kBProgress (2): 560 kB | 455/590 kBProgress (2): 560 kB | 459/590 kBProgress (2): 560 kB | 463/590 kB                                 Downloaded from central: https://repo.maven.apache.org/maven2/org/apache/commons/commons-compress/1.16.1/commons-compress-1.16.1.jar (560 kB at 1.5 MB/s)
Progress (1): 467/590 kBProgress (1): 471/590 kBProgress (1): 475/590 kBProgress (1): 479/590 kBProgress (1): 483/590 kBProgress (1): 487/590 kBProgress (1): 492/590 kBProgress (1): 496/590 kBProgress (1): 500/590 kBProgress (1): 504/590 kBProgress (1): 508/590 kBProgress (1): 512/590 kBProgress (1): 516/590 kBProgress (1): 520/590 kBProgress (1): 524/590 kBProgress (1): 528/590 kBProgress (1): 532/590 kBProgress (1): 537/590 kBProgress (1): 541/590 kBProgress (1): 545/590 kBProgress (1): 549/590 kBProgress (1): 553/590 kBProgress (1): 557/590 kBProgress (1): 561/590 kBProgress (1): 565/590 kBProgress (1): 569/590 kBProgress (1): 573/590 kBProgress (1): 578/590 kBProgress (1): 582/590 kBProgress (1): 586/590 kBProgress (1): 590 kB                        Downloaded from central: https://repo.maven.apache.org/maven2/com/thoughtworks/xstream/xstream/1.4.10/xstream-1.4.10.jar (590 kB at 1.5 MB/s)
[INFO] Packaging webapp
[INFO] Assembling webapp [auth-course] in [/var/jenkins_home/workspace/ecommerce-application/starter_code/target/auth-course-0.0.1-SNAPSHOT]
[INFO] Processing war project
[INFO] Webapp assembled in [528 msecs]
[INFO] Building war: /var/jenkins_home/workspace/ecommerce-application/starter_code/target/auth-course-0.0.1-SNAPSHOT.war
[INFO] 
[INFO] --- spring-boot-maven-plugin:2.1.5.RELEASE:repackage (repackage) @ auth-course ---
Downloading from central: https://repo.maven.apache.org/maven2/org/springframework/boot/spring-boot-loader-tools/2.1.5.RELEASE/spring-boot-loader-tools-2.1.5.RELEASE.pom
Progress (1): 2.7 kB                    Downloaded from central: https://repo.maven.apache.org/maven2/org/springframework/boot/spring-boot-loader-tools/2.1.5.RELEASE/spring-boot-loader-tools-2.1.5.RELEASE.pom (2.7 kB at 177 kB/s)
Downloading from central: https://repo.maven.apache.org/maven2/org/apache/commons/commons-compress/1.18/commons-compress-1.18.pom
Progress (1): 4.1/18 kBProgress (1): 8.2/18 kBProgress (1): 12/18 kB Progress (1): 16/18 kBProgress (1): 18 kB                      Downloaded from central: https://repo.maven.apache.org/maven2/org/apache/commons/commons-compress/1.18/commons-compress-1.18.pom (18 kB at 1.1 MB/s)
Downloading from central: https://repo.maven.apache.org/maven2/org/apache/commons/commons-parent/47/commons-parent-47.pom
Progress (1): 4.1/78 kBProgress (1): 8.2/78 kBProgress (1): 12/78 kB Progress (1): 16/78 kBProgress (1): 20/78 kBProgress (1): 25/78 kBProgress (1): 29/78 kBProgress (1): 33/78 kBProgress (1): 37/78 kBProgress (1): 41/78 kBProgress (1): 45/78 kBProgress (1): 49/78 kBProgress (1): 53/78 kBProgress (1): 57/78 kBProgress (1): 61/78 kBProgress (1): 66/78 kBProgress (1): 70/78 kBProgress (1): 74/78 kBProgress (1): 78 kB                      Downloaded from central: https://repo.maven.apache.org/maven2/org/apache/commons/commons-parent/47/commons-parent-47.pom (78 kB at 3.0 MB/s)
Downloading from central: https://repo.maven.apache.org/maven2/org/codehaus/plexus/plexus-component-annotations/1.5.5/plexus-component-annotations-1.5.5.pom
Progress (1): 815 B                   Downloaded from central: https://repo.maven.apache.org/maven2/org/codehaus/plexus/plexus-component-annotations/1.5.5/plexus-component-annotations-1.5.5.pom (815 B at 136 kB/s)
Downloading from central: https://repo.maven.apache.org/maven2/org/codehaus/plexus/plexus-containers/1.5.5/plexus-containers-1.5.5.pom
Progress (1): 4.1/4.2 kBProgress (1): 4.2 kB                        Downloaded from central: https://repo.maven.apache.org/maven2/org/codehaus/plexus/plexus-containers/1.5.5/plexus-containers-1.5.5.pom (4.2 kB at 471 kB/s)
Downloading from central: https://repo.maven.apache.org/maven2/org/codehaus/plexus/plexus-component-annotations/1.5.4/plexus-component-annotations-1.5.4.pom
Progress (1): 815 B                   Downloaded from central: https://repo.maven.apache.org/maven2/org/codehaus/plexus/plexus-component-annotations/1.5.4/plexus-component-annotations-1.5.4.pom (815 B at 91 kB/s)
Downloading from central: https://repo.maven.apache.org/maven2/org/codehaus/plexus/plexus-containers/1.5.4/plexus-containers-1.5.4.pom
Progress (1): 4.1/4.2 kBProgress (1): 4.2 kB                        Downloaded from central: https://repo.maven.apache.org/maven2/org/codehaus/plexus/plexus-containers/1.5.4/plexus-containers-1.5.4.pom (4.2 kB at 530 kB/s)
Downloading from central: https://repo.maven.apache.org/maven2/org/codehaus/plexus/plexus/2.0.5/plexus-2.0.5.pom
Progress (1): 4.1/17 kBProgress (1): 8.2/17 kBProgress (1): 12/17 kB Progress (1): 16/17 kBProgress (1): 17 kB                      Downloaded from central: https://repo.maven.apache.org/maven2/org/codehaus/plexus/plexus/2.0.5/plexus-2.0.5.pom (17 kB at 1.4 MB/s)
Downloading from central: https://repo.maven.apache.org/maven2/org/apache/maven/maven-artifact/3.3.9/maven-artifact-3.3.9.pom
Progress (1): 2.1 kB                    Downloaded from central: https://repo.maven.apache.org/maven2/org/apache/maven/maven-artifact/3.3.9/maven-artifact-3.3.9.pom (2.1 kB at 194 kB/s)
Downloading from central: https://repo.maven.apache.org/maven2/org/apache/maven/maven/3.3.9/maven-3.3.9.pom
Progress (1): 4.1/24 kBProgress (1): 8.2/24 kBProgress (1): 12/24 kB Progress (1): 16/24 kBProgress (1): 20/24 kBProgress (1): 24 kB                      Downloaded from central: https://repo.maven.apache.org/maven2/org/apache/maven/maven/3.3.9/maven-3.3.9.pom (24 kB at 1.5 MB/s)
Downloading from central: https://repo.maven.apache.org/maven2/org/apache/commons/commons-lang3/3.8.1/commons-lang3-3.8.1.pom
Progress (1): 4.1/28 kBProgress (1): 8.2/28 kBProgress (1): 12/28 kB Progress (1): 16/28 kBProgress (1): 20/28 kBProgress (1): 25/28 kBProgress (1): 28 kB                      Downloaded from central: https://repo.maven.apache.org/maven2/org/apache/commons/commons-lang3/3.8.1/commons-lang3-3.8.1.pom (28 kB at 1.5 MB/s)
Downloading from central: https://repo.maven.apache.org/maven2/org/apache/maven/maven-core/3.3.9/maven-core-3.3.9.pom
Progress (1): 4.1/8.3 kBProgress (1): 8.2/8.3 kBProgress (1): 8.3 kB                        Downloaded from central: https://repo.maven.apache.org/maven2/org/apache/maven/maven-core/3.3.9/maven-core-3.3.9.pom (8.3 kB at 638 kB/s)
Downloading from central: https://repo.maven.apache.org/maven2/org/apache/maven/maven-model/3.3.9/maven-model-3.3.9.pom
Progress (1): 4.0 kB                    Downloaded from central: https://repo.maven.apache.org/maven2/org/apache/maven/maven-model/3.3.9/maven-model-3.3.9.pom (4.0 kB at 448 kB/s)
Downloading from central: https://repo.maven.apache.org/maven2/org/apache/maven/maven-settings/3.3.9/maven-settings-3.3.9.pom
Progress (1): 1.8 kB                    Downloaded from central: https://repo.maven.apache.org/maven2/org/apache/maven/maven-settings/3.3.9/maven-settings-3.3.9.pom (1.8 kB at 262 kB/s)
Downloading from central: https://repo.maven.apache.org/maven2/org/apache/maven/maven-settings-builder/3.3.9/maven-settings-builder-3.3.9.pom
Progress (1): 2.6 kB                    Downloaded from central: https://repo.maven.apache.org/maven2/org/apache/maven/maven-settings-builder/3.3.9/maven-settings-builder-3.3.9.pom (2.6 kB at 262 kB/s)
Downloading from central: https://repo.maven.apache.org/maven2/org/apache/maven/maven-builder-support/3.3.9/maven-builder-support-3.3.9.pom
Progress (1): 1.7 kB                    Downloaded from central: https://repo.maven.apache.org/maven2/org/apache/maven/maven-builder-support/3.3.9/maven-builder-support-3.3.9.pom (1.7 kB at 183 kB/s)
Downloading from central: https://repo.maven.apache.org/maven2/org/codehaus/plexus/plexus-component-annotations/1.6/plexus-component-annotations-1.6.pom
Progress (1): 748 B                   Downloaded from central: https://repo.maven.apache.org/maven2/org/codehaus/plexus/plexus-component-annotations/1.6/plexus-component-annotations-1.6.pom (748 B at 68 kB/s)
Downloading from central: https://repo.maven.apache.org/maven2/org/codehaus/plexus/plexus-containers/1.6/plexus-containers-1.6.pom
Progress (1): 3.8 kB                    Downloaded from central: https://repo.maven.apache.org/maven2/org/codehaus/plexus/plexus-containers/1.6/plexus-containers-1.6.pom (3.8 kB at 628 kB/s)
Downloading from central: https://repo.maven.apache.org/maven2/org/codehaus/plexus/plexus/3.3.2/plexus-3.3.2.pom
Progress (1): 4.1/22 kBProgress (1): 8.2/22 kBProgress (1): 12/22 kB Progress (1): 16/22 kBProgress (1): 20/22 kBProgress (1): 22 kB                      Downloaded from central: https://repo.maven.apache.org/maven2/org/codehaus/plexus/plexus/3.3.2/plexus-3.3.2.pom (22 kB at 2.7 MB/s)
Downloading from central: https://repo.maven.apache.org/maven2/org/apache/maven/maven-repository-metadata/3.3.9/maven-repository-metadata-3.3.9.pom
Progress (1): 1.9 kB                    Downloaded from central: https://repo.maven.apache.org/maven2/org/apache/maven/maven-repository-metadata/3.3.9/maven-repository-metadata-3.3.9.pom (1.9 kB at 210 kB/s)
Downloading from central: https://repo.maven.apache.org/maven2/org/apache/maven/maven-plugin-api/3.3.9/maven-plugin-api-3.3.9.pom
Progress (1): 2.7 kB                    Downloaded from central: https://repo.maven.apache.org/maven2/org/apache/maven/maven-plugin-api/3.3.9/maven-plugin-api-3.3.9.pom (2.7 kB at 336 kB/s)
Downloading from central: https://repo.maven.apache.org/maven2/org/eclipse/sisu/org.eclipse.sisu.plexus/0.3.2/org.eclipse.sisu.plexus-0.3.2.pom
Progress (1): 4.1/4.2 kBProgress (1): 4.2 kB                        Downloaded from central: https://repo.maven.apache.org/maven2/org/eclipse/sisu/org.eclipse.sisu.plexus/0.3.2/org.eclipse.sisu.plexus-0.3.2.pom (4.2 kB at 232 kB/s)
Downloading from central: https://repo.maven.apache.org/maven2/org/eclipse/sisu/sisu-plexus/0.3.2/sisu-plexus-0.3.2.pom
Progress (1): 4.1/14 kBProgress (1): 8.2/14 kBProgress (1): 12/14 kB Progress (1): 14 kB                      Downloaded from central: https://repo.maven.apache.org/maven2/org/eclipse/sisu/sisu-plexus/0.3.2/sisu-plexus-0.3.2.pom (14 kB at 1.2 MB/s)
Downloading from central: https://repo.maven.apache.org/maven2/javax/enterprise/cdi-api/1.0/cdi-api-1.0.pom
Progress (1): 1.4 kB                    Downloaded from central: https://repo.maven.apache.org/maven2/javax/enterprise/cdi-api/1.0/cdi-api-1.0.pom (1.4 kB at 179 kB/s)
Downloading from central: https://repo.maven.apache.org/maven2/org/jboss/weld/weld-api-parent/1.0/weld-api-parent-1.0.pom
Progress (1): 2.4 kB                    Downloaded from central: https://repo.maven.apache.org/maven2/org/jboss/weld/weld-api-parent/1.0/weld-api-parent-1.0.pom (2.4 kB at 236 kB/s)
Downloading from central: https://repo.maven.apache.org/maven2/org/jboss/weld/weld-api-bom/1.0/weld-api-bom-1.0.pom
Progress (1): 4.1/7.9 kBProgress (1): 7.9 kB                        Downloaded from central: https://repo.maven.apache.org/maven2/org/jboss/weld/weld-api-bom/1.0/weld-api-bom-1.0.pom (7.9 kB at 719 kB/s)
Downloading from central: https://repo.maven.apache.org/maven2/org/jboss/weld/weld-parent/6/weld-parent-6.pom
Progress (1): 4.1/21 kBProgress (1): 8.2/21 kBProgress (1): 12/21 kB Progress (1): 16/21 kBProgress (1): 20/21 kBProgress (1): 21 kB                      Downloaded from central: https://repo.maven.apache.org/maven2/org/jboss/weld/weld-parent/6/weld-parent-6.pom (21 kB at 1.7 MB/s)
Downloading from central: https://repo.maven.apache.org/maven2/javax/annotation/jsr250-api/1.0/jsr250-api-1.0.pom
Progress (1): 1.0 kB                    Downloaded from central: https://repo.maven.apache.org/maven2/javax/annotation/jsr250-api/1.0/jsr250-api-1.0.pom (1.0 kB at 85 kB/s)
Downloading from central: https://repo.maven.apache.org/maven2/javax/inject/javax.inject/1/javax.inject-1.pom
Progress (1): 612 B                   Downloaded from central: https://repo.maven.apache.org/maven2/javax/inject/javax.inject/1/javax.inject-1.pom (612 B at 68 kB/s)
Downloading from central: https://repo.maven.apache.org/maven2/org/eclipse/sisu/org.eclipse.sisu.inject/0.3.2/org.eclipse.sisu.inject-0.3.2.pom
Progress (1): 2.6 kB                    Downloaded from central: https://repo.maven.apache.org/maven2/org/eclipse/sisu/org.eclipse.sisu.inject/0.3.2/org.eclipse.sisu.inject-0.3.2.pom (2.6 kB at 262 kB/s)
Downloading from central: https://repo.maven.apache.org/maven2/org/eclipse/sisu/sisu-inject/0.3.2/sisu-inject-0.3.2.pom
Progress (1): 4.1/14 kBProgress (1): 8.2/14 kBProgress (1): 12/14 kB Progress (1): 14 kB                      Downloaded from central: https://repo.maven.apache.org/maven2/org/eclipse/sisu/sisu-inject/0.3.2/sisu-inject-0.3.2.pom (14 kB at 2.1 MB/s)
Downloading from central: https://repo.maven.apache.org/maven2/org/codehaus/plexus/plexus-classworlds/2.5.2/plexus-classworlds-2.5.2.pom
Progress (1): 4.1/7.3 kBProgress (1): 7.3 kB                        Downloaded from central: https://repo.maven.apache.org/maven2/org/codehaus/plexus/plexus-classworlds/2.5.2/plexus-classworlds-2.5.2.pom (7.3 kB at 664 kB/s)
Downloading from central: https://repo.maven.apache.org/maven2/org/codehaus/plexus/plexus-utils/3.0.17/plexus-utils-3.0.17.pom
Progress (1): 3.4 kB                    Downloaded from central: https://repo.maven.apache.org/maven2/org/codehaus/plexus/plexus-utils/3.0.17/plexus-utils-3.0.17.pom (3.4 kB at 131 kB/s)
Downloading from central: https://repo.maven.apache.org/maven2/org/apache/maven/maven-model-builder/3.3.9/maven-model-builder-3.3.9.pom
Progress (1): 3.1 kB                    Downloaded from central: https://repo.maven.apache.org/maven2/org/apache/maven/maven-model-builder/3.3.9/maven-model-builder-3.3.9.pom (3.1 kB at 392 kB/s)
Downloading from central: https://repo.maven.apache.org/maven2/com/google/guava/guava/18.0/guava-18.0.pom
Progress (1): 4.1/5.7 kBProgress (1): 5.7 kB                        Downloaded from central: https://repo.maven.apache.org/maven2/com/google/guava/guava/18.0/guava-18.0.pom (5.7 kB at 809 kB/s)
Downloading from central: https://repo.maven.apache.org/maven2/com/google/guava/guava-parent/18.0/guava-parent-18.0.pom
Progress (1): 4.1/7.7 kBProgress (1): 7.7 kB                        Downloaded from central: https://repo.maven.apache.org/maven2/com/google/guava/guava-parent/18.0/guava-parent-18.0.pom (7.7 kB at 961 kB/s)
Downloading from central: https://repo.maven.apache.org/maven2/org/apache/maven/maven-aether-provider/3.3.9/maven-aether-provider-3.3.9.pom
Progress (1): 4.0 kB                    Downloaded from central: https://repo.maven.apache.org/maven2/org/apache/maven/maven-aether-provider/3.3.9/maven-aether-provider-3.3.9.pom (4.0 kB at 672 kB/s)
Downloading from central: https://repo.maven.apache.org/maven2/org/eclipse/aether/aether-api/1.0.2.v20150114/aether-api-1.0.2.v20150114.pom
Progress (1): 1.8 kB                    Downloaded from central: https://repo.maven.apache.org/maven2/org/eclipse/aether/aether-api/1.0.2.v20150114/aether-api-1.0.2.v20150114.pom (1.8 kB at 229 kB/s)
Downloading from central: https://repo.maven.apache.org/maven2/org/eclipse/aether/aether/1.0.2.v20150114/aether-1.0.2.v20150114.pom
Progress (1): 4.1/29 kBProgress (1): 8.2/29 kBProgress (1): 12/29 kB Progress (1): 16/29 kBProgress (1): 20/29 kBProgress (1): 25/29 kBProgress (1): 29/29 kBProgress (1): 29 kB                      Downloaded from central: https://repo.maven.apache.org/maven2/org/eclipse/aether/aether/1.0.2.v20150114/aether-1.0.2.v20150114.pom (29 kB at 4.2 MB/s)
Downloading from central: https://repo.maven.apache.org/maven2/org/eclipse/aether/aether-spi/1.0.2.v20150114/aether-spi-1.0.2.v20150114.pom
Progress (1): 2.0 kB                    Downloaded from central: https://repo.maven.apache.org/maven2/org/eclipse/aether/aether-spi/1.0.2.v20150114/aether-spi-1.0.2.v20150114.pom (2.0 kB at 284 kB/s)
Downloading from central: https://repo.maven.apache.org/maven2/org/eclipse/aether/aether-util/1.0.2.v20150114/aether-util-1.0.2.v20150114.pom
Progress (1): 2.1 kB                    Downloaded from central: https://repo.maven.apache.org/maven2/org/eclipse/aether/aether-util/1.0.2.v20150114/aether-util-1.0.2.v20150114.pom (2.1 kB at 212 kB/s)
Downloading from central: https://repo.maven.apache.org/maven2/org/eclipse/aether/aether-impl/1.0.2.v20150114/aether-impl-1.0.2.v20150114.pom
Progress (1): 3.4 kB                    Downloaded from central: https://repo.maven.apache.org/maven2/org/eclipse/aether/aether-impl/1.0.2.v20150114/aether-impl-1.0.2.v20150114.pom (3.4 kB at 480 kB/s)
Downloading from central: https://repo.maven.apache.org/maven2/com/google/inject/guice/4.0/guice-4.0.pom
Progress (1): 4.1/11 kBProgress (1): 8.2/11 kBProgress (1): 11 kB                       Downloaded from central: https://repo.maven.apache.org/maven2/com/google/inject/guice/4.0/guice-4.0.pom (11 kB at 967 kB/s)
Downloading from central: https://repo.maven.apache.org/maven2/com/google/inject/guice-parent/4.0/guice-parent-4.0.pom
Progress (1): 4.1/15 kBProgress (1): 8.2/15 kBProgress (1): 12/15 kB Progress (1): 15 kB                      Downloaded from central: https://repo.maven.apache.org/maven2/com/google/inject/guice-parent/4.0/guice-parent-4.0.pom (15 kB at 2.2 MB/s)
Downloading from central: https://repo.maven.apache.org/maven2/com/google/google/5/google-5.pom
Progress (1): 2.5 kB                    Downloaded from central: https://repo.maven.apache.org/maven2/com/google/google/5/google-5.pom (2.5 kB at 223 kB/s)
Downloading from central: https://repo.maven.apache.org/maven2/aopalliance/aopalliance/1.0/aopalliance-1.0.pom
Progress (1): 363 B                   Downloaded from central: https://repo.maven.apache.org/maven2/aopalliance/aopalliance/1.0/aopalliance-1.0.pom (363 B at 52 kB/s)
Downloading from central: https://repo.maven.apache.org/maven2/com/google/guava/guava/16.0.1/guava-16.0.1.pom
Progress (1): 4.1/6.1 kBProgress (1): 6.1 kB                        Downloaded from central: https://repo.maven.apache.org/maven2/com/google/guava/guava/16.0.1/guava-16.0.1.pom (6.1 kB at 763 kB/s)
Downloading from central: https://repo.maven.apache.org/maven2/com/google/guava/guava-parent/16.0.1/guava-parent-16.0.1.pom
Progress (1): 4.1/7.3 kBProgress (1): 7.3 kB                        Downloaded from central: https://repo.maven.apache.org/maven2/com/google/guava/guava-parent/16.0.1/guava-parent-16.0.1.pom (7.3 kB at 734 kB/s)
Downloading from central: https://repo.maven.apache.org/maven2/org/apache/maven/shared/maven-common-artifact-filters/3.0.1/maven-common-artifact-filters-3.0.1.pom
Progress (1): 4.1/4.8 kBProgress (1): 4.8 kB                        Downloaded from central: https://repo.maven.apache.org/maven2/org/apache/maven/shared/maven-common-artifact-filters/3.0.1/maven-common-artifact-filters-3.0.1.pom (4.8 kB at 322 kB/s)
Downloading from central: https://repo.maven.apache.org/maven2/org/apache/maven/shared/maven-shared-utils/3.1.0/maven-shared-utils-3.1.0.pom
Progress (1): 4.1/5.0 kBProgress (1): 5.0 kB                        Downloaded from central: https://repo.maven.apache.org/maven2/org/apache/maven/shared/maven-shared-utils/3.1.0/maven-shared-utils-3.1.0.pom (5.0 kB at 498 kB/s)
Downloading from central: https://repo.maven.apache.org/maven2/org/apache/maven/plugins/maven-shade-plugin/3.2.1/maven-shade-plugin-3.2.1.pom
Progress (1): 4.1/9.3 kBProgress (1): 8.2/9.3 kBProgress (1): 9.3 kB                        Downloaded from central: https://repo.maven.apache.org/maven2/org/apache/maven/plugins/maven-shade-plugin/3.2.1/maven-shade-plugin-3.2.1.pom (9.3 kB at 777 kB/s)
Downloading from central: https://repo.maven.apache.org/maven2/org/apache/maven/shared/maven-artifact-transfer/0.10.0/maven-artifact-transfer-0.10.0.pom
Progress (1): 4.1/12 kBProgress (1): 8.2/12 kBProgress (1): 12 kB                       Downloaded from central: https://repo.maven.apache.org/maven2/org/apache/maven/shared/maven-artifact-transfer/0.10.0/maven-artifact-transfer-0.10.0.pom (12 kB at 482 kB/s)
Downloading from central: https://repo.maven.apache.org/maven2/org/apache/maven/shared/maven-shared-components/31/maven-shared-components-31.pom
Progress (1): 4.1/5.1 kBProgress (1): 5.1 kB                        Downloaded from central: https://repo.maven.apache.org/maven2/org/apache/maven/shared/maven-shared-components/31/maven-shared-components-31.pom (5.1 kB at 568 kB/s)
Downloading from central: https://repo.maven.apache.org/maven2/org/ow2/asm/asm/7.0/asm-7.0.pom
Progress (1): 2.9 kB                    Downloaded from central: https://repo.maven.apache.org/maven2/org/ow2/asm/asm/7.0/asm-7.0.pom (2.9 kB at 267 kB/s)
Downloading from central: https://repo.maven.apache.org/maven2/org/ow2/asm/asm-commons/7.0/asm-commons-7.0.pom
Progress (1): 3.7 kB                    Downloaded from central: https://repo.maven.apache.org/maven2/org/ow2/asm/asm-commons/7.0/asm-commons-7.0.pom (3.7 kB at 366 kB/s)
Downloading from central: https://repo.maven.apache.org/maven2/org/ow2/asm/asm-tree/7.0/asm-tree-7.0.pom
Progress (1): 3.1 kB                    Downloaded from central: https://repo.maven.apache.org/maven2/org/ow2/asm/asm-tree/7.0/asm-tree-7.0.pom (3.1 kB at 390 kB/s)
Downloading from central: https://repo.maven.apache.org/maven2/org/ow2/asm/asm-analysis/7.0/asm-analysis-7.0.pom
Progress (1): 3.2 kB                    Downloaded from central: https://repo.maven.apache.org/maven2/org/ow2/asm/asm-analysis/7.0/asm-analysis-7.0.pom (3.2 kB at 450 kB/s)
Downloading from central: https://repo.maven.apache.org/maven2/org/jdom/jdom2/2.0.6/jdom2-2.0.6.pom
Progress (1): 4.1/4.6 kBProgress (1): 4.6 kB                        Downloaded from central: https://repo.maven.apache.org/maven2/org/jdom/jdom2/2.0.6/jdom2-2.0.6.pom (4.6 kB at 657 kB/s)
Downloading from central: https://repo.maven.apache.org/maven2/org/apache/maven/shared/maven-dependency-tree/3.0.1/maven-dependency-tree-3.0.1.pom
Progress (1): 4.1/7.5 kBProgress (1): 7.5 kB                        Downloaded from central: https://repo.maven.apache.org/maven2/org/apache/maven/shared/maven-dependency-tree/3.0.1/maven-dependency-tree-3.0.1.pom (7.5 kB at 833 kB/s)
Downloading from central: https://repo.maven.apache.org/maven2/org/eclipse/aether/aether-util/0.9.0.M2/aether-util-0.9.0.M2.pom
Progress (1): 2.0 kB                    Downloaded from central: https://repo.maven.apache.org/maven2/org/eclipse/aether/aether-util/0.9.0.M2/aether-util-0.9.0.M2.pom (2.0 kB at 339 kB/s)
Downloading from central: https://repo.maven.apache.org/maven2/org/eclipse/aether/aether/0.9.0.M2/aether-0.9.0.M2.pom
Progress (1): 4.1/28 kBProgress (1): 8.2/28 kBProgress (1): 12/28 kB Progress (1): 16/28 kBProgress (1): 20/28 kBProgress (1): 25/28 kBProgress (1): 28 kB                      Downloaded from central: https://repo.maven.apache.org/maven2/org/eclipse/aether/aether/0.9.0.M2/aether-0.9.0.M2.pom (28 kB at 3.1 MB/s)
Downloading from central: https://repo.maven.apache.org/maven2/org/vafer/jdependency/2.1.1/jdependency-2.1.1.pom
Progress (1): 4.1/11 kBProgress (1): 8.2/11 kBProgress (1): 11 kB                       Downloaded from central: https://repo.maven.apache.org/maven2/org/vafer/jdependency/2.1.1/jdependency-2.1.1.pom (11 kB at 1.4 MB/s)
Downloading from central: https://repo.maven.apache.org/maven2/org/ow2/asm/asm/7.0-beta/asm-7.0-beta.pom
Progress (1): 2.9 kB                    Downloaded from central: https://repo.maven.apache.org/maven2/org/ow2/asm/asm/7.0-beta/asm-7.0-beta.pom (2.9 kB at 327 kB/s)
Downloading from central: https://repo.maven.apache.org/maven2/org/ow2/asm/asm-analysis/7.0-beta/asm-analysis-7.0-beta.pom
Progress (1): 3.2 kB                    Downloaded from central: https://repo.maven.apache.org/maven2/org/ow2/asm/asm-analysis/7.0-beta/asm-analysis-7.0-beta.pom (3.2 kB at 452 kB/s)
Downloading from central: https://repo.maven.apache.org/maven2/org/ow2/asm/asm-tree/7.0-beta/asm-tree-7.0-beta.pom
Progress (1): 3.1 kB                    Downloaded from central: https://repo.maven.apache.org/maven2/org/ow2/asm/asm-tree/7.0-beta/asm-tree-7.0-beta.pom (3.1 kB at 349 kB/s)
Downloading from central: https://repo.maven.apache.org/maven2/org/ow2/asm/asm-commons/7.0-beta/asm-commons-7.0-beta.pom
Progress (1): 3.7 kB                    Downloaded from central: https://repo.maven.apache.org/maven2/org/ow2/asm/asm-commons/7.0-beta/asm-commons-7.0-beta.pom (3.7 kB at 527 kB/s)
Downloading from central: https://repo.maven.apache.org/maven2/org/ow2/asm/asm-util/7.0-beta/asm-util-7.0-beta.pom
Progress (1): 3.7 kB                    Downloaded from central: https://repo.maven.apache.org/maven2/org/ow2/asm/asm-util/7.0-beta/asm-util-7.0-beta.pom (3.7 kB at 524 kB/s)
Downloading from central: https://repo.maven.apache.org/maven2/com/google/guava/guava/19.0/guava-19.0.pom
Progress (1): 4.1/6.8 kBProgress (1): 6.8 kB                        Downloaded from central: https://repo.maven.apache.org/maven2/com/google/guava/guava/19.0/guava-19.0.pom (6.8 kB at 755 kB/s)
Downloading from central: https://repo.maven.apache.org/maven2/com/google/guava/guava-parent/19.0/guava-parent-19.0.pom
Progress (1): 4.1/9.9 kBProgress (1): 8.2/9.9 kBProgress (1): 9.9 kB                        Downloaded from central: https://repo.maven.apache.org/maven2/com/google/guava/guava-parent/19.0/guava-parent-19.0.pom (9.9 kB at 1.6 MB/s)
Downloading from central: https://repo.maven.apache.org/maven2/org/springframework/boot/spring-boot-loader-tools/2.1.5.RELEASE/spring-boot-loader-tools-2.1.5.RELEASE.jar
Downloading from central: https://repo.maven.apache.org/maven2/org/apache/commons/commons-compress/1.18/commons-compress-1.18.jar
Downloading from central: https://repo.maven.apache.org/maven2/org/codehaus/plexus/plexus-interpolation/1.22/plexus-interpolation-1.22.jar
Downloading from central: https://repo.maven.apache.org/maven2/org/apache/maven/maven-artifact/3.3.9/maven-artifact-3.3.9.jar
Progress (1): 4.1/77 kBProgress (1): 8.2/77 kBProgress (1): 12/77 kB Progress (1): 16/77 kBProgress (1): 20/77 kBProgress (1): 25/77 kBProgress (1): 29/77 kBProgress (1): 33/77 kBProgress (1): 37/77 kBProgress (1): 41/77 kBProgress (1): 45/77 kBProgress (1): 49/77 kBProgress (2): 49/77 kB | 4.1/55 kBProgress (3): 49/77 kB | 4.1/55 kB | 4.1/149 kBProgress (3): 49/77 kB | 4.1/55 kB | 8.2/149 kBProgress (3): 49/77 kB | 4.1/55 kB | 12/149 kB Progress (3): 49/77 kB | 4.1/55 kB | 16/149 kBProgress (3): 49/77 kB | 4.1/55 kB | 20/149 kBProgress (3): 49/77 kB | 4.1/55 kB | 25/149 kBProgress (3): 49/77 kB | 4.1/55 kB | 29/149 kBProgress (3): 49/77 kB | 4.1/55 kB | 33/149 kBProgress (4): 49/77 kB | 4.1/55 kB | 33/149 kB | 4.1/592 kBProgress (4): 49/77 kB | 4.1/55 kB | 33/149 kB | 8.2/592 kBProgress (4): 49/77 kB | 4.1/55 kB | 33/149 kB | 12/592 kB Progress (4): 49/77 kB | 4.1/55 kB | 33/149 kB | 16/592 kBProgress (4): 49/77 kB | 4.1/55 kB | 33/149 kB | 20/592 kBProgress (4): 49/77 kB | 4.1/55 kB | 33/149 kB | 25/592 kBProgress (4): 49/77 kB | 4.1/55 kB | 33/149 kB | 29/592 kBProgress (4): 49/77 kB | 4.1/55 kB | 33/149 kB | 33/592 kBProgress (4): 49/77 kB | 4.1/55 kB | 33/149 kB | 37/592 kBProgress (4): 49/77 kB | 4.1/55 kB | 33/149 kB | 41/592 kBProgress (4): 49/77 kB | 4.1/55 kB | 33/149 kB | 45/592 kBProgress (4): 49/77 kB | 4.1/55 kB | 33/149 kB | 49/592 kBProgress (4): 49/77 kB | 4.1/55 kB | 37/149 kB | 49/592 kBProgress (4): 49/77 kB | 4.1/55 kB | 41/149 kB | 49/592 kBProgress (4): 49/77 kB | 4.1/55 kB | 45/149 kB | 49/592 kBProgress (4): 49/77 kB | 4.1/55 kB | 49/149 kB | 49/592 kBProgress (4): 49/77 kB | 4.1/55 kB | 53/149 kB | 49/592 kBProgress (4): 49/77 kB | 4.1/55 kB | 57/149 kB | 49/592 kB                                                          Downloading from central: https://repo.maven.apache.org/maven2/org/apache/commons/commons-lang3/3.8.1/commons-lang3-3.8.1.jar
Progress (4): 49/77 kB | 8.2/55 kB | 57/149 kB | 49/592 kBProgress (4): 49/77 kB | 12/55 kB | 57/149 kB | 49/592 kB Progress (4): 49/77 kB | 16/55 kB | 57/149 kB | 49/592 kBProgress (4): 49/77 kB | 20/55 kB | 57/149 kB | 49/592 kBProgress (4): 49/77 kB | 25/55 kB | 57/149 kB | 49/592 kBProgress (4): 49/77 kB | 29/55 kB | 57/149 kB | 49/592 kBProgress (4): 49/77 kB | 33/55 kB | 57/149 kB | 49/592 kBProgress (4): 49/77 kB | 37/55 kB | 57/149 kB | 49/592 kBProgress (4): 49/77 kB | 41/55 kB | 57/149 kB | 49/592 kBProgress (4): 49/77 kB | 45/55 kB | 57/149 kB | 49/592 kBProgress (4): 49/77 kB | 45/55 kB | 57/149 kB | 53/592 kBProgress (4): 49/77 kB | 45/55 kB | 57/149 kB | 57/592 kBProgress (4): 49/77 kB | 45/55 kB | 57/149 kB | 61/592 kBProgress (4): 49/77 kB | 45/55 kB | 57/149 kB | 66/592 kBProgress (4): 49/77 kB | 45/55 kB | 57/149 kB | 70/592 kBProgress (4): 49/77 kB | 45/55 kB | 61/149 kB | 70/592 kBProgress (4): 49/77 kB | 45/55 kB | 66/149 kB | 70/592 kBProgress (4): 49/77 kB | 45/55 kB | 70/149 kB | 70/592 kBProgress (4): 49/77 kB | 45/55 kB | 74/149 kB | 70/592 kBProgress (4): 49/77 kB | 45/55 kB | 78/149 kB | 70/592 kBProgress (4): 49/77 kB | 45/55 kB | 82/149 kB | 70/592 kBProgress (5): 49/77 kB | 45/55 kB | 82/149 kB | 70/592 kB | 4.1/502 kBProgress (5): 49/77 kB | 45/55 kB | 82/149 kB | 70/592 kB | 8.2/502 kBProgress (5): 49/77 kB | 45/55 kB | 82/149 kB | 70/592 kB | 12/502 kB Progress (5): 49/77 kB | 45/55 kB | 82/149 kB | 70/592 kB | 16/502 kBProgress (5): 49/77 kB | 45/55 kB | 82/149 kB | 70/592 kB | 20/502 kBProgress (5): 53/77 kB | 45/55 kB | 82/149 kB | 70/592 kB | 20/502 kBProgress (5): 57/77 kB | 45/55 kB | 82/149 kB | 70/592 kB | 20/502 kBProgress (5): 61/77 kB | 45/55 kB | 82/149 kB | 70/592 kB | 20/502 kBProgress (5): 66/77 kB | 45/55 kB | 82/149 kB | 70/592 kB | 20/502 kBProgress (5): 70/77 kB | 45/55 kB | 82/149 kB | 70/592 kB | 20/502 kBProgress (5): 74/77 kB | 45/55 kB | 82/149 kB | 70/592 kB | 20/502 kBProgress (5): 77 kB | 45/55 kB | 82/149 kB | 70/592 kB | 20/502 kB   Progress (5): 77 kB | 45/55 kB | 86/149 kB | 70/592 kB | 20/502 kBProgress (5): 77 kB | 45/55 kB | 90/149 kB | 70/592 kB | 20/502 kBProgress (5): 77 kB | 45/55 kB | 94/149 kB | 70/592 kB | 20/502 kBProgress (5): 77 kB | 45/55 kB | 98/149 kB | 70/592 kB | 20/502 kBProgress (5): 77 kB | 49/55 kB | 98/149 kB | 70/592 kB | 20/502 kBProgress (5): 77 kB | 53/55 kB | 98/149 kB | 70/592 kB | 20/502 kBProgress (5): 77 kB | 55 kB | 98/149 kB | 70/592 kB | 20/502 kB   Progress (5): 77 kB | 55 kB | 98/149 kB | 74/592 kB | 20/502 kBProgress (5): 77 kB | 55 kB | 98/149 kB | 78/592 kB | 20/502 kBProgress (5): 77 kB | 55 kB | 98/149 kB | 82/592 kB | 20/502 kBProgress (5): 77 kB | 55 kB | 98/149 kB | 86/592 kB | 20/502 kBProgress (5): 77 kB | 55 kB | 98/149 kB | 90/592 kB | 20/502 kBProgress (5): 77 kB | 55 kB | 98/149 kB | 94/592 kB | 20/502 kBProgress (5): 77 kB | 55 kB | 98/149 kB | 98/592 kB | 20/502 kBProgress (5): 77 kB | 55 kB | 98/149 kB | 98/592 kB | 25/502 kBProgress (5): 77 kB | 55 kB | 98/149 kB | 98/592 kB | 29/502 kBProgress (5): 77 kB | 55 kB | 98/149 kB | 98/592 kB | 33/502 kBProgress (5): 77 kB | 55 kB | 98/149 kB | 98/592 kB | 37/502 kBProgress (5): 77 kB | 55 kB | 98/149 kB | 98/592 kB | 41/502 kBProgress (5): 77 kB | 55 kB | 98/149 kB | 98/592 kB | 45/502 kBProgress (5): 77 kB | 55 kB | 98/149 kB | 98/592 kB | 49/502 kBProgress (5): 77 kB | 55 kB | 98/149 kB | 98/592 kB | 53/502 kBProgress (5): 77 kB | 55 kB | 98/149 kB | 98/592 kB | 57/502 kBProgress (5): 77 kB | 55 kB | 98/149 kB | 98/592 kB | 61/502 kBProgress (5): 77 kB | 55 kB | 98/149 kB | 98/592 kB | 66/502 kBProgress (5): 77 kB | 55 kB | 98/149 kB | 98/592 kB | 70/502 kB                                                               Downloaded from central: https://repo.maven.apache.org/maven2/org/codehaus/plexus/plexus-interpolation/1.22/plexus-interpolation-1.22.jar (77 kB at 1.2 MB/s)
Progress (4): 55 kB | 102/149 kB | 98/592 kB | 70/502 kBProgress (4): 55 kB | 106/149 kB | 98/592 kB | 70/502 kBProgress (4): 55 kB | 111/149 kB | 98/592 kB | 70/502 kBProgress (4): 55 kB | 115/149 kB | 98/592 kB | 70/502 kBProgress (4): 55 kB | 119/149 kB | 98/592 kB | 70/502 kBProgress (4): 55 kB | 123/149 kB | 98/592 kB | 70/502 kBProgress (4): 55 kB | 127/149 kB | 98/592 kB | 70/502 kBProgress (4): 55 kB | 131/149 kB | 98/592 kB | 70/502 kBProgress (4): 55 kB | 135/149 kB | 98/592 kB | 70/502 kBProgress (4): 55 kB | 139/149 kB | 98/592 kB | 70/502 kBProgress (4): 55 kB | 143/149 kB | 98/592 kB | 70/502 kBProgress (4): 55 kB | 147/149 kB | 98/592 kB | 70/502 kBProgress (4): 55 kB | 149 kB | 98/592 kB | 70/502 kB    Progress (4): 55 kB | 149 kB | 102/592 kB | 70/502 kBProgress (4): 55 kB | 149 kB | 106/592 kB | 70/502 kBProgress (4): 55 kB | 149 kB | 111/592 kB | 70/502 kBProgress (4): 55 kB | 149 kB | 115/592 kB | 70/502 kBProgress (4): 55 kB | 149 kB | 119/592 kB | 70/502 kB                                                     Downloaded from central: https://repo.maven.apache.org/maven2/org/apache/maven/maven-artifact/3.3.9/maven-artifact-3.3.9.jar (55 kB at 834 kB/s)
Downloading from central: https://repo.maven.apache.org/maven2/org/apache/maven/maven-settings-builder/3.3.9/maven-settings-builder-3.3.9.jar
Downloading from central: https://repo.maven.apache.org/maven2/org/apache/maven/maven-core/3.3.9/maven-core-3.3.9.jar
Progress (3): 149 kB | 123/592 kB | 70/502 kBProgress (3): 149 kB | 127/592 kB | 70/502 kBProgress (3): 149 kB | 131/592 kB | 70/502 kBProgress (3): 149 kB | 135/592 kB | 70/502 kBProgress (3): 149 kB | 139/592 kB | 70/502 kBProgress (3): 149 kB | 143/592 kB | 70/502 kBProgress (3): 149 kB | 147/592 kB | 70/502 kBProgress (3): 149 kB | 152/592 kB | 70/502 kBProgress (3): 149 kB | 152/592 kB | 74/502 kBProgress (3): 149 kB | 152/592 kB | 78/502 kBProgress (3): 149 kB | 152/592 kB | 82/502 kBProgress (4): 149 kB | 152/592 kB | 82/502 kB | 4.1/638 kBProgress (4): 149 kB | 152/592 kB | 82/502 kB | 8.2/638 kBProgress (4): 149 kB | 152/592 kB | 82/502 kB | 12/638 kB Progress (4): 149 kB | 152/592 kB | 82/502 kB | 16/638 kBProgress (4): 149 kB | 152/592 kB | 82/502 kB | 20/638 kBProgress (4): 149 kB | 152/592 kB | 82/502 kB | 25/638 kBProgress (4): 149 kB | 152/592 kB | 82/502 kB | 29/638 kBProgress (4): 149 kB | 152/592 kB | 82/502 kB | 33/638 kBProgress (4): 149 kB | 152/592 kB | 82/502 kB | 37/638 kBProgress (4): 149 kB | 152/592 kB | 82/502 kB | 41/638 kB                                                         Downloaded from central: https://repo.maven.apache.org/maven2/org/springframework/boot/spring-boot-loader-tools/2.1.5.RELEASE/spring-boot-loader-tools-2.1.5.RELEASE.jar (149 kB at 1.7 MB/s)
Progress (4): 152/592 kB | 82/502 kB | 41/638 kB | 4.1/43 kBProgress (4): 152/592 kB | 82/502 kB | 41/638 kB | 8.2/43 kBProgress (4): 152/592 kB | 82/502 kB | 41/638 kB | 12/43 kB Progress (4): 152/592 kB | 82/502 kB | 41/638 kB | 16/43 kBProgress (4): 152/592 kB | 82/502 kB | 41/638 kB | 20/43 kBProgress (4): 152/592 kB | 82/502 kB | 41/638 kB | 25/43 kBProgress (4): 152/592 kB | 82/502 kB | 41/638 kB | 29/43 kBProgress (4): 152/592 kB | 82/502 kB | 41/638 kB | 33/43 kBProgress (4): 152/592 kB | 82/502 kB | 41/638 kB | 37/43 kBProgress (4): 152/592 kB | 82/502 kB | 41/638 kB | 41/43 kBProgress (4): 152/592 kB | 82/502 kB | 41/638 kB | 43 kB                                                           Downloading from central: https://repo.maven.apache.org/maven2/org/apache/maven/maven-builder-support/3.3.9/maven-builder-support-3.3.9.jar
Progress (4): 156/592 kB | 82/502 kB | 41/638 kB | 43 kBProgress (4): 160/592 kB | 82/502 kB | 41/638 kB | 43 kBProgress (4): 164/592 kB | 82/502 kB | 41/638 kB | 43 kBProgress (4): 168/592 kB | 82/502 kB | 41/638 kB | 43 kBProgress (4): 168/592 kB | 86/502 kB | 41/638 kB | 43 kBProgress (4): 168/592 kB | 90/502 kB | 41/638 kB | 43 kBProgress (4): 168/592 kB | 94/502 kB | 41/638 kB | 43 kBProgress (4): 168/592 kB | 98/502 kB | 41/638 kB | 43 kBProgress (4): 168/592 kB | 102/502 kB | 41/638 kB | 43 kBProgress (4): 168/592 kB | 106/502 kB | 41/638 kB | 43 kBProgress (4): 168/592 kB | 111/502 kB | 41/638 kB | 43 kBProgress (4): 168/592 kB | 115/502 kB | 41/638 kB | 43 kBProgress (4): 168/592 kB | 119/502 kB | 41/638 kB | 43 kBProgress (4): 168/592 kB | 123/502 kB | 41/638 kB | 43 kBProgress (4): 168/592 kB | 127/502 kB | 41/638 kB | 43 kBProgress (4): 168/592 kB | 131/502 kB | 41/638 kB | 43 kBProgress (4): 168/592 kB | 135/502 kB | 41/638 kB | 43 kBProgress (4): 168/592 kB | 135/502 kB | 45/638 kB | 43 kBProgress (4): 168/592 kB | 135/502 kB | 49/638 kB | 43 kBProgress (4): 168/592 kB | 135/502 kB | 53/638 kB | 43 kBProgress (4): 168/592 kB | 135/502 kB | 57/638 kB | 43 kBProgress (4): 168/592 kB | 135/502 kB | 61/638 kB | 43 kBProgress (4): 168/592 kB | 135/502 kB | 66/638 kB | 43 kBProgress (4): 168/592 kB | 135/502 kB | 70/638 kB | 43 kBProgress (4): 168/592 kB | 135/502 kB | 74/638 kB | 43 kB                                                         Downloaded from central: https://repo.maven.apache.org/maven2/org/apache/maven/maven-settings-builder/3.3.9/maven-settings-builder-3.3.9.jar (43 kB at 395 kB/s)
Downloading from central: https://repo.maven.apache.org/maven2/org/apache/maven/maven-repository-metadata/3.3.9/maven-repository-metadata-3.3.9.jar
Progress (3): 172/592 kB | 135/502 kB | 74/638 kBProgress (3): 176/592 kB | 135/502 kB | 74/638 kBProgress (3): 180/592 kB | 135/502 kB | 74/638 kBProgress (3): 184/592 kB | 135/502 kB | 74/638 kBProgress (3): 188/592 kB | 135/502 kB | 74/638 kBProgress (3): 193/592 kB | 135/502 kB | 74/638 kBProgress (3): 197/592 kB | 135/502 kB | 74/638 kBProgress (4): 197/592 kB | 135/502 kB | 74/638 kB | 4.1/15 kBProgress (4): 197/592 kB | 135/502 kB | 74/638 kB | 8.2/15 kBProgress (4): 197/592 kB | 135/502 kB | 74/638 kB | 12/15 kB Progress (4): 197/592 kB | 135/502 kB | 74/638 kB | 15 kB   Progress (4): 201/592 kB | 135/502 kB | 74/638 kB | 15 kBProgress (4): 205/592 kB | 135/502 kB | 74/638 kB | 15 kBProgress (4): 209/592 kB | 135/502 kB | 74/638 kB | 15 kBProgress (4): 213/592 kB | 135/502 kB | 74/638 kB | 15 kBProgress (4): 217/592 kB | 135/502 kB | 74/638 kB | 15 kBProgress (4): 217/592 kB | 139/502 kB | 74/638 kB | 15 kBProgress (4): 217/592 kB | 143/502 kB | 74/638 kB | 15 kBProgress (4): 217/592 kB | 147/502 kB | 74/638 kB | 15 kBProgress (4): 217/592 kB | 152/502 kB | 74/638 kB | 15 kBProgress (4): 217/592 kB | 156/502 kB | 74/638 kB | 15 kBProgress (4): 217/592 kB | 160/502 kB | 74/638 kB | 15 kBProgress (4): 217/592 kB | 164/502 kB | 74/638 kB | 15 kBProgress (5): 217/592 kB | 164/502 kB | 74/638 kB | 15 kB | 4.1/27 kBProgress (5): 217/592 kB | 164/502 kB | 74/638 kB | 15 kB | 8.2/27 kBProgress (5): 217/592 kB | 164/502 kB | 74/638 kB | 15 kB | 12/27 kB Progress (5): 217/592 kB | 164/502 kB | 74/638 kB | 15 kB | 16/27 kBProgress (5): 217/592 kB | 164/502 kB | 74/638 kB | 15 kB | 20/27 kBProgress (5): 217/592 kB | 164/502 kB | 74/638 kB | 15 kB | 25/27 kBProgress (5): 217/592 kB | 164/502 kB | 74/638 kB | 15 kB | 27 kB   Progress (5): 217/592 kB | 168/502 kB | 74/638 kB | 15 kB | 27 kBProgress (5): 217/592 kB | 172/502 kB | 74/638 kB | 15 kB | 27 kBProgress (5): 217/592 kB | 176/502 kB | 74/638 kB | 15 kB | 27 kBProgress (5): 217/592 kB | 180/502 kB | 74/638 kB | 15 kB | 27 kBProgress (5): 221/592 kB | 180/502 kB | 74/638 kB | 15 kB | 27 kBProgress (5): 225/592 kB | 180/502 kB | 74/638 kB | 15 kB | 27 kBProgress (5): 229/592 kB | 180/502 kB | 74/638 kB | 15 kB | 27 kBProgress (5): 233/592 kB | 180/502 kB | 74/638 kB | 15 kB | 27 kBProgress (5): 233/592 kB | 180/502 kB | 78/638 kB | 15 kB | 27 kBProgress (5): 233/592 kB | 180/502 kB | 82/638 kB | 15 kB | 27 kBProgress (5): 233/592 kB | 180/502 kB | 86/638 kB | 15 kB | 27 kBProgress (5): 233/592 kB | 180/502 kB | 90/638 kB | 15 kB | 27 kBProgress (5): 233/592 kB | 180/502 kB | 94/638 kB | 15 kB | 27 kBProgress (5): 233/592 kB | 180/502 kB | 98/638 kB | 15 kB | 27 kBProgress (5): 233/592 kB | 180/502 kB | 102/638 kB | 15 kB | 27 kB                                                                  Downloaded from central: https://repo.maven.apache.org/maven2/org/apache/maven/maven-builder-support/3.3.9/maven-builder-support-3.3.9.jar (15 kB at 118 kB/s)
Downloading from central: https://repo.maven.apache.org/maven2/org/apache/maven/maven-model-builder/3.3.9/maven-model-builder-3.3.9.jar
Progress (4): 238/592 kB | 180/502 kB | 102/638 kB | 27 kBProgress (4): 242/592 kB | 180/502 kB | 102/638 kB | 27 kBProgress (4): 246/592 kB | 180/502 kB | 102/638 kB | 27 kBProgress (4): 250/592 kB | 180/502 kB | 102/638 kB | 27 kBProgress (4): 254/592 kB | 180/502 kB | 102/638 kB | 27 kBProgress (4): 254/592 kB | 180/502 kB | 106/638 kB | 27 kBProgress (4): 254/592 kB | 180/502 kB | 111/638 kB | 27 kBProgress (4): 254/592 kB | 180/502 kB | 115/638 kB | 27 kBProgress (4): 254/592 kB | 180/502 kB | 119/638 kB | 27 kBProgress (4): 254/592 kB | 180/502 kB | 123/638 kB | 27 kBProgress (4): 254/592 kB | 180/502 kB | 127/638 kB | 27 kBProgress (4): 254/592 kB | 180/502 kB | 131/638 kB | 27 kBProgress (4): 254/592 kB | 180/502 kB | 135/638 kB | 27 kBProgress (5): 254/592 kB | 180/502 kB | 135/638 kB | 27 kB | 4.1/177 kBProgress (5): 254/592 kB | 180/502 kB | 135/638 kB | 27 kB | 8.2/177 kBProgress (5): 254/592 kB | 180/502 kB | 135/638 kB | 27 kB | 12/177 kB Progress (5): 254/592 kB | 180/502 kB | 135/638 kB | 27 kB | 16/177 kBProgress (5): 254/592 kB | 180/502 kB | 135/638 kB | 27 kB | 20/177 kBProgress (5): 254/592 kB | 184/502 kB | 135/638 kB | 27 kB | 20/177 kBProgress (5): 254/592 kB | 188/502 kB | 135/638 kB | 27 kB | 20/177 kBProgress (5): 254/592 kB | 193/502 kB | 135/638 kB | 27 kB | 20/177 kBProgress (5): 254/592 kB | 197/502 kB | 135/638 kB | 27 kB | 20/177 kBProgress (5): 254/592 kB | 201/502 kB | 135/638 kB | 27 kB | 20/177 kBProgress (5): 254/592 kB | 205/502 kB | 135/638 kB | 27 kB | 20/177 kBProgress (5): 254/592 kB | 209/502 kB | 135/638 kB | 27 kB | 20/177 kBProgress (5): 254/592 kB | 213/502 kB | 135/638 kB | 27 kB | 20/177 kBProgress (5): 254/592 kB | 217/502 kB | 135/638 kB | 27 kB | 20/177 kBProgress (5): 254/592 kB | 221/502 kB | 135/638 kB | 27 kB | 20/177 kBProgress (5): 254/592 kB | 225/502 kB | 135/638 kB | 27 kB | 20/177 kBProgress (5): 254/592 kB | 229/502 kB | 135/638 kB | 27 kB | 20/177 kBProgress (5): 254/592 kB | 233/502 kB | 135/638 kB | 27 kB | 20/177 kB                                                                      Downloaded from central: https://repo.maven.apache.org/maven2/org/apache/maven/maven-repository-metadata/3.3.9/maven-repository-metadata-3.3.9.jar (27 kB at 186 kB/s)
Progress (4): 258/592 kB | 233/502 kB | 135/638 kB | 20/177 kBProgress (4): 262/592 kB | 233/502 kB | 135/638 kB | 20/177 kBProgress (4): 266/592 kB | 233/502 kB | 135/638 kB | 20/177 kBProgress (4): 270/592 kB | 233/502 kB | 135/638 kB | 20/177 kBProgress (4): 274/592 kB | 233/502 kB | 135/638 kB | 20/177 kBProgress (4): 279/592 kB | 233/502 kB | 135/638 kB | 20/177 kBProgress (4): 283/592 kB | 233/502 kB | 135/638 kB | 20/177 kBProgress (4): 287/592 kB | 233/502 kB | 135/638 kB | 20/177 kBProgress (4): 291/592 kB | 233/502 kB | 135/638 kB | 20/177 kBProgress (4): 291/592 kB | 233/502 kB | 139/638 kB | 20/177 kBProgress (4): 291/592 kB | 233/502 kB | 143/638 kB | 20/177 kBProgress (4): 291/592 kB | 233/502 kB | 147/638 kB | 20/177 kBProgress (4): 291/592 kB | 233/502 kB | 152/638 kB | 20/177 kBProgress (4): 291/592 kB | 233/502 kB | 156/638 kB | 20/177 kBProgress (4): 291/592 kB | 233/502 kB | 156/638 kB | 25/177 kBProgress (4): 291/592 kB | 233/502 kB | 156/638 kB | 29/177 kBProgress (4): 291/592 kB | 233/502 kB | 156/638 kB | 33/177 kBProgress (4): 291/592 kB | 233/502 kB | 156/638 kB | 37/177 kBProgress (4): 291/592 kB | 233/502 kB | 156/638 kB | 41/177 kBProgress (4): 291/592 kB | 233/502 kB | 156/638 kB | 45/177 kBProgress (4): 291/592 kB | 233/502 kB | 156/638 kB | 49/177 kBProgress (4): 291/592 kB | 233/502 kB | 156/638 kB | 53/177 kBProgress (4): 291/592 kB | 233/502 kB | 156/638 kB | 57/177 kBProgress (4): 291/592 kB | 233/502 kB | 156/638 kB | 61/177 kBProgress (4): 291/592 kB | 233/502 kB | 156/638 kB | 66/177 kBProgress (4): 291/592 kB | 233/502 kB | 156/638 kB | 70/177 kBProgress (4): 291/592 kB | 238/502 kB | 156/638 kB | 70/177 kB                                                              Downloading from central: https://repo.maven.apache.org/maven2/org/apache/maven/maven-aether-provider/3.3.9/maven-aether-provider-3.3.9.jar
Progress (4): 291/592 kB | 242/502 kB | 156/638 kB | 70/177 kBProgress (4): 291/592 kB | 246/502 kB | 156/638 kB | 70/177 kBProgress (4): 291/592 kB | 250/502 kB | 156/638 kB | 70/177 kBProgress (4): 291/592 kB | 254/502 kB | 156/638 kB | 70/177 kBProgress (4): 291/592 kB | 258/502 kB | 156/638 kB | 70/177 kBProgress (4): 291/592 kB | 262/502 kB | 156/638 kB | 70/177 kBProgress (4): 291/592 kB | 266/502 kB | 156/638 kB | 70/177 kBProgress (4): 295/592 kB | 266/502 kB | 156/638 kB | 70/177 kBProgress (4): 299/592 kB | 266/502 kB | 156/638 kB | 70/177 kBProgress (4): 303/592 kB | 266/502 kB | 156/638 kB | 70/177 kBProgress (4): 307/592 kB | 266/502 kB | 156/638 kB | 70/177 kBProgress (4): 307/592 kB | 266/502 kB | 160/638 kB | 70/177 kBProgress (4): 307/592 kB | 266/502 kB | 164/638 kB | 70/177 kBProgress (4): 307/592 kB | 266/502 kB | 168/638 kB | 70/177 kBProgress (4): 307/592 kB | 266/502 kB | 172/638 kB | 70/177 kBProgress (4): 307/592 kB | 266/502 kB | 176/638 kB | 70/177 kBProgress (4): 307/592 kB | 266/502 kB | 180/638 kB | 70/177 kBProgress (4): 307/592 kB | 266/502 kB | 184/638 kB | 70/177 kBProgress (4): 307/592 kB | 266/502 kB | 188/638 kB | 70/177 kBProgress (4): 307/592 kB | 266/502 kB | 193/638 kB | 70/177 kBProgress (4): 307/592 kB | 266/502 kB | 197/638 kB | 70/177 kBProgress (4): 307/592 kB | 266/502 kB | 197/638 kB | 74/177 kBProgress (5): 307/592 kB | 266/502 kB | 197/638 kB | 74/177 kB | 4.1/67 kBProgress (5): 307/592 kB | 266/502 kB | 197/638 kB | 74/177 kB | 8.2/67 kBProgress (5): 307/592 kB | 266/502 kB | 197/638 kB | 74/177 kB | 12/67 kB Progress (5): 307/592 kB | 266/502 kB | 197/638 kB | 74/177 kB | 16/67 kBProgress (5): 307/592 kB | 266/502 kB | 197/638 kB | 74/177 kB | 20/67 kBProgress (5): 307/592 kB | 266/502 kB | 197/638 kB | 74/177 kB | 25/67 kBProgress (5): 307/592 kB | 266/502 kB | 197/638 kB | 74/177 kB | 29/67 kBProgress (5): 307/592 kB | 266/502 kB | 197/638 kB | 74/177 kB | 33/67 kBProgress (5): 307/592 kB | 266/502 kB | 197/638 kB | 74/177 kB | 37/67 kBProgress (5): 307/592 kB | 266/502 kB | 197/638 kB | 74/177 kB | 41/67 kBProgress (5): 307/592 kB | 266/502 kB | 197/638 kB | 74/177 kB | 45/67 kBProgress (5): 307/592 kB | 266/502 kB | 197/638 kB | 74/177 kB | 49/67 kBProgress (5): 307/592 kB | 266/502 kB | 197/638 kB | 74/177 kB | 53/67 kBProgress (5): 307/592 kB | 270/502 kB | 197/638 kB | 74/177 kB | 53/67 kBProgress (5): 307/592 kB | 274/502 kB | 197/638 kB | 74/177 kB | 53/67 kBProgress (5): 307/592 kB | 279/502 kB | 197/638 kB | 74/177 kB | 53/67 kBProgress (5): 307/592 kB | 283/502 kB | 197/638 kB | 74/177 kB | 53/67 kBProgress (5): 311/592 kB | 283/502 kB | 197/638 kB | 74/177 kB | 53/67 kBProgress (5): 315/592 kB | 283/502 kB | 197/638 kB | 74/177 kB | 53/67 kBProgress (5): 319/592 kB | 283/502 kB | 197/638 kB | 74/177 kB | 53/67 kBProgress (5): 324/592 kB | 283/502 kB | 197/638 kB | 74/177 kB | 53/67 kBProgress (5): 328/592 kB | 283/502 kB | 197/638 kB | 74/177 kB | 53/67 kBProgress (5): 332/592 kB | 283/502 kB | 197/638 kB | 74/177 kB | 53/67 kBProgress (5): 336/592 kB | 283/502 kB | 197/638 kB | 74/177 kB | 53/67 kBProgress (5): 340/592 kB | 283/502 kB | 197/638 kB | 74/177 kB | 53/67 kBProgress (5): 344/592 kB | 283/502 kB | 197/638 kB | 74/177 kB | 53/67 kBProgress (5): 348/592 kB | 283/502 kB | 197/638 kB | 74/177 kB | 53/67 kBProgress (5): 352/592 kB | 283/502 kB | 197/638 kB | 74/177 kB | 53/67 kBProgress (5): 352/592 kB | 283/502 kB | 201/638 kB | 74/177 kB | 53/67 kBProgress (5): 352/592 kB | 283/502 kB | 205/638 kB | 74/177 kB | 53/67 kBProgress (5): 352/592 kB | 283/502 kB | 209/638 kB | 74/177 kB | 53/67 kBProgress (5): 352/592 kB | 283/502 kB | 209/638 kB | 78/177 kB | 53/67 kBProgress (5): 352/592 kB | 283/502 kB | 209/638 kB | 82/177 kB | 53/67 kBProgress (5): 352/592 kB | 283/502 kB | 209/638 kB | 86/177 kB | 53/67 kBProgress (5): 352/592 kB | 283/502 kB | 209/638 kB | 90/177 kB | 53/67 kBProgress (5): 352/592 kB | 283/502 kB | 209/638 kB | 94/177 kB | 53/67 kBProgress (5): 352/592 kB | 283/502 kB | 209/638 kB | 98/177 kB | 53/67 kBProgress (5): 352/592 kB | 283/502 kB | 209/638 kB | 102/177 kB | 53/67 kBProgress (5): 352/592 kB | 283/502 kB | 209/638 kB | 106/177 kB | 53/67 kBProgress (5): 352/592 kB | 283/502 kB | 209/638 kB | 111/177 kB | 53/67 kBProgress (5): 352/592 kB | 283/502 kB | 209/638 kB | 115/177 kB | 53/67 kBProgress (5): 352/592 kB | 283/502 kB | 209/638 kB | 119/177 kB | 53/67 kBProgress (5): 352/592 kB | 283/502 kB | 209/638 kB | 123/177 kB | 53/67 kBProgress (5): 352/592 kB | 283/502 kB | 209/638 kB | 127/177 kB | 53/67 kBProgress (5): 352/592 kB | 283/502 kB | 209/638 kB | 127/177 kB | 57/67 kBProgress (5): 352/592 kB | 283/502 kB | 209/638 kB | 127/177 kB | 61/67 kBProgress (5): 352/592 kB | 283/502 kB | 209/638 kB | 127/177 kB | 66/67 kBProgress (5): 352/592 kB | 283/502 kB | 209/638 kB | 127/177 kB | 67 kB   Progress (5): 352/592 kB | 287/502 kB | 209/638 kB | 127/177 kB | 67 kBProgress (5): 352/592 kB | 291/502 kB | 209/638 kB | 127/177 kB | 67 kBProgress (5): 352/592 kB | 295/502 kB | 209/638 kB | 127/177 kB | 67 kBProgress (5): 352/592 kB | 299/502 kB | 209/638 kB | 127/177 kB | 67 kBProgress (5): 352/592 kB | 303/502 kB | 209/638 kB | 127/177 kB | 67 kBProgress (5): 352/592 kB | 307/502 kB | 209/638 kB | 127/177 kB | 67 kBProgress (5): 352/592 kB | 311/502 kB | 209/638 kB | 127/177 kB | 67 kBProgress (5): 352/592 kB | 315/502 kB | 209/638 kB | 127/177 kB | 67 kBProgress (5): 352/592 kB | 319/502 kB | 209/638 kB | 127/177 kB | 67 kBProgress (5): 356/592 kB | 319/502 kB | 209/638 kB | 127/177 kB | 67 kBProgress (5): 356/592 kB | 319/502 kB | 213/638 kB | 127/177 kB | 67 kBProgress (5): 356/592 kB | 319/502 kB | 217/638 kB | 127/177 kB | 67 kBProgress (5): 356/592 kB | 319/502 kB | 221/638 kB | 127/177 kB | 67 kBProgress (5): 356/592 kB | 319/502 kB | 225/638 kB | 127/177 kB | 67 kBProgress (5): 356/592 kB | 319/502 kB | 229/638 kB | 127/177 kB | 67 kBProgress (5): 356/592 kB | 319/502 kB | 233/638 kB | 127/177 kB | 67 kBProgress (5): 356/592 kB | 319/502 kB | 238/638 kB | 127/177 kB | 67 kBProgress (5): 356/592 kB | 319/502 kB | 242/638 kB | 127/177 kB | 67 kBProgress (5): 356/592 kB | 319/502 kB | 246/638 kB | 127/177 kB | 67 kBProgress (5): 356/592 kB | 319/502 kB | 250/638 kB | 127/177 kB | 67 kBProgress (5): 356/592 kB | 319/502 kB | 254/638 kB | 127/177 kB | 67 kBProgress (5): 356/592 kB | 319/502 kB | 258/638 kB | 127/177 kB | 67 kBProgress (5): 356/592 kB | 319/502 kB | 262/638 kB | 127/177 kB | 67 kBProgress (5): 356/592 kB | 319/502 kB | 266/638 kB | 127/177 kB | 67 kB                                                                       Downloaded from central: https://repo.maven.apache.org/maven2/org/apache/maven/maven-aether-provider/3.3.9/maven-aether-provider-3.3.9.jar (67 kB at 343 kB/s)
Progress (4): 356/592 kB | 319/502 kB | 266/638 kB | 131/177 kBProgress (4): 356/592 kB | 319/502 kB | 266/638 kB | 135/177 kBProgress (4): 356/592 kB | 319/502 kB | 266/638 kB | 139/177 kBProgress (4): 356/592 kB | 319/502 kB | 266/638 kB | 143/177 kBProgress (4): 356/592 kB | 319/502 kB | 266/638 kB | 147/177 kBProgress (4): 356/592 kB | 319/502 kB | 266/638 kB | 152/177 kBProgress (4): 356/592 kB | 324/502 kB | 266/638 kB | 152/177 kBProgress (4): 356/592 kB | 328/502 kB | 266/638 kB | 152/177 kBProgress (4): 356/592 kB | 332/502 kB | 266/638 kB | 152/177 kBProgress (4): 360/592 kB | 332/502 kB | 266/638 kB | 152/177 kBProgress (4): 365/592 kB | 332/502 kB | 266/638 kB | 152/177 kBProgress (4): 369/592 kB | 332/502 kB | 266/638 kB | 152/177 kBProgress (4): 373/592 kB | 332/502 kB | 266/638 kB | 152/177 kBProgress (4): 377/592 kB | 332/502 kB | 266/638 kB | 152/177 kBProgress (4): 381/592 kB | 332/502 kB | 266/638 kB | 152/177 kBProgress (4): 385/592 kB | 332/502 kB | 266/638 kB | 152/177 kB                                                               Downloading from central: https://repo.maven.apache.org/maven2/org/eclipse/aether/aether-spi/1.0.2.v20150114/aether-spi-1.0.2.v20150114.jar
Progress (4): 385/592 kB | 336/502 kB | 266/638 kB | 152/177 kBProgress (4): 385/592 kB | 340/502 kB | 266/638 kB | 152/177 kBProgress (4): 385/592 kB | 344/502 kB | 266/638 kB | 152/177 kBProgress (4): 389/592 kB | 344/502 kB | 266/638 kB | 152/177 kBProgress (4): 393/592 kB | 344/502 kB | 266/638 kB | 152/177 kBProgress (4): 397/592 kB | 344/502 kB | 266/638 kB | 152/177 kBProgress (4): 401/592 kB | 344/502 kB | 266/638 kB | 152/177 kBProgress (4): 406/592 kB | 344/502 kB | 266/638 kB | 152/177 kBProgress (4): 410/592 kB | 344/502 kB | 266/638 kB | 152/177 kBProgress (4): 414/592 kB | 344/502 kB | 266/638 kB | 152/177 kBProgress (4): 418/592 kB | 344/502 kB | 266/638 kB | 152/177 kBProgress (4): 422/592 kB | 344/502 kB | 266/638 kB | 152/177 kBProgress (4): 422/592 kB | 348/502 kB | 266/638 kB | 152/177 kBProgress (4): 422/592 kB | 352/502 kB | 266/638 kB | 152/177 kBProgress (4): 422/592 kB | 356/502 kB | 266/638 kB | 152/177 kBProgress (4): 422/592 kB | 360/502 kB | 266/638 kB | 152/177 kBProgress (4): 422/592 kB | 365/502 kB | 266/638 kB | 152/177 kBProgress (4): 422/592 kB | 369/502 kB | 266/638 kB | 152/177 kBProgress (4): 422/592 kB | 373/502 kB | 266/638 kB | 152/177 kBProgress (4): 422/592 kB | 377/502 kB | 266/638 kB | 152/177 kBProgress (4): 422/592 kB | 381/502 kB | 266/638 kB | 152/177 kBProgress (5): 422/592 kB | 381/502 kB | 266/638 kB | 152/177 kB | 4.1/31 kBProgress (5): 422/592 kB | 381/502 kB | 266/638 kB | 152/177 kB | 8.2/31 kBProgress (5): 422/592 kB | 381/502 kB | 266/638 kB | 152/177 kB | 12/31 kB Progress (5): 422/592 kB | 381/502 kB | 266/638 kB | 152/177 kB | 16/31 kBProgress (5): 422/592 kB | 381/502 kB | 266/638 kB | 152/177 kB | 20/31 kBProgress (5): 422/592 kB | 381/502 kB | 270/638 kB | 152/177 kB | 20/31 kBProgress (5): 422/592 kB | 381/502 kB | 274/638 kB | 152/177 kB | 20/31 kBProgress (5): 422/592 kB | 381/502 kB | 279/638 kB | 152/177 kB | 20/31 kBProgress (5): 422/592 kB | 381/502 kB | 283/638 kB | 152/177 kB | 20/31 kBProgress (5): 422/592 kB | 381/502 kB | 283/638 kB | 156/177 kB | 20/31 kBProgress (5): 422/592 kB | 381/502 kB | 283/638 kB | 160/177 kB | 20/31 kBProgress (5): 422/592 kB | 381/502 kB | 283/638 kB | 164/177 kB | 20/31 kBProgress (5): 422/592 kB | 381/502 kB | 283/638 kB | 168/177 kB | 20/31 kBProgress (5): 422/592 kB | 381/502 kB | 283/638 kB | 172/177 kB | 20/31 kBProgress (5): 422/592 kB | 381/502 kB | 283/638 kB | 176/177 kB | 20/31 kBProgress (5): 422/592 kB | 381/502 kB | 283/638 kB | 177 kB | 20/31 kB    Progress (5): 422/592 kB | 381/502 kB | 287/638 kB | 177 kB | 20/31 kBProgress (5): 422/592 kB | 381/502 kB | 291/638 kB | 177 kB | 20/31 kBProgress (5): 422/592 kB | 381/502 kB | 295/638 kB | 177 kB | 20/31 kBProgress (5): 422/592 kB | 381/502 kB | 299/638 kB | 177 kB | 20/31 kBProgress (5): 422/592 kB | 381/502 kB | 303/638 kB | 177 kB | 20/31 kBProgress (5): 422/592 kB | 381/502 kB | 307/638 kB | 177 kB | 20/31 kBProgress (5): 422/592 kB | 381/502 kB | 311/638 kB | 177 kB | 20/31 kBProgress (5): 422/592 kB | 381/502 kB | 315/638 kB | 177 kB | 20/31 kB                                                                      Downloaded from central: https://repo.maven.apache.org/maven2/org/apache/maven/maven-model-builder/3.3.9/maven-model-builder-3.3.9.jar (177 kB at 816 kB/s)
Downloading from central: https://repo.maven.apache.org/maven2/org/eclipse/aether/aether-impl/1.0.2.v20150114/aether-impl-1.0.2.v20150114.jar
Progress (4): 426/592 kB | 381/502 kB | 315/638 kB | 20/31 kBProgress (4): 430/592 kB | 381/502 kB | 315/638 kB | 20/31 kBProgress (4): 434/592 kB | 381/502 kB | 315/638 kB | 20/31 kBProgress (4): 438/592 kB | 381/502 kB | 315/638 kB | 20/31 kBProgress (4): 442/592 kB | 381/502 kB | 315/638 kB | 20/31 kBProgress (4): 446/592 kB | 381/502 kB | 315/638 kB | 20/31 kBProgress (4): 446/592 kB | 381/502 kB | 315/638 kB | 25/31 kBProgress (4): 446/592 kB | 381/502 kB | 315/638 kB | 29/31 kBProgress (4): 446/592 kB | 381/502 kB | 315/638 kB | 31 kB   Progress (4): 446/592 kB | 385/502 kB | 315/638 kB | 31 kBProgress (4): 446/592 kB | 389/502 kB | 315/638 kB | 31 kBProgress (4): 446/592 kB | 393/502 kB | 315/638 kB | 31 kBProgress (4): 446/592 kB | 397/502 kB | 315/638 kB | 31 kBProgress (4): 446/592 kB | 401/502 kB | 315/638 kB | 31 kBProgress (4): 446/592 kB | 406/502 kB | 315/638 kB | 31 kBProgress (4): 446/592 kB | 410/502 kB | 315/638 kB | 31 kBProgress (5): 446/592 kB | 410/502 kB | 315/638 kB | 31 kB | 4.1/173 kBProgress (5): 446/592 kB | 410/502 kB | 315/638 kB | 31 kB | 8.2/173 kBProgress (5): 446/592 kB | 410/502 kB | 315/638 kB | 31 kB | 12/173 kB Progress (5): 446/592 kB | 410/502 kB | 315/638 kB | 31 kB | 16/173 kBProgress (5): 451/592 kB | 410/502 kB | 315/638 kB | 31 kB | 16/173 kBProgress (5): 455/592 kB | 410/502 kB | 315/638 kB | 31 kB | 16/173 kBProgress (5): 455/592 kB | 410/502 kB | 319/638 kB | 31 kB | 16/173 kBProgress (5): 455/592 kB | 410/502 kB | 324/638 kB | 31 kB | 16/173 kBProgress (5): 455/592 kB | 410/502 kB | 328/638 kB | 31 kB | 16/173 kBProgress (5): 455/592 kB | 410/502 kB | 332/638 kB | 31 kB | 16/173 kBProgress (5): 455/592 kB | 410/502 kB | 336/638 kB | 31 kB | 16/173 kBProgress (5): 455/592 kB | 410/502 kB | 340/638 kB | 31 kB | 16/173 kBProgress (5): 455/592 kB | 410/502 kB | 344/638 kB | 31 kB | 16/173 kBProgress (5): 455/592 kB | 410/502 kB | 348/638 kB | 31 kB | 16/173 kBProgress (5): 455/592 kB | 410/502 kB | 352/638 kB | 31 kB | 16/173 kBProgress (5): 455/592 kB | 414/502 kB | 352/638 kB | 31 kB | 16/173 kBProgress (5): 455/592 kB | 418/502 kB | 352/638 kB | 31 kB | 16/173 kBProgress (5): 455/592 kB | 422/502 kB | 352/638 kB | 31 kB | 16/173 kBProgress (5): 455/592 kB | 426/502 kB | 352/638 kB | 31 kB | 16/173 kBProgress (5): 455/592 kB | 430/502 kB | 352/638 kB | 31 kB | 16/173 kB                                                                      Downloaded from central: https://repo.maven.apache.org/maven2/org/eclipse/aether/aether-spi/1.0.2.v20150114/aether-spi-1.0.2.v20150114.jar (31 kB at 128 kB/s)
Downloading from central: https://repo.maven.apache.org/maven2/org/eclipse/aether/aether-api/1.0.2.v20150114/aether-api-1.0.2.v20150114.jar
Progress (4): 455/592 kB | 430/502 kB | 352/638 kB | 20/173 kBProgress (4): 455/592 kB | 430/502 kB | 352/638 kB | 25/173 kBProgress (4): 459/592 kB | 430/502 kB | 352/638 kB | 25/173 kBProgress (4): 463/592 kB | 430/502 kB | 352/638 kB | 25/173 kBProgress (4): 467/592 kB | 430/502 kB | 352/638 kB | 25/173 kBProgress (4): 471/592 kB | 430/502 kB | 352/638 kB | 25/173 kBProgress (4): 475/592 kB | 430/502 kB | 352/638 kB | 25/173 kBProgress (4): 479/592 kB | 430/502 kB | 352/638 kB | 25/173 kBProgress (4): 483/592 kB | 430/502 kB | 352/638 kB | 25/173 kBProgress (4): 487/592 kB | 430/502 kB | 352/638 kB | 25/173 kBProgress (4): 491/592 kB | 430/502 kB | 352/638 kB | 25/173 kBProgress (4): 491/592 kB | 430/502 kB | 352/638 kB | 29/173 kBProgress (4): 491/592 kB | 430/502 kB | 352/638 kB | 33/173 kBProgress (4): 491/592 kB | 434/502 kB | 352/638 kB | 33/173 kBProgress (4): 491/592 kB | 438/502 kB | 352/638 kB | 33/173 kBProgress (4): 491/592 kB | 442/502 kB | 352/638 kB | 33/173 kBProgress (5): 491/592 kB | 442/502 kB | 352/638 kB | 33/173 kB | 4.1/136 kBProgress (5): 491/592 kB | 442/502 kB | 352/638 kB | 33/173 kB | 8.2/136 kBProgress (5): 491/592 kB | 442/502 kB | 352/638 kB | 33/173 kB | 12/136 kB Progress (5): 491/592 kB | 442/502 kB | 352/638 kB | 33/173 kB | 16/136 kBProgress (5): 491/592 kB | 442/502 kB | 352/638 kB | 33/173 kB | 20/136 kBProgress (5): 491/592 kB | 442/502 kB | 352/638 kB | 33/173 kB | 25/136 kBProgress (5): 491/592 kB | 442/502 kB | 352/638 kB | 33/173 kB | 29/136 kBProgress (5): 491/592 kB | 442/502 kB | 352/638 kB | 33/173 kB | 33/136 kBProgress (5): 495/592 kB | 442/502 kB | 352/638 kB | 33/173 kB | 33/136 kBProgress (5): 499/592 kB | 442/502 kB | 352/638 kB | 33/173 kB | 33/136 kBProgress (5): 503/592 kB | 442/502 kB | 352/638 kB | 33/173 kB | 33/136 kBProgress (5): 507/592 kB | 442/502 kB | 352/638 kB | 33/173 kB | 33/136 kBProgress (5): 511/592 kB | 442/502 kB | 352/638 kB | 33/173 kB | 33/136 kBProgress (5): 516/592 kB | 442/502 kB | 352/638 kB | 33/173 kB | 33/136 kBProgress (5): 516/592 kB | 442/502 kB | 352/638 kB | 37/173 kB | 33/136 kBProgress (5): 516/592 kB | 442/502 kB | 352/638 kB | 41/173 kB | 33/136 kBProgress (5): 516/592 kB | 446/502 kB | 352/638 kB | 41/173 kB | 33/136 kBProgress (5): 516/592 kB | 451/502 kB | 352/638 kB | 41/173 kB | 33/136 kBProgress (5): 516/592 kB | 455/502 kB | 352/638 kB | 41/173 kB | 33/136 kBProgress (5): 516/592 kB | 459/502 kB | 352/638 kB | 41/173 kB | 33/136 kBProgress (5): 516/592 kB | 459/502 kB | 356/638 kB | 41/173 kB | 33/136 kBProgress (5): 516/592 kB | 459/502 kB | 360/638 kB | 41/173 kB | 33/136 kBProgress (5): 516/592 kB | 459/502 kB | 365/638 kB | 41/173 kB | 33/136 kBProgress (5): 516/592 kB | 459/502 kB | 369/638 kB | 41/173 kB | 33/136 kBProgress (5): 516/592 kB | 459/502 kB | 373/638 kB | 41/173 kB | 33/136 kBProgress (5): 516/592 kB | 459/502 kB | 377/638 kB | 41/173 kB | 33/136 kBProgress (5): 516/592 kB | 459/502 kB | 381/638 kB | 41/173 kB | 33/136 kBProgress (5): 516/592 kB | 463/502 kB | 381/638 kB | 41/173 kB | 33/136 kBProgress (5): 516/592 kB | 467/502 kB | 381/638 kB | 41/173 kB | 33/136 kBProgress (5): 516/592 kB | 471/502 kB | 381/638 kB | 41/173 kB | 33/136 kBProgress (5): 516/592 kB | 475/502 kB | 381/638 kB | 41/173 kB | 33/136 kBProgress (5): 516/592 kB | 479/502 kB | 381/638 kB | 41/173 kB | 33/136 kBProgress (5): 516/592 kB | 483/502 kB | 381/638 kB | 41/173 kB | 33/136 kBProgress (5): 516/592 kB | 487/502 kB | 381/638 kB | 41/173 kB | 33/136 kBProgress (5): 516/592 kB | 491/502 kB | 381/638 kB | 41/173 kB | 33/136 kBProgress (5): 516/592 kB | 495/502 kB | 381/638 kB | 41/173 kB | 33/136 kBProgress (5): 516/592 kB | 495/502 kB | 381/638 kB | 41/173 kB | 37/136 kBProgress (5): 516/592 kB | 495/502 kB | 381/638 kB | 41/173 kB | 41/136 kBProgress (5): 516/592 kB | 495/502 kB | 381/638 kB | 41/173 kB | 45/136 kBProgress (5): 516/592 kB | 495/502 kB | 381/638 kB | 41/173 kB | 49/136 kBProgress (5): 516/592 kB | 495/502 kB | 381/638 kB | 41/173 kB | 53/136 kBProgress (5): 516/592 kB | 495/502 kB | 381/638 kB | 41/173 kB | 57/136 kBProgress (5): 516/592 kB | 495/502 kB | 381/638 kB | 41/173 kB | 61/136 kBProgress (5): 516/592 kB | 495/502 kB | 381/638 kB | 41/173 kB | 66/136 kBProgress (5): 516/592 kB | 495/502 kB | 381/638 kB | 41/173 kB | 70/136 kBProgress (5): 516/592 kB | 495/502 kB | 385/638 kB | 41/173 kB | 70/136 kBProgress (5): 516/592 kB | 495/502 kB | 389/638 kB | 41/173 kB | 70/136 kBProgress (5): 516/592 kB | 495/502 kB | 393/638 kB | 41/173 kB | 70/136 kBProgress (5): 516/592 kB | 495/502 kB | 397/638 kB | 41/173 kB | 70/136 kBProgress (5): 516/592 kB | 495/502 kB | 401/638 kB | 41/173 kB | 70/136 kBProgress (5): 520/592 kB | 495/502 kB | 401/638 kB | 41/173 kB | 70/136 kBProgress (5): 524/592 kB | 495/502 kB | 401/638 kB | 41/173 kB | 70/136 kBProgress (5): 524/592 kB | 495/502 kB | 401/638 kB | 45/173 kB | 70/136 kBProgress (5): 524/592 kB | 495/502 kB | 401/638 kB | 49/173 kB | 70/136 kBProgress (5): 524/592 kB | 495/502 kB | 401/638 kB | 53/173 kB | 70/136 kBProgress (5): 524/592 kB | 495/502 kB | 401/638 kB | 57/173 kB | 70/136 kBProgress (5): 524/592 kB | 495/502 kB | 401/638 kB | 61/173 kB | 70/136 kBProgress (5): 524/592 kB | 495/502 kB | 401/638 kB | 66/173 kB | 70/136 kBProgress (5): 524/592 kB | 495/502 kB | 401/638 kB | 70/173 kB | 70/136 kBProgress (5): 524/592 kB | 495/502 kB | 401/638 kB | 74/173 kB | 70/136 kBProgress (5): 524/592 kB | 495/502 kB | 401/638 kB | 78/173 kB | 70/136 kBProgress (5): 524/592 kB | 495/502 kB | 401/638 kB | 82/173 kB | 70/136 kBProgress (5): 524/592 kB | 495/502 kB | 401/638 kB | 86/173 kB | 70/136 kBProgress (5): 524/592 kB | 495/502 kB | 401/638 kB | 90/173 kB | 70/136 kBProgress (5): 524/592 kB | 495/502 kB | 401/638 kB | 94/173 kB | 70/136 kBProgress (5): 524/592 kB | 495/502 kB | 401/638 kB | 98/173 kB | 70/136 kBProgress (5): 524/592 kB | 495/502 kB | 401/638 kB | 102/173 kB | 70/136 kBProgress (5): 524/592 kB | 495/502 kB | 401/638 kB | 106/173 kB | 70/136 kBProgress (5): 524/592 kB | 495/502 kB | 401/638 kB | 111/173 kB | 70/136 kBProgress (5): 524/592 kB | 495/502 kB | 401/638 kB | 115/173 kB | 70/136 kBProgress (5): 528/592 kB | 495/502 kB | 401/638 kB | 115/173 kB | 70/136 kBProgress (5): 532/592 kB | 495/502 kB | 401/638 kB | 115/173 kB | 70/136 kBProgress (5): 536/592 kB | 495/502 kB | 401/638 kB | 115/173 kB | 70/136 kBProgress (5): 540/592 kB | 495/502 kB | 401/638 kB | 115/173 kB | 70/136 kBProgress (5): 544/592 kB | 495/502 kB | 401/638 kB | 115/173 kB | 70/136 kBProgress (5): 548/592 kB | 495/502 kB | 401/638 kB | 115/173 kB | 70/136 kBProgress (5): 552/592 kB | 495/502 kB | 401/638 kB | 115/173 kB | 70/136 kBProgress (5): 556/592 kB | 495/502 kB | 401/638 kB | 115/173 kB | 70/136 kBProgress (5): 561/592 kB | 495/502 kB | 401/638 kB | 115/173 kB | 70/136 kBProgress (5): 561/592 kB | 499/502 kB | 401/638 kB | 115/173 kB | 70/136 kBProgress (5): 561/592 kB | 502 kB | 401/638 kB | 115/173 kB | 70/136 kB    Progress (5): 561/592 kB | 502 kB | 406/638 kB | 115/173 kB | 70/136 kBProgress (5): 561/592 kB | 502 kB | 410/638 kB | 115/173 kB | 70/136 kBProgress (5): 561/592 kB | 502 kB | 414/638 kB | 115/173 kB | 70/136 kBProgress (5): 561/592 kB | 502 kB | 418/638 kB | 115/173 kB | 70/136 kBProgress (5): 561/592 kB | 502 kB | 422/638 kB | 115/173 kB | 70/136 kBProgress (5): 561/592 kB | 502 kB | 426/638 kB | 115/173 kB | 70/136 kBProgress (5): 561/592 kB | 502 kB | 430/638 kB | 115/173 kB | 70/136 kBProgress (5): 561/592 kB | 502 kB | 434/638 kB | 115/173 kB | 70/136 kBProgress (5): 561/592 kB | 502 kB | 434/638 kB | 115/173 kB | 74/136 kBProgress (5): 561/592 kB | 502 kB | 434/638 kB | 115/173 kB | 78/136 kBProgress (5): 561/592 kB | 502 kB | 434/638 kB | 115/173 kB | 82/136 kBProgress (5): 561/592 kB | 502 kB | 434/638 kB | 115/173 kB | 86/136 kBProgress (5): 561/592 kB | 502 kB | 434/638 kB | 115/173 kB | 90/136 kBProgress (5): 561/592 kB | 502 kB | 434/638 kB | 115/173 kB | 94/136 kBProgress (5): 561/592 kB | 502 kB | 434/638 kB | 115/173 kB | 98/136 kBProgress (5): 561/592 kB | 502 kB | 434/638 kB | 115/173 kB | 102/136 kBProgress (5): 561/592 kB | 502 kB | 434/638 kB | 115/173 kB | 106/136 kBProgress (5): 561/592 kB | 502 kB | 434/638 kB | 115/173 kB | 111/136 kBProgress (5): 561/592 kB | 502 kB | 434/638 kB | 115/173 kB | 115/136 kBProgress (5): 561/592 kB | 502 kB | 434/638 kB | 115/173 kB | 119/136 kBProgress (5): 561/592 kB | 502 kB | 434/638 kB | 119/173 kB | 119/136 kBProgress (5): 561/592 kB | 502 kB | 434/638 kB | 123/173 kB | 119/136 kBProgress (5): 561/592 kB | 502 kB | 434/638 kB | 127/173 kB | 119/136 kBProgress (5): 561/592 kB | 502 kB | 434/638 kB | 131/173 kB | 119/136 kBProgress (5): 561/592 kB | 502 kB | 434/638 kB | 135/173 kB | 119/136 kBProgress (5): 565/592 kB | 502 kB | 434/638 kB | 135/173 kB | 119/136 kBProgress (5): 569/592 kB | 502 kB | 434/638 kB | 135/173 kB | 119/136 kBProgress (5): 573/592 kB | 502 kB | 434/638 kB | 135/173 kB | 119/136 kBProgress (5): 577/592 kB | 502 kB | 434/638 kB | 135/173 kB | 119/136 kBProgress (5): 581/592 kB | 502 kB | 434/638 kB | 135/173 kB | 119/136 kBProgress (5): 585/592 kB | 502 kB | 434/638 kB | 135/173 kB | 119/136 kBProgress (5): 589/592 kB | 502 kB | 434/638 kB | 135/173 kB | 119/136 kBProgress (5): 592 kB | 502 kB | 434/638 kB | 135/173 kB | 119/136 kB    Progress (5): 592 kB | 502 kB | 438/638 kB | 135/173 kB | 119/136 kBProgress (5): 592 kB | 502 kB | 442/638 kB | 135/173 kB | 119/136 kBProgress (5): 592 kB | 502 kB | 446/638 kB | 135/173 kB | 119/136 kBProgress (5): 592 kB | 502 kB | 451/638 kB | 135/173 kB | 119/136 kBProgress (5): 592 kB | 502 kB | 455/638 kB | 135/173 kB | 119/136 kBProgress (5): 592 kB | 502 kB | 455/638 kB | 139/173 kB | 119/136 kBProgress (5): 592 kB | 502 kB | 455/638 kB | 143/173 kB | 119/136 kBProgress (5): 592 kB | 502 kB | 455/638 kB | 147/173 kB | 119/136 kBProgress (5): 592 kB | 502 kB | 455/638 kB | 152/173 kB | 119/136 kBProgress (5): 592 kB | 502 kB | 455/638 kB | 156/173 kB | 119/136 kBProgress (5): 592 kB | 502 kB | 455/638 kB | 160/173 kB | 119/136 kBProgress (5): 592 kB | 502 kB | 455/638 kB | 164/173 kB | 119/136 kBProgress (5): 592 kB | 502 kB | 455/638 kB | 168/173 kB | 119/136 kBProgress (5): 592 kB | 502 kB | 459/638 kB | 168/173 kB | 119/136 kB                                                                    Downloaded from central: https://repo.maven.apache.org/maven2/org/apache/commons/commons-lang3/3.8.1/commons-lang3-3.8.1.jar (502 kB at 1.7 MB/s)
Downloading from central: https://repo.maven.apache.org/maven2/org/eclipse/aether/aether-util/1.0.2.v20150114/aether-util-1.0.2.v20150114.jar
Progress (4): 592 kB | 463/638 kB | 168/173 kB | 119/136 kBProgress (4): 592 kB | 467/638 kB | 168/173 kB | 119/136 kBProgress (4): 592 kB | 471/638 kB | 168/173 kB | 119/136 kBProgress (4): 592 kB | 475/638 kB | 168/173 kB | 119/136 kBProgress (4): 592 kB | 479/638 kB | 168/173 kB | 119/136 kBProgress (4): 592 kB | 483/638 kB | 168/173 kB | 119/136 kBProgress (4): 592 kB | 483/638 kB | 168/173 kB | 123/136 kBProgress (4): 592 kB | 483/638 kB | 168/173 kB | 127/136 kBProgress (4): 592 kB | 483/638 kB | 168/173 kB | 131/136 kBProgress (4): 592 kB | 483/638 kB | 168/173 kB | 135/136 kBProgress (4): 592 kB | 483/638 kB | 168/173 kB | 136 kB    Progress (5): 592 kB | 483/638 kB | 168/173 kB | 136 kB | 4.1/147 kBProgress (5): 592 kB | 483/638 kB | 168/173 kB | 136 kB | 8.2/147 kBProgress (5): 592 kB | 483/638 kB | 168/173 kB | 136 kB | 12/147 kB Progress (5): 592 kB | 483/638 kB | 168/173 kB | 136 kB | 16/147 kBProgress (5): 592 kB | 483/638 kB | 168/173 kB | 136 kB | 20/147 kBProgress (5): 592 kB | 483/638 kB | 168/173 kB | 136 kB | 25/147 kBProgress (5): 592 kB | 483/638 kB | 168/173 kB | 136 kB | 29/147 kBProgress (5): 592 kB | 483/638 kB | 168/173 kB | 136 kB | 33/147 kBProgress (5): 592 kB | 483/638 kB | 168/173 kB | 136 kB | 37/147 kBProgress (5): 592 kB | 483/638 kB | 168/173 kB | 136 kB | 41/147 kBProgress (5): 592 kB | 483/638 kB | 168/173 kB | 136 kB | 45/147 kBProgress (5): 592 kB | 483/638 kB | 172/173 kB | 136 kB | 45/147 kBProgress (5): 592 kB | 483/638 kB | 173 kB | 136 kB | 45/147 kB    Progress (5): 592 kB | 487/638 kB | 173 kB | 136 kB | 45/147 kBProgress (5): 592 kB | 492/638 kB | 173 kB | 136 kB | 45/147 kBProgress (5): 592 kB | 496/638 kB | 173 kB | 136 kB | 45/147 kBProgress (5): 592 kB | 500/638 kB | 173 kB | 136 kB | 45/147 kBProgress (5): 592 kB | 504/638 kB | 173 kB | 136 kB | 45/147 kB                                                               Downloaded from central: https://repo.maven.apache.org/maven2/org/eclipse/aether/aether-api/1.0.2.v20150114/aether-api-1.0.2.v20150114.jar (136 kB at 430 kB/s)
Downloaded from central: https://repo.maven.apache.org/maven2/org/apache/commons/commons-compress/1.18/commons-compress-1.18.jar (592 kB at 1.8 MB/s)
Downloading from central: https://repo.maven.apache.org/maven2/org/eclipse/sisu/org.eclipse.sisu.plexus/0.3.2/org.eclipse.sisu.plexus-0.3.2.jar
Downloading from central: https://repo.maven.apache.org/maven2/javax/enterprise/cdi-api/1.0/cdi-api-1.0.jar
Progress (3): 504/638 kB | 173 kB | 49/147 kBProgress (3): 504/638 kB | 173 kB | 53/147 kBProgress (3): 504/638 kB | 173 kB | 57/147 kBProgress (3): 504/638 kB | 173 kB | 61/147 kBProgress (3): 504/638 kB | 173 kB | 66/147 kBProgress (3): 504/638 kB | 173 kB | 70/147 kB                                             Downloaded from central: https://repo.maven.apache.org/maven2/org/eclipse/aether/aether-impl/1.0.2.v20150114/aether-impl-1.0.2.v20150114.jar (173 kB at 537 kB/s)
Downloading from central: https://repo.maven.apache.org/maven2/javax/annotation/jsr250-api/1.0/jsr250-api-1.0.jar
Progress (3): 504/638 kB | 70/147 kB | 4.1/45 kBProgress (3): 504/638 kB | 70/147 kB | 8.2/45 kBProgress (3): 504/638 kB | 70/147 kB | 12/45 kB Progress (3): 504/638 kB | 70/147 kB | 16/45 kBProgress (3): 508/638 kB | 70/147 kB | 16/45 kBProgress (3): 512/638 kB | 70/147 kB | 16/45 kBProgress (3): 516/638 kB | 70/147 kB | 16/45 kBProgress (3): 520/638 kB | 70/147 kB | 16/45 kBProgress (3): 524/638 kB | 70/147 kB | 16/45 kBProgress (3): 528/638 kB | 70/147 kB | 16/45 kBProgress (3): 532/638 kB | 70/147 kB | 16/45 kBProgress (3): 537/638 kB | 70/147 kB | 16/45 kBProgress (3): 541/638 kB | 70/147 kB | 16/45 kBProgress (3): 545/638 kB | 70/147 kB | 16/45 kBProgress (3): 549/638 kB | 70/147 kB | 16/45 kBProgress (4): 549/638 kB | 70/147 kB | 16/45 kB | 4.1/5.8 kBProgress (4): 549/638 kB | 70/147 kB | 16/45 kB | 5.8 kB    Progress (4): 549/638 kB | 70/147 kB | 20/45 kB | 5.8 kBProgress (4): 549/638 kB | 70/147 kB | 25/45 kB | 5.8 kBProgress (4): 549/638 kB | 70/147 kB | 29/45 kB | 5.8 kBProgress (4): 549/638 kB | 70/147 kB | 33/45 kB | 5.8 kBProgress (4): 549/638 kB | 70/147 kB | 37/45 kB | 5.8 kBProgress (5): 549/638 kB | 70/147 kB | 37/45 kB | 5.8 kB | 4.1/205 kBProgress (5): 549/638 kB | 70/147 kB | 37/45 kB | 5.8 kB | 8.2/205 kBProgress (5): 549/638 kB | 70/147 kB | 37/45 kB | 5.8 kB | 12/205 kB Progress (5): 549/638 kB | 70/147 kB | 37/45 kB | 5.8 kB | 16/205 kBProgress (5): 549/638 kB | 70/147 kB | 37/45 kB | 5.8 kB | 20/205 kBProgress (5): 549/638 kB | 70/147 kB | 37/45 kB | 5.8 kB | 25/205 kBProgress (5): 549/638 kB | 70/147 kB | 37/45 kB | 5.8 kB | 29/205 kBProgress (5): 549/638 kB | 70/147 kB | 37/45 kB | 5.8 kB | 33/205 kBProgress (5): 549/638 kB | 70/147 kB | 37/45 kB | 5.8 kB | 37/205 kBProgress (5): 549/638 kB | 74/147 kB | 37/45 kB | 5.8 kB | 37/205 kBProgress (5): 549/638 kB | 78/147 kB | 37/45 kB | 5.8 kB | 37/205 kBProgress (5): 549/638 kB | 82/147 kB | 37/45 kB | 5.8 kB | 37/205 kBProgress (5): 549/638 kB | 86/147 kB | 37/45 kB | 5.8 kB | 37/205 kBProgress (5): 549/638 kB | 90/147 kB | 37/45 kB | 5.8 kB | 37/205 kBProgress (5): 549/638 kB | 94/147 kB | 37/45 kB | 5.8 kB | 37/205 kBProgress (5): 549/638 kB | 98/147 kB | 37/45 kB | 5.8 kB | 37/205 kBProgress (5): 549/638 kB | 102/147 kB | 37/45 kB | 5.8 kB | 37/205 kBProgress (5): 549/638 kB | 106/147 kB | 37/45 kB | 5.8 kB | 37/205 kB                                                                     Downloaded from central: https://repo.maven.apache.org/maven2/javax/annotation/jsr250-api/1.0/jsr250-api-1.0.jar (5.8 kB at 17 kB/s)
Downloading from central: https://repo.maven.apache.org/maven2/org/eclipse/sisu/org.eclipse.sisu.inject/0.3.2/org.eclipse.sisu.inject-0.3.2.jar
Progress (4): 549/638 kB | 106/147 kB | 37/45 kB | 41/205 kBProgress (4): 549/638 kB | 106/147 kB | 37/45 kB | 45/205 kBProgress (4): 549/638 kB | 106/147 kB | 37/45 kB | 49/205 kBProgress (4): 549/638 kB | 106/147 kB | 37/45 kB | 53/205 kBProgress (4): 549/638 kB | 106/147 kB | 37/45 kB | 57/205 kBProgress (4): 549/638 kB | 106/147 kB | 37/45 kB | 61/205 kBProgress (4): 553/638 kB | 106/147 kB | 37/45 kB | 61/205 kBProgress (4): 557/638 kB | 106/147 kB | 37/45 kB | 61/205 kBProgress (4): 561/638 kB | 106/147 kB | 37/45 kB | 61/205 kBProgress (4): 565/638 kB | 106/147 kB | 37/45 kB | 61/205 kBProgress (4): 565/638 kB | 106/147 kB | 41/45 kB | 61/205 kBProgress (4): 565/638 kB | 106/147 kB | 45 kB | 61/205 kB   Progress (4): 565/638 kB | 111/147 kB | 45 kB | 61/205 kBProgress (4): 565/638 kB | 115/147 kB | 45 kB | 61/205 kBProgress (4): 569/638 kB | 115/147 kB | 45 kB | 61/205 kBProgress (4): 573/638 kB | 115/147 kB | 45 kB | 61/205 kBProgress (4): 578/638 kB | 115/147 kB | 45 kB | 61/205 kB                                                         Downloaded from central: https://repo.maven.apache.org/maven2/javax/enterprise/cdi-api/1.0/cdi-api-1.0.jar (45 kB at 130 kB/s)
Downloading from central: https://repo.maven.apache.org/maven2/com/google/inject/guice/4.0/guice-4.0-no_aop.jar
Progress (3): 578/638 kB | 119/147 kB | 61/205 kBProgress (3): 578/638 kB | 123/147 kB | 61/205 kBProgress (3): 578/638 kB | 127/147 kB | 61/205 kBProgress (3): 578/638 kB | 131/147 kB | 61/205 kBProgress (3): 578/638 kB | 135/147 kB | 61/205 kBProgress (3): 578/638 kB | 139/147 kB | 61/205 kBProgress (3): 578/638 kB | 143/147 kB | 61/205 kBProgress (3): 578/638 kB | 147 kB | 61/205 kB    Progress (3): 582/638 kB | 147 kB | 61/205 kBProgress (3): 586/638 kB | 147 kB | 61/205 kBProgress (3): 590/638 kB | 147 kB | 61/205 kBProgress (3): 594/638 kB | 147 kB | 61/205 kBProgress (3): 598/638 kB | 147 kB | 61/205 kBProgress (3): 598/638 kB | 147 kB | 66/205 kBProgress (3): 598/638 kB | 147 kB | 70/205 kBProgress (3): 598/638 kB | 147 kB | 74/205 kBProgress (3): 598/638 kB | 147 kB | 78/205 kBProgress (3): 598/638 kB | 147 kB | 82/205 kBProgress (4): 598/638 kB | 147 kB | 82/205 kB | 4.1/378 kBProgress (4): 598/638 kB | 147 kB | 82/205 kB | 8.2/378 kBProgress (4): 598/638 kB | 147 kB | 82/205 kB | 12/378 kB Progress (4): 598/638 kB | 147 kB | 82/205 kB | 16/378 kBProgress (4): 598/638 kB | 147 kB | 82/205 kB | 20/378 kBProgress (4): 598/638 kB | 147 kB | 82/205 kB | 25/378 kBProgress (4): 598/638 kB | 147 kB | 82/205 kB | 29/378 kBProgress (4): 598/638 kB | 147 kB | 82/205 kB | 33/378 kBProgress (4): 598/638 kB | 147 kB | 82/205 kB | 37/378 kBProgress (5): 598/638 kB | 147 kB | 82/205 kB | 37/378 kB | 4.1/424 kBProgress (5): 598/638 kB | 147 kB | 82/205 kB | 37/378 kB | 8.2/424 kBProgress (5): 598/638 kB | 147 kB | 82/205 kB | 37/378 kB | 12/424 kB Progress (5): 598/638 kB | 147 kB | 82/205 kB | 37/378 kB | 16/424 kBProgress (5): 598/638 kB | 147 kB | 82/205 kB | 37/378 kB | 20/424 kBProgress (5): 598/638 kB | 147 kB | 82/205 kB | 37/378 kB | 25/424 kBProgress (5): 598/638 kB | 147 kB | 82/205 kB | 37/378 kB | 29/424 kBProgress (5): 598/638 kB | 147 kB | 82/205 kB | 37/378 kB | 33/424 kBProgress (5): 598/638 kB | 147 kB | 82/205 kB | 37/378 kB | 37/424 kBProgress (5): 602/638 kB | 147 kB | 82/205 kB | 37/378 kB | 37/424 kBProgress (5): 606/638 kB | 147 kB | 82/205 kB | 37/378 kB | 37/424 kBProgress (5): 610/638 kB | 147 kB | 82/205 kB | 37/378 kB | 37/424 kBProgress (5): 614/638 kB | 147 kB | 82/205 kB | 37/378 kB | 37/424 kBProgress (5): 618/638 kB | 147 kB | 82/205 kB | 37/378 kB | 37/424 kBProgress (5): 618/638 kB | 147 kB | 86/205 kB | 37/378 kB | 37/424 kBProgress (5): 618/638 kB | 147 kB | 90/205 kB | 37/378 kB | 37/424 kBProgress (5): 618/638 kB | 147 kB | 94/205 kB | 37/378 kB | 37/424 kBProgress (5): 618/638 kB | 147 kB | 98/205 kB | 37/378 kB | 37/424 kBProgress (5): 618/638 kB | 147 kB | 102/205 kB | 37/378 kB | 37/424 kBProgress (5): 618/638 kB | 147 kB | 106/205 kB | 37/378 kB | 37/424 kBProgress (5): 618/638 kB | 147 kB | 111/205 kB | 37/378 kB | 37/424 kBProgress (5): 618/638 kB | 147 kB | 115/205 kB | 37/378 kB | 37/424 kBProgress (5): 618/638 kB | 147 kB | 119/205 kB | 37/378 kB | 37/424 kBProgress (5): 618/638 kB | 147 kB | 123/205 kB | 37/378 kB | 37/424 kBProgress (5): 618/638 kB | 147 kB | 127/205 kB | 37/378 kB | 37/424 kBProgress (5): 618/638 kB | 147 kB | 127/205 kB | 41/378 kB | 37/424 kBProgress (5): 618/638 kB | 147 kB | 127/205 kB | 45/378 kB | 37/424 kBProgress (5): 618/638 kB | 147 kB | 127/205 kB | 49/378 kB | 37/424 kBProgress (5): 618/638 kB | 147 kB | 127/205 kB | 53/378 kB | 37/424 kBProgress (5): 618/638 kB | 147 kB | 127/205 kB | 57/378 kB | 37/424 kBProgress (5): 618/638 kB | 147 kB | 127/205 kB | 61/378 kB | 37/424 kBProgress (5): 618/638 kB | 147 kB | 127/205 kB | 66/378 kB | 37/424 kBProgress (5): 618/638 kB | 147 kB | 127/205 kB | 70/378 kB | 37/424 kB                                                                      Downloaded from central: https://repo.maven.apache.org/maven2/org/eclipse/aether/aether-util/1.0.2.v20150114/aether-util-1.0.2.v20150114.jar (147 kB at 395 kB/s)
Downloading from central: https://repo.maven.apache.org/maven2/javax/inject/javax.inject/1/javax.inject-1.jar
Progress (4): 618/638 kB | 131/205 kB | 70/378 kB | 37/424 kBProgress (4): 618/638 kB | 135/205 kB | 70/378 kB | 37/424 kBProgress (4): 618/638 kB | 135/205 kB | 70/378 kB | 41/424 kBProgress (4): 618/638 kB | 135/205 kB | 70/378 kB | 45/424 kBProgress (4): 618/638 kB | 135/205 kB | 70/378 kB | 49/424 kBProgress (4): 618/638 kB | 135/205 kB | 70/378 kB | 53/424 kBProgress (4): 623/638 kB | 135/205 kB | 70/378 kB | 53/424 kBProgress (4): 627/638 kB | 135/205 kB | 70/378 kB | 53/424 kBProgress (4): 631/638 kB | 135/205 kB | 70/378 kB | 53/424 kBProgress (4): 635/638 kB | 135/205 kB | 70/378 kB | 53/424 kBProgress (4): 638 kB | 135/205 kB | 70/378 kB | 53/424 kB    Progress (4): 638 kB | 135/205 kB | 70/378 kB | 57/424 kBProgress (4): 638 kB | 135/205 kB | 70/378 kB | 61/424 kBProgress (4): 638 kB | 135/205 kB | 70/378 kB | 66/424 kBProgress (4): 638 kB | 135/205 kB | 70/378 kB | 70/424 kBProgress (4): 638 kB | 135/205 kB | 70/378 kB | 74/424 kBProgress (4): 638 kB | 135/205 kB | 70/378 kB | 78/424 kBProgress (4): 638 kB | 135/205 kB | 70/378 kB | 82/424 kBProgress (5): 638 kB | 135/205 kB | 70/378 kB | 82/424 kB | 2.5 kB                                                                  Downloaded from central: https://repo.maven.apache.org/maven2/org/apache/maven/maven-core/3.3.9/maven-core-3.3.9.jar (638 kB at 1.7 MB/s)
Progress (4): 135/205 kB | 74/378 kB | 82/424 kB | 2.5 kBProgress (4): 135/205 kB | 78/378 kB | 82/424 kB | 2.5 kBProgress (4): 135/205 kB | 82/378 kB | 82/424 kB | 2.5 kBProgress (4): 135/205 kB | 86/378 kB | 82/424 kB | 2.5 kBProgress (4): 135/205 kB | 90/378 kB | 82/424 kB | 2.5 kBProgress (4): 135/205 kB | 94/378 kB | 82/424 kB | 2.5 kBProgress (4): 135/205 kB | 98/378 kB | 82/424 kB | 2.5 kBProgress (4): 139/205 kB | 98/378 kB | 82/424 kB | 2.5 kBProgress (4): 143/205 kB | 98/378 kB | 82/424 kB | 2.5 kBProgress (4): 147/205 kB | 98/378 kB | 82/424 kB | 2.5 kBProgress (4): 152/205 kB | 98/378 kB | 82/424 kB | 2.5 kBProgress (4): 156/205 kB | 98/378 kB | 82/424 kB | 2.5 kBProgress (4): 160/205 kB | 98/378 kB | 82/424 kB | 2.5 kBProgress (4): 164/205 kB | 98/378 kB | 82/424 kB | 2.5 kBProgress (4): 168/205 kB | 98/378 kB | 82/424 kB | 2.5 kBProgress (4): 172/205 kB | 98/378 kB | 82/424 kB | 2.5 kBProgress (4): 176/205 kB | 98/378 kB | 82/424 kB | 2.5 kB                                                         Downloaded from central: https://repo.maven.apache.org/maven2/javax/inject/javax.inject/1/javax.inject-1.jar (2.5 kB at 6.5 kB/s)
Downloading from central: https://repo.maven.apache.org/maven2/org/codehaus/plexus/plexus-classworlds/2.5.2/plexus-classworlds-2.5.2.jar
Progress (3): 176/205 kB | 98/378 kB | 86/424 kB                                                Downloading from central: https://repo.maven.apache.org/maven2/aopalliance/aopalliance/1.0/aopalliance-1.0.jar
Progress (3): 176/205 kB | 102/378 kB | 86/424 kBProgress (3): 176/205 kB | 106/378 kB | 86/424 kBProgress (3): 176/205 kB | 111/378 kB | 86/424 kBProgress (4): 176/205 kB | 111/378 kB | 86/424 kB | 4.1/4.5 kBProgress (4): 176/205 kB | 111/378 kB | 86/424 kB | 4.5 kB    Progress (4): 180/205 kB | 111/378 kB | 86/424 kB | 4.5 kBProgress (4): 184/205 kB | 111/378 kB | 86/424 kB | 4.5 kBProgress (4): 184/205 kB | 111/378 kB | 90/424 kB | 4.5 kBProgress (4): 184/205 kB | 111/378 kB | 94/424 kB | 4.5 kBProgress (4): 184/205 kB | 111/378 kB | 98/424 kB | 4.5 kBProgress (4): 184/205 kB | 111/378 kB | 102/424 kB | 4.5 kBProgress (4): 184/205 kB | 111/378 kB | 106/424 kB | 4.5 kBProgress (4): 184/205 kB | 115/378 kB | 106/424 kB | 4.5 kBProgress (4): 184/205 kB | 119/378 kB | 106/424 kB | 4.5 kBProgress (4): 184/205 kB | 123/378 kB | 106/424 kB | 4.5 kBProgress (4): 184/205 kB | 127/378 kB | 106/424 kB | 4.5 kBProgress (4): 184/205 kB | 131/378 kB | 106/424 kB | 4.5 kBProgress (4): 184/205 kB | 135/378 kB | 106/424 kB | 4.5 kBProgress (5): 184/205 kB | 135/378 kB | 106/424 kB | 4.5 kB | 4.1/53 kBProgress (5): 184/205 kB | 135/378 kB | 106/424 kB | 4.5 kB | 8.2/53 kBProgress (5): 184/205 kB | 135/378 kB | 106/424 kB | 4.5 kB | 12/53 kB Progress (5): 184/205 kB | 135/378 kB | 106/424 kB | 4.5 kB | 16/53 kBProgress (5): 184/205 kB | 135/378 kB | 106/424 kB | 4.5 kB | 20/53 kBProgress (5): 184/205 kB | 135/378 kB | 106/424 kB | 4.5 kB | 25/53 kBProgress (5): 184/205 kB | 135/378 kB | 106/424 kB | 4.5 kB | 29/53 kBProgress (5): 184/205 kB | 135/378 kB | 106/424 kB | 4.5 kB | 33/53 kBProgress (5): 184/205 kB | 135/378 kB | 106/424 kB | 4.5 kB | 37/53 kBProgress (5): 188/205 kB | 135/378 kB | 106/424 kB | 4.5 kB | 37/53 kBProgress (5): 193/205 kB | 135/378 kB | 106/424 kB | 4.5 kB | 37/53 kBProgress (5): 197/205 kB | 135/378 kB | 106/424 kB | 4.5 kB | 37/53 kBProgress (5): 201/205 kB | 135/378 kB | 106/424 kB | 4.5 kB | 37/53 kBProgress (5): 205/205 kB | 135/378 kB | 106/424 kB | 4.5 kB | 37/53 kBProgress (5): 205 kB | 135/378 kB | 106/424 kB | 4.5 kB | 37/53 kB    Progress (5): 205 kB | 135/378 kB | 111/424 kB | 4.5 kB | 37/53 kBProgress (5): 205 kB | 135/378 kB | 115/424 kB | 4.5 kB | 37/53 kB                                                                  Downloaded from central: https://repo.maven.apache.org/maven2/aopalliance/aopalliance/1.0/aopalliance-1.0.jar (4.5 kB at 11 kB/s)
Downloading from central: https://repo.maven.apache.org/maven2/org/codehaus/plexus/plexus-component-annotations/1.6/plexus-component-annotations-1.6.jar
Progress (4): 205 kB | 135/378 kB | 119/424 kB | 37/53 kBProgress (4): 205 kB | 135/378 kB | 123/424 kB | 37/53 kBProgress (4): 205 kB | 135/378 kB | 127/424 kB | 37/53 kBProgress (4): 205 kB | 135/378 kB | 131/424 kB | 37/53 kBProgress (4): 205 kB | 135/378 kB | 135/424 kB | 37/53 kBProgress (4): 205 kB | 135/378 kB | 139/424 kB | 37/53 kBProgress (4): 205 kB | 135/378 kB | 143/424 kB | 37/53 kBProgress (4): 205 kB | 135/378 kB | 147/424 kB | 37/53 kBProgress (4): 205 kB | 139/378 kB | 147/424 kB | 37/53 kBProgress (4): 205 kB | 143/378 kB | 147/424 kB | 37/53 kBProgress (4): 205 kB | 147/378 kB | 147/424 kB | 37/53 kBProgress (4): 205 kB | 152/378 kB | 147/424 kB | 37/53 kBProgress (4): 205 kB | 156/378 kB | 147/424 kB | 37/53 kBProgress (4): 205 kB | 160/378 kB | 147/424 kB | 37/53 kBProgress (4): 205 kB | 164/378 kB | 147/424 kB | 37/53 kBProgress (4): 205 kB | 168/378 kB | 147/424 kB | 37/53 kBProgress (4): 205 kB | 172/378 kB | 147/424 kB | 37/53 kBProgress (4): 205 kB | 172/378 kB | 147/424 kB | 41/53 kBProgress (4): 205 kB | 172/378 kB | 147/424 kB | 45/53 kBProgress (4): 205 kB | 172/378 kB | 147/424 kB | 49/53 kBProgress (4): 205 kB | 172/378 kB | 147/424 kB | 53 kB                                                         Downloaded from central: https://repo.maven.apache.org/maven2/org/eclipse/sisu/org.eclipse.sisu.plexus/0.3.2/org.eclipse.sisu.plexus-0.3.2.jar (205 kB at 494 kB/s)
Progress (4): 172/378 kB | 147/424 kB | 53 kB | 4.1/4.3 kBProgress (4): 172/378 kB | 147/424 kB | 53 kB | 4.3 kB                                                          Downloading from central: https://repo.maven.apache.org/maven2/org/apache/maven/maven-model/3.3.9/maven-model-3.3.9.jar
Progress (4): 172/378 kB | 152/424 kB | 53 kB | 4.3 kBProgress (4): 172/378 kB | 156/424 kB | 53 kB | 4.3 kBProgress (4): 172/378 kB | 160/424 kB | 53 kB | 4.3 kBProgress (4): 172/378 kB | 164/424 kB | 53 kB | 4.3 kB                                                      Downloaded from central: https://repo.maven.apache.org/maven2/org/codehaus/plexus/plexus-classworlds/2.5.2/plexus-classworlds-2.5.2.jar (53 kB at 126 kB/s)
Downloading from central: https://repo.maven.apache.org/maven2/org/apache/maven/maven-plugin-api/3.3.9/maven-plugin-api-3.3.9.jar
Progress (3): 172/378 kB | 168/424 kB | 4.3 kBProgress (3): 172/378 kB | 172/424 kB | 4.3 kBProgress (3): 172/378 kB | 176/424 kB | 4.3 kBProgress (3): 172/378 kB | 180/424 kB | 4.3 kBProgress (3): 172/378 kB | 184/424 kB | 4.3 kBProgress (3): 172/378 kB | 188/424 kB | 4.3 kBProgress (3): 172/378 kB | 193/424 kB | 4.3 kBProgress (4): 172/378 kB | 193/424 kB | 4.3 kB | 4.1/164 kB                                                           Downloaded from central: https://repo.maven.apache.org/maven2/org/codehaus/plexus/plexus-component-annotations/1.6/plexus-component-annotations-1.6.jar (4.3 kB at 9.9 kB/s)
Downloading from central: https://repo.maven.apache.org/maven2/org/apache/maven/maven-settings/3.3.9/maven-settings-3.3.9.jar
Progress (3): 176/378 kB | 193/424 kB | 4.1/164 kBProgress (3): 180/378 kB | 193/424 kB | 4.1/164 kBProgress (3): 184/378 kB | 193/424 kB | 4.1/164 kBProgress (3): 188/378 kB | 193/424 kB | 4.1/164 kBProgress (3): 193/378 kB | 193/424 kB | 4.1/164 kBProgress (3): 197/378 kB | 193/424 kB | 4.1/164 kBProgress (4): 197/378 kB | 193/424 kB | 4.1/164 kB | 4.1/44 kBProgress (4): 197/378 kB | 193/424 kB | 4.1/164 kB | 8.2/44 kBProgress (4): 197/378 kB | 193/424 kB | 4.1/164 kB | 12/44 kB Progress (4): 197/378 kB | 193/424 kB | 4.1/164 kB | 16/44 kBProgress (4): 197/378 kB | 193/424 kB | 4.1/164 kB | 20/44 kBProgress (4): 197/378 kB | 193/424 kB | 4.1/164 kB | 25/44 kBProgress (4): 197/378 kB | 193/424 kB | 4.1/164 kB | 29/44 kBProgress (4): 197/378 kB | 193/424 kB | 4.1/164 kB | 33/44 kBProgress (5): 197/378 kB | 193/424 kB | 4.1/164 kB | 33/44 kB | 4.1/47 kBProgress (5): 197/378 kB | 193/424 kB | 4.1/164 kB | 33/44 kB | 8.2/47 kBProgress (5): 197/378 kB | 193/424 kB | 4.1/164 kB | 33/44 kB | 12/47 kB Progress (5): 197/378 kB | 193/424 kB | 4.1/164 kB | 33/44 kB | 16/47 kBProgress (5): 197/378 kB | 193/424 kB | 4.1/164 kB | 33/44 kB | 20/47 kBProgress (5): 197/378 kB | 193/424 kB | 4.1/164 kB | 33/44 kB | 25/47 kBProgress (5): 197/378 kB | 193/424 kB | 4.1/164 kB | 33/44 kB | 29/47 kBProgress (5): 197/378 kB | 193/424 kB | 4.1/164 kB | 33/44 kB | 33/47 kBProgress (5): 197/378 kB | 193/424 kB | 4.1/164 kB | 33/44 kB | 37/47 kBProgress (5): 197/378 kB | 197/424 kB | 4.1/164 kB | 33/44 kB | 37/47 kBProgress (5): 197/378 kB | 201/424 kB | 4.1/164 kB | 33/44 kB | 37/47 kBProgress (5): 201/378 kB | 201/424 kB | 4.1/164 kB | 33/44 kB | 37/47 kBProgress (5): 205/378 kB | 201/424 kB | 4.1/164 kB | 33/44 kB | 37/47 kBProgress (5): 209/378 kB | 201/424 kB | 4.1/164 kB | 33/44 kB | 37/47 kBProgress (5): 213/378 kB | 201/424 kB | 4.1/164 kB | 33/44 kB | 37/47 kBProgress (5): 217/378 kB | 201/424 kB | 4.1/164 kB | 33/44 kB | 37/47 kBProgress (5): 217/378 kB | 201/424 kB | 8.2/164 kB | 33/44 kB | 37/47 kBProgress (5): 217/378 kB | 201/424 kB | 12/164 kB | 33/44 kB | 37/47 kB Progress (5): 217/378 kB | 201/424 kB | 16/164 kB | 33/44 kB | 37/47 kBProgress (5): 217/378 kB | 201/424 kB | 20/164 kB | 33/44 kB | 37/47 kBProgress (5): 217/378 kB | 201/424 kB | 25/164 kB | 33/44 kB | 37/47 kBProgress (5): 217/378 kB | 201/424 kB | 29/164 kB | 33/44 kB | 37/47 kBProgress (5): 217/378 kB | 201/424 kB | 33/164 kB | 33/44 kB | 37/47 kBProgress (5): 217/378 kB | 201/424 kB | 37/164 kB | 33/44 kB | 37/47 kBProgress (5): 217/378 kB | 201/424 kB | 41/164 kB | 33/44 kB | 37/47 kBProgress (5): 217/378 kB | 201/424 kB | 45/164 kB | 33/44 kB | 37/47 kBProgress (5): 217/378 kB | 201/424 kB | 49/164 kB | 33/44 kB | 37/47 kBProgress (5): 217/378 kB | 201/424 kB | 53/164 kB | 33/44 kB | 37/47 kBProgress (5): 217/378 kB | 201/424 kB | 57/164 kB | 33/44 kB | 37/47 kBProgress (5): 217/378 kB | 201/424 kB | 61/164 kB | 33/44 kB | 37/47 kBProgress (5): 217/378 kB | 201/424 kB | 66/164 kB | 33/44 kB | 37/47 kBProgress (5): 217/378 kB | 201/424 kB | 70/164 kB | 33/44 kB | 37/47 kBProgress (5): 217/378 kB | 201/424 kB | 74/164 kB | 33/44 kB | 37/47 kBProgress (5): 217/378 kB | 201/424 kB | 78/164 kB | 33/44 kB | 37/47 kBProgress (5): 217/378 kB | 201/424 kB | 82/164 kB | 33/44 kB | 37/47 kBProgress (5): 217/378 kB | 201/424 kB | 86/164 kB | 33/44 kB | 37/47 kBProgress (5): 217/378 kB | 201/424 kB | 90/164 kB | 33/44 kB | 37/47 kBProgress (5): 217/378 kB | 201/424 kB | 94/164 kB | 33/44 kB | 37/47 kBProgress (5): 217/378 kB | 201/424 kB | 98/164 kB | 33/44 kB | 37/47 kBProgress (5): 221/378 kB | 201/424 kB | 98/164 kB | 33/44 kB | 37/47 kBProgress (5): 225/378 kB | 201/424 kB | 98/164 kB | 33/44 kB | 37/47 kBProgress (5): 229/378 kB | 201/424 kB | 98/164 kB | 33/44 kB | 37/47 kBProgress (5): 233/378 kB | 201/424 kB | 98/164 kB | 33/44 kB | 37/47 kBProgress (5): 238/378 kB | 201/424 kB | 98/164 kB | 33/44 kB | 37/47 kBProgress (5): 242/378 kB | 201/424 kB | 98/164 kB | 33/44 kB | 37/47 kBProgress (5): 246/378 kB | 201/424 kB | 98/164 kB | 33/44 kB | 37/47 kBProgress (5): 246/378 kB | 201/424 kB | 98/164 kB | 37/44 kB | 37/47 kBProgress (5): 246/378 kB | 201/424 kB | 98/164 kB | 41/44 kB | 37/47 kBProgress (5): 246/378 kB | 201/424 kB | 98/164 kB | 44 kB | 37/47 kB   Progress (5): 246/378 kB | 205/424 kB | 98/164 kB | 44 kB | 37/47 kBProgress (5): 246/378 kB | 209/424 kB | 98/164 kB | 44 kB | 37/47 kBProgress (5): 246/378 kB | 213/424 kB | 98/164 kB | 44 kB | 37/47 kBProgress (5): 246/378 kB | 217/424 kB | 98/164 kB | 44 kB | 37/47 kBProgress (5): 246/378 kB | 221/424 kB | 98/164 kB | 44 kB | 37/47 kBProgress (5): 246/378 kB | 225/424 kB | 98/164 kB | 44 kB | 37/47 kBProgress (5): 246/378 kB | 229/424 kB | 98/164 kB | 44 kB | 37/47 kBProgress (5): 246/378 kB | 233/424 kB | 98/164 kB | 44 kB | 37/47 kBProgress (5): 246/378 kB | 238/424 kB | 98/164 kB | 44 kB | 37/47 kBProgress (5): 246/378 kB | 238/424 kB | 98/164 kB | 44 kB | 41/47 kBProgress (5): 246/378 kB | 238/424 kB | 98/164 kB | 44 kB | 45/47 kBProgress (5): 246/378 kB | 238/424 kB | 98/164 kB | 44 kB | 47 kB                                                                    Downloaded from central: https://repo.maven.apache.org/maven2/org/apache/maven/maven-settings/3.3.9/maven-settings-3.3.9.jar (44 kB at 98 kB/s)
Downloading from central: https://repo.maven.apache.org/maven2/org/apache/maven/shared/maven-common-artifact-filters/3.0.1/maven-common-artifact-filters-3.0.1.jar
Progress (4): 250/378 kB | 238/424 kB | 98/164 kB | 47 kBProgress (4): 254/378 kB | 238/424 kB | 98/164 kB | 47 kBProgress (4): 258/378 kB | 238/424 kB | 98/164 kB | 47 kBProgress (4): 262/378 kB | 238/424 kB | 98/164 kB | 47 kBProgress (4): 266/378 kB | 238/424 kB | 98/164 kB | 47 kBProgress (4): 270/378 kB | 238/424 kB | 98/164 kB | 47 kBProgress (4): 274/378 kB | 238/424 kB | 98/164 kB | 47 kBProgress (4): 279/378 kB | 238/424 kB | 98/164 kB | 47 kBProgress (4): 279/378 kB | 242/424 kB | 98/164 kB | 47 kBProgress (4): 279/378 kB | 246/424 kB | 98/164 kB | 47 kBProgress (4): 279/378 kB | 250/424 kB | 98/164 kB | 47 kBProgress (4): 279/378 kB | 254/424 kB | 98/164 kB | 47 kBProgress (4): 279/378 kB | 258/424 kB | 98/164 kB | 47 kB                                                         Downloaded from central: https://repo.maven.apache.org/maven2/org/apache/maven/maven-plugin-api/3.3.9/maven-plugin-api-3.3.9.jar (47 kB at 104 kB/s)
Downloading from central: https://repo.maven.apache.org/maven2/org/apache/maven/plugins/maven-shade-plugin/3.2.1/maven-shade-plugin-3.2.1.jar
Progress (3): 283/378 kB | 258/424 kB | 98/164 kBProgress (3): 287/378 kB | 258/424 kB | 98/164 kBProgress (3): 291/378 kB | 258/424 kB | 98/164 kBProgress (3): 295/378 kB | 258/424 kB | 98/164 kBProgress (3): 299/378 kB | 258/424 kB | 98/164 kBProgress (3): 303/378 kB | 258/424 kB | 98/164 kBProgress (3): 307/378 kB | 258/424 kB | 98/164 kBProgress (3): 311/378 kB | 258/424 kB | 98/164 kBProgress (3): 311/378 kB | 258/424 kB | 102/164 kBProgress (3): 311/378 kB | 258/424 kB | 106/164 kBProgress (4): 311/378 kB | 258/424 kB | 106/164 kB | 4.1/61 kBProgress (4): 311/378 kB | 258/424 kB | 106/164 kB | 8.2/61 kBProgress (4): 311/378 kB | 258/424 kB | 106/164 kB | 12/61 kB Progress (4): 311/378 kB | 258/424 kB | 106/164 kB | 16/61 kBProgress (4): 311/378 kB | 258/424 kB | 106/164 kB | 20/61 kBProgress (4): 311/378 kB | 258/424 kB | 106/164 kB | 25/61 kBProgress (4): 311/378 kB | 258/424 kB | 106/164 kB | 29/61 kBProgress (4): 311/378 kB | 258/424 kB | 106/164 kB | 33/61 kBProgress (4): 311/378 kB | 258/424 kB | 106/164 kB | 37/61 kBProgress (4): 311/378 kB | 258/424 kB | 106/164 kB | 41/61 kBProgress (4): 311/378 kB | 258/424 kB | 106/164 kB | 45/61 kBProgress (5): 311/378 kB | 258/424 kB | 106/164 kB | 45/61 kB | 4.1/114 kBProgress (5): 311/378 kB | 258/424 kB | 106/164 kB | 45/61 kB | 8.2/114 kBProgress (5): 311/378 kB | 258/424 kB | 106/164 kB | 45/61 kB | 12/114 kB Progress (5): 311/378 kB | 258/424 kB | 106/164 kB | 45/61 kB | 16/114 kBProgress (5): 311/378 kB | 258/424 kB | 106/164 kB | 45/61 kB | 20/114 kBProgress (5): 311/378 kB | 262/424 kB | 106/164 kB | 45/61 kB | 20/114 kBProgress (5): 311/378 kB | 266/424 kB | 106/164 kB | 45/61 kB | 20/114 kBProgress (5): 311/378 kB | 270/424 kB | 106/164 kB | 45/61 kB | 20/114 kBProgress (5): 311/378 kB | 274/424 kB | 106/164 kB | 45/61 kB | 20/114 kBProgress (5): 311/378 kB | 279/424 kB | 106/164 kB | 45/61 kB | 20/114 kBProgress (5): 311/378 kB | 283/424 kB | 106/164 kB | 45/61 kB | 20/114 kBProgress (5): 311/378 kB | 287/424 kB | 106/164 kB | 45/61 kB | 20/114 kBProgress (5): 311/378 kB | 291/424 kB | 106/164 kB | 45/61 kB | 20/114 kBProgress (5): 311/378 kB | 295/424 kB | 106/164 kB | 45/61 kB | 20/114 kBProgress (5): 311/378 kB | 299/424 kB | 106/164 kB | 45/61 kB | 20/114 kBProgress (5): 311/378 kB | 303/424 kB | 106/164 kB | 45/61 kB | 20/114 kBProgress (5): 311/378 kB | 307/424 kB | 106/164 kB | 45/61 kB | 20/114 kBProgress (5): 315/378 kB | 307/424 kB | 106/164 kB | 45/61 kB | 20/114 kBProgress (5): 315/378 kB | 307/424 kB | 111/164 kB | 45/61 kB | 20/114 kBProgress (5): 315/378 kB | 307/424 kB | 115/164 kB | 45/61 kB | 20/114 kBProgress (5): 315/378 kB | 307/424 kB | 119/164 kB | 45/61 kB | 20/114 kBProgress (5): 315/378 kB | 307/424 kB | 123/164 kB | 45/61 kB | 20/114 kBProgress (5): 315/378 kB | 307/424 kB | 127/164 kB | 45/61 kB | 20/114 kBProgress (5): 315/378 kB | 307/424 kB | 131/164 kB | 45/61 kB | 20/114 kBProgress (5): 315/378 kB | 307/424 kB | 135/164 kB | 45/61 kB | 20/114 kBProgress (5): 315/378 kB | 307/424 kB | 139/164 kB | 45/61 kB | 20/114 kBProgress (5): 315/378 kB | 307/424 kB | 143/164 kB | 45/61 kB | 20/114 kBProgress (5): 315/378 kB | 307/424 kB | 147/164 kB | 45/61 kB | 20/114 kBProgress (5): 315/378 kB | 307/424 kB | 152/164 kB | 45/61 kB | 20/114 kBProgress (5): 315/378 kB | 307/424 kB | 156/164 kB | 45/61 kB | 20/114 kBProgress (5): 315/378 kB | 307/424 kB | 160/164 kB | 45/61 kB | 20/114 kBProgress (5): 315/378 kB | 307/424 kB | 164/164 kB | 45/61 kB | 20/114 kBProgress (5): 315/378 kB | 307/424 kB | 164 kB | 45/61 kB | 20/114 kB    Progress (5): 315/378 kB | 307/424 kB | 164 kB | 49/61 kB | 20/114 kBProgress (5): 315/378 kB | 307/424 kB | 164 kB | 53/61 kB | 20/114 kBProgress (5): 315/378 kB | 307/424 kB | 164 kB | 57/61 kB | 20/114 kBProgress (5): 315/378 kB | 307/424 kB | 164 kB | 61/61 kB | 20/114 kBProgress (5): 315/378 kB | 307/424 kB | 164 kB | 61 kB | 20/114 kB   Progress (5): 315/378 kB | 307/424 kB | 164 kB | 61 kB | 25/114 kBProgress (5): 315/378 kB | 307/424 kB | 164 kB | 61 kB | 29/114 kBProgress (5): 315/378 kB | 307/424 kB | 164 kB | 61 kB | 33/114 kBProgress (5): 315/378 kB | 307/424 kB | 164 kB | 61 kB | 37/114 kBProgress (5): 315/378 kB | 307/424 kB | 164 kB | 61 kB | 41/114 kBProgress (5): 315/378 kB | 307/424 kB | 164 kB | 61 kB | 45/114 kBProgress (5): 315/378 kB | 307/424 kB | 164 kB | 61 kB | 49/114 kBProgress (5): 315/378 kB | 307/424 kB | 164 kB | 61 kB | 53/114 kBProgress (5): 319/378 kB | 307/424 kB | 164 kB | 61 kB | 53/114 kBProgress (5): 324/378 kB | 307/424 kB | 164 kB | 61 kB | 53/114 kBProgress (5): 328/378 kB | 307/424 kB | 164 kB | 61 kB | 53/114 kBProgress (5): 332/378 kB | 307/424 kB | 164 kB | 61 kB | 53/114 kBProgress (5): 336/378 kB | 307/424 kB | 164 kB | 61 kB | 53/114 kBProgress (5): 340/378 kB | 307/424 kB | 164 kB | 61 kB | 53/114 kBProgress (5): 344/378 kB | 307/424 kB | 164 kB | 61 kB | 53/114 kBProgress (5): 348/378 kB | 307/424 kB | 164 kB | 61 kB | 53/114 kBProgress (5): 352/378 kB | 307/424 kB | 164 kB | 61 kB | 53/114 kBProgress (5): 356/378 kB | 307/424 kB | 164 kB | 61 kB | 53/114 kBProgress (5): 356/378 kB | 311/424 kB | 164 kB | 61 kB | 53/114 kBProgress (5): 356/378 kB | 315/424 kB | 164 kB | 61 kB | 53/114 kBProgress (5): 356/378 kB | 319/424 kB | 164 kB | 61 kB | 53/114 kBProgress (5): 356/378 kB | 324/424 kB | 164 kB | 61 kB | 53/114 kBProgress (5): 356/378 kB | 328/424 kB | 164 kB | 61 kB | 53/114 kBProgress (5): 356/378 kB | 332/424 kB | 164 kB | 61 kB | 53/114 kBProgress (5): 356/378 kB | 332/424 kB | 164 kB | 61 kB | 57/114 kBProgress (5): 356/378 kB | 332/424 kB | 164 kB | 61 kB | 61/114 kBProgress (5): 356/378 kB | 332/424 kB | 164 kB | 61 kB | 66/114 kB                                                                  Downloaded from central: https://repo.maven.apache.org/maven2/org/apache/maven/shared/maven-common-artifact-filters/3.0.1/maven-common-artifact-filters-3.0.1.jar (61 kB at 127 kB/s)
Downloading from central: https://repo.maven.apache.org/maven2/org/apache/maven/shared/maven-artifact-transfer/0.10.0/maven-artifact-transfer-0.10.0.jar
Progress (4): 356/378 kB | 332/424 kB | 164 kB | 70/114 kBProgress (4): 356/378 kB | 332/424 kB | 164 kB | 74/114 kBProgress (4): 356/378 kB | 332/424 kB | 164 kB | 78/114 kBProgress (4): 356/378 kB | 332/424 kB | 164 kB | 82/114 kBProgress (4): 356/378 kB | 332/424 kB | 164 kB | 86/114 kBProgress (4): 356/378 kB | 332/424 kB | 164 kB | 90/114 kBProgress (4): 356/378 kB | 332/424 kB | 164 kB | 94/114 kBProgress (4): 356/378 kB | 332/424 kB | 164 kB | 98/114 kBProgress (4): 356/378 kB | 332/424 kB | 164 kB | 102/114 kBProgress (4): 360/378 kB | 332/424 kB | 164 kB | 102/114 kBProgress (4): 365/378 kB | 332/424 kB | 164 kB | 102/114 kBProgress (4): 369/378 kB | 332/424 kB | 164 kB | 102/114 kBProgress (4): 373/378 kB | 332/424 kB | 164 kB | 102/114 kBProgress (4): 377/378 kB | 332/424 kB | 164 kB | 102/114 kBProgress (4): 378 kB | 332/424 kB | 164 kB | 102/114 kB    Progress (4): 378 kB | 336/424 kB | 164 kB | 102/114 kBProgress (4): 378 kB | 340/424 kB | 164 kB | 102/114 kBProgress (4): 378 kB | 344/424 kB | 164 kB | 102/114 kBProgress (4): 378 kB | 348/424 kB | 164 kB | 102/114 kBProgress (4): 378 kB | 352/424 kB | 164 kB | 102/114 kBProgress (4): 378 kB | 356/424 kB | 164 kB | 102/114 kBProgress (4): 378 kB | 360/424 kB | 164 kB | 102/114 kBProgress (4): 378 kB | 365/424 kB | 164 kB | 102/114 kBProgress (4): 378 kB | 369/424 kB | 164 kB | 102/114 kBProgress (5): 378 kB | 369/424 kB | 164 kB | 102/114 kB | 4.1/128 kBProgress (5): 378 kB | 369/424 kB | 164 kB | 102/114 kB | 8.2/128 kBProgress (5): 378 kB | 369/424 kB | 164 kB | 102/114 kB | 12/128 kB Progress (5): 378 kB | 369/424 kB | 164 kB | 102/114 kB | 16/128 kBProgress (5): 378 kB | 369/424 kB | 164 kB | 102/114 kB | 20/128 kB                                                                   Downloaded from central: https://repo.maven.apache.org/maven2/org/apache/maven/maven-model/3.3.9/maven-model-3.3.9.jar (164 kB at 331 kB/s)
Downloading from central: https://repo.maven.apache.org/maven2/org/ow2/asm/asm/7.0/asm-7.0.jar
Progress (4): 378 kB | 369/424 kB | 106/114 kB | 20/128 kBProgress (4): 378 kB | 369/424 kB | 111/114 kB | 20/128 kBProgress (4): 378 kB | 369/424 kB | 114 kB | 20/128 kB    Progress (4): 378 kB | 369/424 kB | 114 kB | 25/128 kBProgress (4): 378 kB | 369/424 kB | 114 kB | 29/128 kBProgress (4): 378 kB | 369/424 kB | 114 kB | 33/128 kBProgress (5): 378 kB | 369/424 kB | 114 kB | 33/128 kB | 4.1/114 kBProgress (5): 378 kB | 369/424 kB | 114 kB | 33/128 kB | 8.2/114 kBProgress (5): 378 kB | 369/424 kB | 114 kB | 33/128 kB | 12/114 kB Progress (5): 378 kB | 369/424 kB | 114 kB | 33/128 kB | 16/114 kBProgress (5): 378 kB | 369/424 kB | 114 kB | 33/128 kB | 20/114 kBProgress (5): 378 kB | 369/424 kB | 114 kB | 33/128 kB | 25/114 kBProgress (5): 378 kB | 369/424 kB | 114 kB | 33/128 kB | 29/114 kBProgress (5): 378 kB | 373/424 kB | 114 kB | 33/128 kB | 29/114 kBProgress (5): 378 kB | 377/424 kB | 114 kB | 33/128 kB | 29/114 kBProgress (5): 378 kB | 381/424 kB | 114 kB | 33/128 kB | 29/114 kBProgress (5): 378 kB | 385/424 kB | 114 kB | 33/128 kB | 29/114 kB                                                                  Downloaded from central: https://repo.maven.apache.org/maven2/org/eclipse/sisu/org.eclipse.sisu.inject/0.3.2/org.eclipse.sisu.inject-0.3.2.jar (378 kB at 748 kB/s)
Downloading from central: https://repo.maven.apache.org/maven2/org/ow2/asm/asm-commons/7.0/asm-commons-7.0.jar
Progress (4): 385/424 kB | 114 kB | 37/128 kB | 29/114 kBProgress (4): 385/424 kB | 114 kB | 41/128 kB | 29/114 kBProgress (4): 385/424 kB | 114 kB | 45/128 kB | 29/114 kBProgress (4): 385/424 kB | 114 kB | 49/128 kB | 29/114 kBProgress (4): 385/424 kB | 114 kB | 53/128 kB | 29/114 kBProgress (4): 385/424 kB | 114 kB | 57/128 kB | 29/114 kBProgress (4): 385/424 kB | 114 kB | 61/128 kB | 29/114 kB                                                         Downloaded from central: https://repo.maven.apache.org/maven2/org/apache/maven/plugins/maven-shade-plugin/3.2.1/maven-shade-plugin-3.2.1.jar (114 kB at 225 kB/s)
Downloading from central: https://repo.maven.apache.org/maven2/org/ow2/asm/asm-tree/7.0/asm-tree-7.0.jar
Progress (3): 385/424 kB | 61/128 kB | 33/114 kBProgress (3): 385/424 kB | 61/128 kB | 37/114 kBProgress (3): 385/424 kB | 61/128 kB | 41/114 kBProgress (3): 385/424 kB | 61/128 kB | 45/114 kBProgress (3): 385/424 kB | 61/128 kB | 49/114 kBProgress (3): 385/424 kB | 61/128 kB | 53/114 kBProgress (3): 389/424 kB | 61/128 kB | 53/114 kBProgress (3): 393/424 kB | 61/128 kB | 53/114 kBProgress (3): 397/424 kB | 61/128 kB | 53/114 kBProgress (3): 401/424 kB | 61/128 kB | 53/114 kBProgress (3): 406/424 kB | 61/128 kB | 53/114 kBProgress (3): 410/424 kB | 61/128 kB | 53/114 kBProgress (3): 414/424 kB | 61/128 kB | 53/114 kBProgress (3): 418/424 kB | 61/128 kB | 53/114 kBProgress (3): 422/424 kB | 61/128 kB | 53/114 kBProgress (3): 424 kB | 61/128 kB | 53/114 kB    Progress (4): 424 kB | 61/128 kB | 53/114 kB | 4.1/50 kBProgress (4): 424 kB | 61/128 kB | 53/114 kB | 8.2/50 kBProgress (4): 424 kB | 61/128 kB | 53/114 kB | 12/50 kB Progress (4): 424 kB | 61/128 kB | 53/114 kB | 16/50 kBProgress (4): 424 kB | 66/128 kB | 53/114 kB | 16/50 kBProgress (4): 424 kB | 70/128 kB | 53/114 kB | 16/50 kBProgress (4): 424 kB | 73/128 kB | 53/114 kB | 16/50 kBProgress (4): 424 kB | 77/128 kB | 53/114 kB | 16/50 kBProgress (4): 424 kB | 81/128 kB | 53/114 kB | 16/50 kBProgress (4): 424 kB | 85/128 kB | 53/114 kB | 16/50 kBProgress (4): 424 kB | 89/128 kB | 53/114 kB | 16/50 kBProgress (4): 424 kB | 93/128 kB | 53/114 kB | 16/50 kBProgress (4): 424 kB | 93/128 kB | 57/114 kB | 16/50 kBProgress (5): 424 kB | 93/128 kB | 57/114 kB | 16/50 kB | 4.1/80 kBProgress (5): 424 kB | 93/128 kB | 57/114 kB | 16/50 kB | 8.2/80 kBProgress (5): 424 kB | 93/128 kB | 57/114 kB | 16/50 kB | 12/80 kB Progress (5): 424 kB | 93/128 kB | 57/114 kB | 16/50 kB | 16/80 kBProgress (5): 424 kB | 93/128 kB | 57/114 kB | 16/50 kB | 20/80 kBProgress (5): 424 kB | 93/128 kB | 57/114 kB | 16/50 kB | 25/80 kBProgress (5): 424 kB | 93/128 kB | 57/114 kB | 16/50 kB | 29/80 kBProgress (5): 424 kB | 93/128 kB | 57/114 kB | 16/50 kB | 33/80 kBProgress (5): 424 kB | 93/128 kB | 57/114 kB | 16/50 kB | 37/80 kBProgress (5): 424 kB | 93/128 kB | 57/114 kB | 16/50 kB | 41/80 kBProgress (5): 424 kB | 93/128 kB | 57/114 kB | 16/50 kB | 45/80 kBProgress (5): 424 kB | 93/128 kB | 57/114 kB | 16/50 kB | 49/80 kBProgress (5): 424 kB | 93/128 kB | 57/114 kB | 16/50 kB | 53/80 kBProgress (5): 424 kB | 93/128 kB | 57/114 kB | 20/50 kB | 53/80 kBProgress (5): 424 kB | 93/128 kB | 57/114 kB | 25/50 kB | 53/80 kBProgress (5): 424 kB | 93/128 kB | 57/114 kB | 29/50 kB | 53/80 kBProgress (5): 424 kB | 93/128 kB | 57/114 kB | 33/50 kB | 53/80 kBProgress (5): 424 kB | 93/128 kB | 57/114 kB | 37/50 kB | 53/80 kBProgress (5): 424 kB | 93/128 kB | 57/114 kB | 41/50 kB | 53/80 kBProgress (5): 424 kB | 93/128 kB | 57/114 kB | 45/50 kB | 53/80 kBProgress (5): 424 kB | 93/128 kB | 57/114 kB | 49/50 kB | 53/80 kBProgress (5): 424 kB | 93/128 kB | 57/114 kB | 50 kB | 53/80 kB                                                                  Downloaded from central: https://repo.maven.apache.org/maven2/com/google/inject/guice/4.0/guice-4.0-no_aop.jar (424 kB at 801 kB/s)
Progress (4): 97/128 kB | 57/114 kB | 50 kB | 53/80 kBProgress (4): 97/128 kB | 61/114 kB | 50 kB | 53/80 kBProgress (4): 97/128 kB | 66/114 kB | 50 kB | 53/80 kBProgress (4): 97/128 kB | 70/114 kB | 50 kB | 53/80 kBProgress (4): 97/128 kB | 74/114 kB | 50 kB | 53/80 kBProgress (4): 97/128 kB | 78/114 kB | 50 kB | 53/80 kBProgress (4): 97/128 kB | 82/114 kB | 50 kB | 53/80 kBProgress (4): 97/128 kB | 86/114 kB | 50 kB | 53/80 kBProgress (4): 97/128 kB | 90/114 kB | 50 kB | 53/80 kBProgress (4): 97/128 kB | 94/114 kB | 50 kB | 53/80 kBProgress (4): 97/128 kB | 98/114 kB | 50 kB | 53/80 kBProgress (4): 97/128 kB | 102/114 kB | 50 kB | 53/80 kBProgress (4): 97/128 kB | 106/114 kB | 50 kB | 53/80 kBProgress (4): 97/128 kB | 111/114 kB | 50 kB | 53/80 kBProgress (4): 97/128 kB | 111/114 kB | 50 kB | 57/80 kBProgress (4): 97/128 kB | 111/114 kB | 50 kB | 61/80 kBProgress (4): 97/128 kB | 111/114 kB | 50 kB | 66/80 kBProgress (4): 97/128 kB | 111/114 kB | 50 kB | 70/80 kBProgress (4): 97/128 kB | 111/114 kB | 50 kB | 74/80 kBProgress (4): 97/128 kB | 111/114 kB | 50 kB | 78/80 kBProgress (4): 97/128 kB | 111/114 kB | 50 kB | 80 kB   Progress (4): 97/128 kB | 114 kB | 50 kB | 80 kB                                                    Downloaded from central: https://repo.maven.apache.org/maven2/org/ow2/asm/asm-tree/7.0/asm-tree-7.0.jar (50 kB at 94 kB/s)
Downloading from central: https://repo.maven.apache.org/maven2/org/ow2/asm/asm-analysis/7.0/asm-analysis-7.0.jar
Progress (3): 101/128 kB | 114 kB | 80 kBProgress (3): 105/128 kB | 114 kB | 80 kBProgress (3): 109/128 kB | 114 kB | 80 kBProgress (3): 114/128 kB | 114 kB | 80 kBProgress (3): 118/128 kB | 114 kB | 80 kBProgress (3): 122/128 kB | 114 kB | 80 kBProgress (3): 126/128 kB | 114 kB | 80 kBProgress (3): 128 kB | 114 kB | 80 kB                                         Downloading from central: https://repo.maven.apache.org/maven2/org/jdom/jdom2/2.0.6/jdom2-2.0.6.jar
Progress (4): 128 kB | 114 kB | 80 kB | 4.1/33 kBProgress (4): 128 kB | 114 kB | 80 kB | 8.2/33 kBProgress (4): 128 kB | 114 kB | 80 kB | 12/33 kB Progress (4): 128 kB | 114 kB | 80 kB | 16/33 kBProgress (4): 128 kB | 114 kB | 80 kB | 20/33 kBProgress (4): 128 kB | 114 kB | 80 kB | 25/33 kBProgress (4): 128 kB | 114 kB | 80 kB | 29/33 kBProgress (4): 128 kB | 114 kB | 80 kB | 33/33 kBProgress (4): 128 kB | 114 kB | 80 kB | 33 kB                                                Downloaded from central: https://repo.maven.apache.org/maven2/org/apache/maven/shared/maven-artifact-transfer/0.10.0/maven-artifact-transfer-0.10.0.jar (128 kB at 234 kB/s)
Downloading from central: https://repo.maven.apache.org/maven2/org/apache/maven/shared/maven-dependency-tree/3.0.1/maven-dependency-tree-3.0.1.jar
Downloaded from central: https://repo.maven.apache.org/maven2/org/ow2/asm/asm-commons/7.0/asm-commons-7.0.jar (80 kB at 146 kB/s)
Downloading from central: https://repo.maven.apache.org/maven2/org/vafer/jdependency/2.1.1/jdependency-2.1.1.jar
Downloaded from central: https://repo.maven.apache.org/maven2/org/ow2/asm/asm/7.0/asm-7.0.jar (114 kB at 207 kB/s)
Downloading from central: https://repo.maven.apache.org/maven2/org/ow2/asm/asm-util/7.0-beta/asm-util-7.0-beta.jar
Progress (2): 33 kB | 4.1/37 kBProgress (2): 33 kB | 8.2/37 kBProgress (2): 33 kB | 12/37 kB Progress (2): 33 kB | 16/37 kBProgress (2): 33 kB | 20/37 kBProgress (2): 33 kB | 25/37 kBProgress (2): 33 kB | 29/37 kB                              Downloaded from central: https://repo.maven.apache.org/maven2/org/ow2/asm/asm-analysis/7.0/asm-analysis-7.0.jar (33 kB at 60 kB/s)
Progress (2): 29/37 kB | 4.1/81 kBProgress (2): 29/37 kB | 8.2/81 kBProgress (2): 29/37 kB | 12/81 kB Progress (2): 29/37 kB | 16/81 kBProgress (3): 29/37 kB | 16/81 kB | 4.1/305 kBProgress (3): 29/37 kB | 16/81 kB | 8.2/305 kBProgress (3): 29/37 kB | 16/81 kB | 12/305 kB Progress (3): 29/37 kB | 16/81 kB | 16/305 kBProgress (3): 29/37 kB | 16/81 kB | 20/305 kBProgress (3): 29/37 kB | 16/81 kB | 25/305 kBProgress (3): 29/37 kB | 16/81 kB | 29/305 kBProgress (3): 29/37 kB | 16/81 kB | 33/305 kBProgress (3): 29/37 kB | 16/81 kB | 37/305 kBProgress (3): 29/37 kB | 16/81 kB | 41/305 kBProgress (4): 29/37 kB | 16/81 kB | 41/305 kB | 4.1/186 kBProgress (4): 29/37 kB | 16/81 kB | 41/305 kB | 8.2/186 kBProgress (4): 29/37 kB | 16/81 kB | 41/305 kB | 12/186 kB Progress (4): 29/37 kB | 16/81 kB | 41/305 kB | 16/186 kBProgress (4): 29/37 kB | 16/81 kB | 41/305 kB | 20/186 kBProgress (4): 29/37 kB | 16/81 kB | 41/305 kB | 25/186 kBProgress (4): 29/37 kB | 16/81 kB | 41/305 kB | 29/186 kBProgress (4): 29/37 kB | 16/81 kB | 41/305 kB | 33/186 kBProgress (4): 29/37 kB | 16/81 kB | 41/305 kB | 37/186 kBProgress (4): 29/37 kB | 16/81 kB | 41/305 kB | 41/186 kBProgress (4): 33/37 kB | 16/81 kB | 41/305 kB | 41/186 kBProgress (4): 33/37 kB | 20/81 kB | 41/305 kB | 41/186 kBProgress (4): 33/37 kB | 25/81 kB | 41/305 kB | 41/186 kBProgress (4): 33/37 kB | 29/81 kB | 41/305 kB | 41/186 kBProgress (4): 33/37 kB | 33/81 kB | 41/305 kB | 41/186 kBProgress (4): 33/37 kB | 37/81 kB | 41/305 kB | 41/186 kB                                                         Downloading from central: https://repo.maven.apache.org/maven2/com/google/guava/guava/19.0/guava-19.0.jar
Progress (4): 37 kB | 37/81 kB | 41/305 kB | 41/186 kBProgress (4): 37 kB | 37/81 kB | 45/305 kB | 41/186 kBProgress (4): 37 kB | 37/81 kB | 49/305 kB | 41/186 kBProgress (4): 37 kB | 37/81 kB | 53/305 kB | 41/186 kBProgress (4): 37 kB | 37/81 kB | 57/305 kB | 41/186 kBProgress (4): 37 kB | 37/81 kB | 61/305 kB | 41/186 kBProgress (4): 37 kB | 37/81 kB | 66/305 kB | 41/186 kBProgress (4): 37 kB | 37/81 kB | 70/305 kB | 41/186 kBProgress (4): 37 kB | 41/81 kB | 70/305 kB | 41/186 kBProgress (4): 37 kB | 45/81 kB | 70/305 kB | 41/186 kBProgress (4): 37 kB | 49/81 kB | 70/305 kB | 41/186 kBProgress (4): 37 kB | 53/81 kB | 70/305 kB | 41/186 kBProgress (4): 37 kB | 57/81 kB | 70/305 kB | 41/186 kBProgress (4): 37 kB | 61/81 kB | 70/305 kB | 41/186 kBProgress (4): 37 kB | 66/81 kB | 70/305 kB | 41/186 kB                                                      Downloaded from central: https://repo.maven.apache.org/maven2/org/apache/maven/shared/maven-dependency-tree/3.0.1/maven-dependency-tree-3.0.1.jar (37 kB at 64 kB/s)
Progress (3): 66/81 kB | 70/305 kB | 45/186 kBProgress (3): 66/81 kB | 70/305 kB | 49/186 kBProgress (3): 66/81 kB | 70/305 kB | 53/186 kBProgress (3): 66/81 kB | 70/305 kB | 57/186 kBProgress (3): 66/81 kB | 70/305 kB | 61/186 kBProgress (3): 66/81 kB | 70/305 kB | 66/186 kBProgress (3): 66/81 kB | 70/305 kB | 70/186 kBProgress (3): 66/81 kB | 70/305 kB | 74/186 kBProgress (3): 66/81 kB | 70/305 kB | 78/186 kBProgress (3): 66/81 kB | 74/305 kB | 78/186 kBProgress (3): 66/81 kB | 78/305 kB | 78/186 kBProgress (3): 66/81 kB | 82/305 kB | 78/186 kBProgress (3): 66/81 kB | 86/305 kB | 78/186 kBProgress (3): 66/81 kB | 90/305 kB | 78/186 kBProgress (3): 70/81 kB | 90/305 kB | 78/186 kBProgress (4): 70/81 kB | 90/305 kB | 78/186 kB | 0/2.3 MBProgress (4): 70/81 kB | 90/305 kB | 78/186 kB | 0/2.3 MBProgress (4): 70/81 kB | 90/305 kB | 78/186 kB | 0/2.3 MBProgress (4): 70/81 kB | 90/305 kB | 78/186 kB | 0.1/2.3 MBProgress (4): 70/81 kB | 90/305 kB | 82/186 kB | 0.1/2.3 MBProgress (4): 70/81 kB | 94/305 kB | 82/186 kB | 0.1/2.3 MBProgress (4): 70/81 kB | 98/305 kB | 82/186 kB | 0.1/2.3 MBProgress (4): 74/81 kB | 98/305 kB | 82/186 kB | 0.1/2.3 MBProgress (4): 78/81 kB | 98/305 kB | 82/186 kB | 0.1/2.3 MBProgress (4): 81 kB | 98/305 kB | 82/186 kB | 0.1/2.3 MB   Progress (4): 81 kB | 98/305 kB | 82/186 kB | 0.1/2.3 MBProgress (4): 81 kB | 98/305 kB | 86/186 kB | 0.1/2.3 MBProgress (4): 81 kB | 102/305 kB | 86/186 kB | 0.1/2.3 MBProgress (4): 81 kB | 106/305 kB | 86/186 kB | 0.1/2.3 MBProgress (4): 81 kB | 111/305 kB | 86/186 kB | 0.1/2.3 MBProgress (4): 81 kB | 115/305 kB | 86/186 kB | 0.1/2.3 MBProgress (4): 81 kB | 119/305 kB | 86/186 kB | 0.1/2.3 MBProgress (4): 81 kB | 123/305 kB | 86/186 kB | 0.1/2.3 MBProgress (4): 81 kB | 123/305 kB | 90/186 kB | 0.1/2.3 MBProgress (4): 81 kB | 123/305 kB | 94/186 kB | 0.1/2.3 MBProgress (4): 81 kB | 123/305 kB | 98/186 kB | 0.1/2.3 MBProgress (4): 81 kB | 123/305 kB | 102/186 kB | 0.1/2.3 MBProgress (4): 81 kB | 123/305 kB | 106/186 kB | 0.1/2.3 MBProgress (4): 81 kB | 123/305 kB | 111/186 kB | 0.1/2.3 MBProgress (4): 81 kB | 123/305 kB | 115/186 kB | 0.1/2.3 MBProgress (4): 81 kB | 123/305 kB | 119/186 kB | 0.1/2.3 MBProgress (4): 81 kB | 123/305 kB | 119/186 kB | 0.1/2.3 MBProgress (4): 81 kB | 123/305 kB | 119/186 kB | 0.1/2.3 MB                                                          Downloaded from central: https://repo.maven.apache.org/maven2/org/ow2/asm/asm-util/7.0-beta/asm-util-7.0-beta.jar (81 kB at 136 kB/s)
Progress (3): 127/305 kB | 119/186 kB | 0.1/2.3 MBProgress (3): 131/305 kB | 119/186 kB | 0.1/2.3 MBProgress (3): 135/305 kB | 119/186 kB | 0.1/2.3 MBProgress (3): 139/305 kB | 119/186 kB | 0.1/2.3 MBProgress (3): 143/305 kB | 119/186 kB | 0.1/2.3 MBProgress (3): 147/305 kB | 119/186 kB | 0.1/2.3 MBProgress (3): 152/305 kB | 119/186 kB | 0.1/2.3 MBProgress (3): 156/305 kB | 119/186 kB | 0.1/2.3 MBProgress (3): 160/305 kB | 119/186 kB | 0.1/2.3 MBProgress (3): 160/305 kB | 123/186 kB | 0.1/2.3 MBProgress (3): 160/305 kB | 127/186 kB | 0.1/2.3 MBProgress (3): 160/305 kB | 131/186 kB | 0.1/2.3 MBProgress (3): 160/305 kB | 135/186 kB | 0.1/2.3 MBProgress (3): 160/305 kB | 139/186 kB | 0.1/2.3 MBProgress (3): 160/305 kB | 143/186 kB | 0.1/2.3 MBProgress (3): 160/305 kB | 147/186 kB | 0.1/2.3 MBProgress (3): 160/305 kB | 152/186 kB | 0.1/2.3 MBProgress (3): 160/305 kB | 152/186 kB | 0.1/2.3 MBProgress (3): 160/305 kB | 152/186 kB | 0.1/2.3 MBProgress (3): 160/305 kB | 152/186 kB | 0.2/2.3 MBProgress (3): 160/305 kB | 152/186 kB | 0.2/2.3 MBProgress (3): 164/305 kB | 152/186 kB | 0.2/2.3 MBProgress (3): 168/305 kB | 152/186 kB | 0.2/2.3 MBProgress (3): 172/305 kB | 152/186 kB | 0.2/2.3 MBProgress (3): 176/305 kB | 152/186 kB | 0.2/2.3 MBProgress (3): 180/305 kB | 152/186 kB | 0.2/2.3 MBProgress (3): 184/305 kB | 152/186 kB | 0.2/2.3 MBProgress (3): 188/305 kB | 152/186 kB | 0.2/2.3 MBProgress (3): 188/305 kB | 156/186 kB | 0.2/2.3 MBProgress (3): 188/305 kB | 160/186 kB | 0.2/2.3 MBProgress (3): 188/305 kB | 164/186 kB | 0.2/2.3 MBProgress (3): 188/305 kB | 168/186 kB | 0.2/2.3 MBProgress (3): 188/305 kB | 172/186 kB | 0.2/2.3 MBProgress (3): 188/305 kB | 176/186 kB | 0.2/2.3 MBProgress (3): 188/305 kB | 180/186 kB | 0.2/2.3 MBProgress (3): 188/305 kB | 184/186 kB | 0.2/2.3 MBProgress (3): 188/305 kB | 186 kB | 0.2/2.3 MB    Progress (3): 188/305 kB | 186 kB | 0.2/2.3 MBProgress (3): 188/305 kB | 186 kB | 0.2/2.3 MBProgress (3): 193/305 kB | 186 kB | 0.2/2.3 MBProgress (3): 197/305 kB | 186 kB | 0.2/2.3 MBProgress (3): 201/305 kB | 186 kB | 0.2/2.3 MBProgress (3): 205/305 kB | 186 kB | 0.2/2.3 MBProgress (3): 209/305 kB | 186 kB | 0.2/2.3 MBProgress (3): 213/305 kB | 186 kB | 0.2/2.3 MBProgress (3): 217/305 kB | 186 kB | 0.2/2.3 MB                                              Downloaded from central: https://repo.maven.apache.org/maven2/org/vafer/jdependency/2.1.1/jdependency-2.1.1.jar (186 kB at 302 kB/s)
Progress (2): 221/305 kB | 0.2/2.3 MBProgress (2): 225/305 kB | 0.2/2.3 MBProgress (2): 229/305 kB | 0.2/2.3 MBProgress (2): 233/305 kB | 0.2/2.3 MBProgress (2): 233/305 kB | 0.2/2.3 MBProgress (2): 233/305 kB | 0.2/2.3 MBProgress (2): 233/305 kB | 0.3/2.3 MBProgress (2): 233/305 kB | 0.3/2.3 MBProgress (2): 238/305 kB | 0.3/2.3 MBProgress (2): 242/305 kB | 0.3/2.3 MBProgress (2): 246/305 kB | 0.3/2.3 MBProgress (2): 250/305 kB | 0.3/2.3 MBProgress (2): 254/305 kB | 0.3/2.3 MBProgress (2): 258/305 kB | 0.3/2.3 MBProgress (2): 262/305 kB | 0.3/2.3 MBProgress (2): 266/305 kB | 0.3/2.3 MBProgress (2): 270/305 kB | 0.3/2.3 MBProgress (2): 274/305 kB | 0.3/2.3 MBProgress (2): 279/305 kB | 0.3/2.3 MBProgress (2): 283/305 kB | 0.3/2.3 MBProgress (2): 287/305 kB | 0.3/2.3 MBProgress (2): 291/305 kB | 0.3/2.3 MBProgress (2): 295/305 kB | 0.3/2.3 MBProgress (2): 299/305 kB | 0.3/2.3 MBProgress (2): 303/305 kB | 0.3/2.3 MBProgress (2): 305 kB | 0.3/2.3 MB    Progress (2): 305 kB | 0.3/2.3 MBProgress (2): 305 kB | 0.3/2.3 MBProgress (2): 305 kB | 0.3/2.3 MBProgress (2): 305 kB | 0.3/2.3 MBProgress (2): 305 kB | 0.4/2.3 MB                                 Downloaded from central: https://repo.maven.apache.org/maven2/org/jdom/jdom2/2.0.6/jdom2-2.0.6.jar (305 kB at 482 kB/s)
Progress (1): 0.4/2.3 MBProgress (1): 0.4/2.3 MBProgress (1): 0.4/2.3 MBProgress (1): 0.4/2.3 MBProgress (1): 0.4/2.3 MBProgress (1): 0.5/2.3 MBProgress (1): 0.5/2.3 MBProgress (1): 0.5/2.3 MBProgress (1): 0.5/2.3 MBProgress (1): 0.5/2.3 MBProgress (1): 0.5/2.3 MBProgress (1): 0.6/2.3 MBProgress (1): 0.6/2.3 MBProgress (1): 0.6/2.3 MBProgress (1): 0.6/2.3 MBProgress (1): 0.6/2.3 MBProgress (1): 0.6/2.3 MBProgress (1): 0.7/2.3 MBProgress (1): 0.7/2.3 MBProgress (1): 0.7/2.3 MBProgress (1): 0.7/2.3 MBProgress (1): 0.7/2.3 MBProgress (1): 0.7/2.3 MBProgress (1): 0.8/2.3 MBProgress (1): 0.8/2.3 MBProgress (1): 0.8/2.3 MBProgress (1): 0.8/2.3 MBProgress (1): 0.8/2.3 MBProgress (1): 0.8/2.3 MBProgress (1): 0.8/2.3 MBProgress (1): 0.9/2.3 MBProgress (1): 0.9/2.3 MBProgress (1): 0.9/2.3 MBProgress (1): 0.9/2.3 MBProgress (1): 0.9/2.3 MBProgress (1): 0.9/2.3 MBProgress (1): 1.0/2.3 MBProgress (1): 1.0/2.3 MBProgress (1): 1.0/2.3 MBProgress (1): 1.0/2.3 MBProgress (1): 1.0/2.3 MBProgress (1): 1.0/2.3 MBProgress (1): 1.1/2.3 MBProgress (1): 1.1/2.3 MBProgress (1): 1.1/2.3 MBProgress (1): 1.1/2.3 MBProgress (1): 1.1/2.3 MBProgress (1): 1.1/2.3 MBProgress (1): 1.2/2.3 MBProgress (1): 1.2/2.3 MBProgress (1): 1.2/2.3 MBProgress (1): 1.2/2.3 MBProgress (1): 1.2/2.3 MBProgress (1): 1.2/2.3 MBProgress (1): 1.3/2.3 MBProgress (1): 1.3/2.3 MBProgress (1): 1.3/2.3 MBProgress (1): 1.3/2.3 MBProgress (1): 1.3/2.3 MBProgress (1): 1.3/2.3 MBProgress (1): 1.4/2.3 MBProgress (1): 1.4/2.3 MBProgress (1): 1.4/2.3 MBProgress (1): 1.4/2.3 MBProgress (1): 1.4/2.3 MBProgress (1): 1.4/2.3 MBProgress (1): 1.5/2.3 MBProgress (1): 1.5/2.3 MBProgress (1): 1.5/2.3 MBProgress (1): 1.5/2.3 MBProgress (1): 1.5/2.3 MBProgress (1): 1.5/2.3 MBProgress (1): 1.5/2.3 MBProgress (1): 1.6/2.3 MBProgress (1): 1.6/2.3 MBProgress (1): 1.6/2.3 MBProgress (1): 1.6/2.3 MBProgress (1): 1.6/2.3 MBProgress (1): 1.6/2.3 MBProgress (1): 1.7/2.3 MBProgress (1): 1.7/2.3 MBProgress (1): 1.7/2.3 MBProgress (1): 1.7/2.3 MBProgress (1): 1.7/2.3 MBProgress (1): 1.7/2.3 MBProgress (1): 1.8/2.3 MBProgress (1): 1.8/2.3 MBProgress (1): 1.8/2.3 MBProgress (1): 1.8/2.3 MBProgress (1): 1.8/2.3 MBProgress (1): 1.8/2.3 MBProgress (1): 1.9/2.3 MBProgress (1): 1.9/2.3 MBProgress (1): 1.9/2.3 MBProgress (1): 1.9/2.3 MBProgress (1): 1.9/2.3 MBProgress (1): 1.9/2.3 MBProgress (1): 2.0/2.3 MBProgress (1): 2.0/2.3 MBProgress (1): 2.0/2.3 MBProgress (1): 2.0/2.3 MBProgress (1): 2.0/2.3 MBProgress (1): 2.0/2.3 MBProgress (1): 2.1/2.3 MBProgress (1): 2.1/2.3 MBProgress (1): 2.1/2.3 MBProgress (1): 2.1/2.3 MBProgress (1): 2.1/2.3 MBProgress (1): 2.1/2.3 MBProgress (1): 2.2/2.3 MBProgress (1): 2.2/2.3 MBProgress (1): 2.2/2.3 MBProgress (1): 2.2/2.3 MBProgress (1): 2.2/2.3 MBProgress (1): 2.2/2.3 MBProgress (1): 2.3/2.3 MBProgress (1): 2.3/2.3 MBProgress (1): 2.3/2.3 MBProgress (1): 2.3/2.3 MBProgress (1): 2.3 MB                        Downloaded from central: https://repo.maven.apache.org/maven2/com/google/guava/guava/19.0/guava-19.0.jar (2.3 MB at 2.9 MB/s)
[INFO] Replacing main artifact with repackaged archive
[INFO] ------------------------------------------------------------------------
[INFO] BUILD SUCCESS
[INFO] ------------------------------------------------------------------------
[INFO] Total time:  30.347 s
[INFO] Finished at: 2022-01-19T11:40:40Z
[INFO] ------------------------------------------------------------------------
Finished: SUCCESS
